2024-07-01 14:38:36,868 - INFO - Now analyzing field ID CA_74902
2024-07-01 14:38:51,806 - INFO - Successful
2024-07-01 14:38:51,806 - INFO - 543 fields remaining
2024-07-01 14:38:51,806 - INFO - Now analyzing field ID CA_74707
2024-07-01 14:39:10,519 - INFO - Successful
2024-07-01 14:39:10,519 - INFO - 542 fields remaining
2024-07-01 14:39:10,519 - INFO - Now analyzing field ID CA_18496
2024-07-01 14:39:27,371 - INFO - Successful
2024-07-01 14:39:27,371 - INFO - 541 fields remaining
2024-07-01 14:39:27,372 - INFO - Now analyzing field ID CA_21795
2024-07-01 14:39:46,074 - INFO - Successful
2024-07-01 14:39:46,074 - INFO - 540 fields remaining
2024-07-01 14:39:46,075 - INFO - Now analyzing field ID CA_21636
2024-07-01 14:40:05,634 - INFO - Successful
2024-07-01 14:40:05,634 - INFO - 539 fields remaining
2024-07-01 14:40:05,634 - INFO - Now analyzing field ID CA_20111
2024-07-01 14:40:29,106 - INFO - Successful
2024-07-01 14:40:29,106 - INFO - 538 fields remaining
2024-07-01 14:40:29,106 - INFO - Now analyzing field ID CA_18177
2024-07-01 14:40:46,339 - INFO - Successful
2024-07-01 14:40:46,339 - INFO - 537 fields remaining
2024-07-01 14:40:46,339 - INFO - Now analyzing field ID CA_17644
2024-07-01 14:41:04,785 - INFO - Successful
2024-07-01 14:41:04,785 - INFO - 536 fields remaining
2024-07-01 14:41:04,785 - INFO - Now analyzing field ID CA_17368
2024-07-01 14:41:26,768 - INFO - Successful
2024-07-01 14:41:26,768 - INFO - 535 fields remaining
2024-07-01 14:41:26,768 - INFO - Now analyzing field ID CA_16847
2024-07-01 14:41:44,831 - INFO - Successful
2024-07-01 14:41:44,831 - INFO - 534 fields remaining
2024-07-01 14:41:44,831 - INFO - Now analyzing field ID CA_16602
2024-07-01 14:42:11,572 - INFO - Successful
2024-07-01 14:42:11,572 - INFO - 533 fields remaining
2024-07-01 14:42:11,572 - INFO - Now analyzing field ID CA_15309
2024-07-01 14:42:30,854 - INFO - Successful
2024-07-01 14:42:30,854 - INFO - 532 fields remaining
2024-07-01 14:42:30,854 - INFO - Now analyzing field ID CA_18461
2024-07-01 14:42:48,230 - INFO - Successful
2024-07-01 14:42:48,230 - INFO - 531 fields remaining
2024-07-01 14:42:48,230 - INFO - Now analyzing field ID CA_16061
2024-07-01 14:43:04,825 - INFO - Successful
2024-07-01 14:43:04,825 - INFO - 530 fields remaining
2024-07-01 14:43:04,825 - INFO - Now analyzing field ID CA_90023
2024-07-01 14:43:23,769 - INFO - Successful
2024-07-01 14:43:23,769 - INFO - 529 fields remaining
2024-07-01 14:43:23,770 - INFO - Now analyzing field ID CA_17091
2024-07-01 14:43:41,403 - INFO - Successful
2024-07-01 14:43:41,403 - INFO - 528 fields remaining
2024-07-01 14:43:41,403 - INFO - Now analyzing field ID CA_90562
2024-07-01 14:44:04,055 - INFO - Successful
2024-07-01 14:44:04,055 - INFO - 527 fields remaining
2024-07-01 14:44:04,055 - INFO - Now analyzing field ID CA_12062
2024-07-01 14:44:32,652 - INFO - Successful
2024-07-01 14:44:32,652 - INFO - 526 fields remaining
2024-07-01 14:44:32,652 - INFO - Now analyzing field ID CA_90738
2024-07-01 14:44:48,680 - INFO - Successful
2024-07-01 14:44:48,680 - INFO - 525 fields remaining
2024-07-01 14:44:48,681 - INFO - Now analyzing field ID CA_285142
2024-07-01 14:45:07,336 - INFO - Successful
2024-07-01 14:45:07,336 - INFO - 524 fields remaining
2024-07-01 14:45:07,336 - INFO - Now analyzing field ID CA_282438
2024-07-01 14:45:23,046 - INFO - Successful
2024-07-01 14:45:23,046 - INFO - 523 fields remaining
2024-07-01 14:45:23,046 - INFO - Now analyzing field ID CA_262871
2024-07-01 14:45:42,032 - INFO - Successful
2024-07-01 14:45:42,032 - INFO - 522 fields remaining
2024-07-01 14:45:42,032 - INFO - Now analyzing field ID CA_254138
2024-07-01 14:46:01,210 - INFO - Successful
2024-07-01 14:46:01,210 - INFO - 521 fields remaining
2024-07-01 14:46:01,211 - INFO - Now analyzing field ID CA_251657
2024-07-01 14:46:29,063 - INFO - Successful
2024-07-01 14:46:29,063 - INFO - 520 fields remaining
2024-07-01 14:46:29,063 - INFO - Now analyzing field ID CA_89481
2024-07-01 14:46:52,726 - INFO - Successful
2024-07-01 14:46:52,726 - INFO - 519 fields remaining
2024-07-01 14:46:52,726 - INFO - Now analyzing field ID CA_286837
2024-07-01 14:47:14,198 - INFO - Successful
2024-07-01 14:47:14,198 - INFO - 518 fields remaining
2024-07-01 14:47:14,198 - INFO - Now analyzing field ID CA_280097
2024-07-01 14:47:32,483 - INFO - Successful
2024-07-01 14:47:32,483 - INFO - 517 fields remaining
2024-07-01 14:47:32,483 - INFO - Now analyzing field ID CA_259742
2024-07-01 14:47:58,817 - INFO - Successful
2024-07-01 14:47:58,817 - INFO - 516 fields remaining
2024-07-01 14:47:58,817 - INFO - Now analyzing field ID CA_253114
2024-07-01 14:48:18,402 - INFO - Successful
2024-07-01 14:48:18,402 - INFO - 515 fields remaining
2024-07-01 14:48:18,403 - INFO - Now analyzing field ID CA_251751
2024-07-01 14:48:37,683 - INFO - Successful
2024-07-01 14:48:37,684 - INFO - 514 fields remaining
2024-07-01 14:48:37,684 - INFO - Now analyzing field ID CA_320339
2024-07-01 14:49:02,845 - INFO - Successful
2024-07-01 14:49:02,845 - INFO - 513 fields remaining
2024-07-01 14:49:02,845 - INFO - Now analyzing field ID CA_262885
2024-07-01 14:49:22,937 - INFO - Successful
2024-07-01 14:49:22,937 - INFO - 512 fields remaining
2024-07-01 14:49:22,938 - INFO - Now analyzing field ID CA_259701
2024-07-01 14:49:43,399 - INFO - Successful
2024-07-01 14:49:43,399 - INFO - 511 fields remaining
2024-07-01 14:49:43,399 - INFO - Now analyzing field ID CA_87308
2024-07-01 14:50:00,967 - INFO - Successful
2024-07-01 14:50:00,967 - INFO - 510 fields remaining
2024-07-01 14:50:00,967 - INFO - Now analyzing field ID CA_86773
2024-07-01 14:50:18,747 - INFO - Successful
2024-07-01 14:50:18,747 - INFO - 509 fields remaining
2024-07-01 14:50:18,747 - INFO - Now analyzing field ID CA_67187
2024-07-01 14:50:36,653 - INFO - Successful
2024-07-01 14:50:36,653 - INFO - 508 fields remaining
2024-07-01 14:50:36,653 - INFO - Now analyzing field ID CA_253591
2024-07-01 14:50:52,712 - INFO - Successful
2024-07-01 14:50:52,712 - INFO - 507 fields remaining
2024-07-01 14:50:52,712 - INFO - Now analyzing field ID CA_263796
2024-07-01 14:51:11,117 - INFO - Successful
2024-07-01 14:51:11,117 - INFO - 506 fields remaining
2024-07-01 14:51:11,117 - INFO - Now analyzing field ID CA_89335
2024-07-01 14:51:32,118 - INFO - Successful
2024-07-01 14:51:32,118 - INFO - 505 fields remaining
2024-07-01 14:51:32,118 - INFO - Now analyzing field ID CA_230025
2024-07-01 14:51:50,445 - INFO - Successful
2024-07-01 14:51:50,445 - INFO - 504 fields remaining
2024-07-01 14:51:50,445 - INFO - Now analyzing field ID CA_251273
2024-07-01 14:52:06,576 - INFO - Successful
2024-07-01 14:52:06,576 - INFO - 503 fields remaining
2024-07-01 14:52:06,576 - INFO - Now analyzing field ID CA_275163
2024-07-01 14:52:25,728 - INFO - Successful
2024-07-01 14:52:25,728 - INFO - 502 fields remaining
2024-07-01 14:52:25,728 - INFO - Now analyzing field ID CA_244021
2024-07-01 14:52:41,545 - INFO - Successful
2024-07-01 14:52:41,545 - INFO - 501 fields remaining
2024-07-01 14:52:41,545 - INFO - Now analyzing field ID CA_275122
2024-07-01 14:52:58,068 - INFO - Successful
2024-07-01 14:52:58,068 - INFO - 500 fields remaining
2024-07-01 14:52:58,068 - INFO - Now analyzing field ID CA_265694
2024-07-01 14:53:17,649 - INFO - Successful
2024-07-01 14:53:17,649 - INFO - 499 fields remaining
2024-07-01 14:53:17,649 - INFO - Now analyzing field ID CA_21410
2024-07-01 14:53:34,299 - INFO - Successful
2024-07-01 14:53:34,299 - INFO - 498 fields remaining
2024-07-01 14:53:34,299 - INFO - Now analyzing field ID CA_249396
2024-07-01 14:53:54,005 - INFO - Successful
2024-07-01 14:53:54,005 - INFO - 497 fields remaining
2024-07-01 14:53:54,005 - INFO - Now analyzing field ID CA_231410
2024-07-01 14:54:14,378 - INFO - Successful
2024-07-01 14:54:14,378 - INFO - 496 fields remaining
2024-07-01 14:54:14,378 - INFO - Now analyzing field ID CA_100873
2024-07-01 14:54:38,028 - INFO - Successful
2024-07-01 14:54:38,028 - INFO - 495 fields remaining
2024-07-01 14:54:38,028 - INFO - Now analyzing field ID CA_282524
2024-07-01 14:54:58,758 - INFO - Successful
2024-07-01 14:54:58,760 - INFO - 494 fields remaining
2024-07-01 14:54:58,760 - INFO - Now analyzing field ID CA_251494
2024-07-01 14:55:21,490 - INFO - Successful
2024-07-01 14:55:21,490 - INFO - 493 fields remaining
2024-07-01 14:55:21,490 - INFO - Now analyzing field ID CA_90393
2024-07-01 14:55:59,094 - INFO - Successful
2024-07-01 14:55:59,094 - INFO - 492 fields remaining
2024-07-01 14:55:59,095 - INFO - Now analyzing field ID CA_88706
2024-07-01 14:56:17,073 - INFO - Successful
2024-07-01 14:56:17,074 - INFO - 491 fields remaining
2024-07-01 14:56:17,074 - INFO - Now analyzing field ID CA_89459
2024-07-01 14:56:38,512 - INFO - Successful
2024-07-01 14:56:38,512 - INFO - 490 fields remaining
2024-07-01 14:56:38,512 - INFO - Now analyzing field ID CA_281208
2024-07-01 14:56:59,049 - INFO - Successful
2024-07-01 14:56:59,050 - INFO - 489 fields remaining
2024-07-01 14:56:59,050 - INFO - Now analyzing field ID CA_258631
2024-07-01 14:57:31,991 - INFO - Successful
2024-07-01 14:57:31,991 - INFO - 488 fields remaining
2024-07-01 14:57:31,991 - INFO - Now analyzing field ID CA_258472
2024-07-01 14:57:54,320 - INFO - Successful
2024-07-01 14:57:54,320 - INFO - 487 fields remaining
2024-07-01 14:57:54,320 - INFO - Now analyzing field ID CA_258127
2024-07-01 14:58:14,993 - INFO - Successful
2024-07-01 14:58:14,993 - INFO - 486 fields remaining
2024-07-01 14:58:14,993 - INFO - Now analyzing field ID CA_256986
2024-07-01 14:58:33,117 - INFO - Successful
2024-07-01 14:58:33,117 - INFO - 485 fields remaining
2024-07-01 14:58:33,117 - INFO - Now analyzing field ID CA_256200
2024-07-01 14:58:53,151 - INFO - Successful
2024-07-01 14:58:53,151 - INFO - 484 fields remaining
2024-07-01 14:58:53,151 - INFO - Now analyzing field ID CA_250892
2024-07-01 14:59:24,040 - INFO - Successful
2024-07-01 14:59:24,040 - INFO - 483 fields remaining
2024-07-01 14:59:24,040 - INFO - Now analyzing field ID CA_264899
2024-07-01 14:59:29,591 - WARNING - Reattempting request..
2024-07-01 14:59:47,246 - INFO - Successful
2024-07-01 14:59:47,246 - INFO - 482 fields remaining
2024-07-01 14:59:47,246 - INFO - Now analyzing field ID CA_257302
2024-07-01 15:00:09,172 - INFO - Successful
2024-07-01 15:00:09,173 - INFO - 481 fields remaining
2024-07-01 15:00:09,173 - INFO - Now analyzing field ID CA_257116
2024-07-01 15:00:31,190 - INFO - Successful
2024-07-01 15:00:31,190 - INFO - 480 fields remaining
2024-07-01 15:00:31,190 - INFO - Now analyzing field ID CA_320038
2024-07-01 15:00:50,914 - INFO - Successful
2024-07-01 15:00:50,914 - INFO - 479 fields remaining
2024-07-01 15:00:50,914 - INFO - Now analyzing field ID CA_285559
2024-07-01 15:01:16,702 - INFO - Successful
2024-07-01 15:01:16,702 - INFO - 478 fields remaining
2024-07-01 15:01:16,702 - INFO - Now analyzing field ID CA_278205
2024-07-01 15:01:36,256 - INFO - Successful
2024-07-01 15:01:36,256 - INFO - 477 fields remaining
2024-07-01 15:01:36,256 - INFO - Now analyzing field ID CA_278176
2024-07-01 15:02:00,496 - INFO - Successful
2024-07-01 15:02:00,496 - INFO - 476 fields remaining
2024-07-01 15:02:00,496 - INFO - Now analyzing field ID CA_259153
2024-07-01 15:02:21,012 - INFO - Successful
2024-07-01 15:02:21,012 - INFO - 475 fields remaining
2024-07-01 15:02:21,012 - INFO - Now analyzing field ID CA_250091
2024-07-01 15:02:41,594 - INFO - Successful
2024-07-01 15:02:41,595 - INFO - 474 fields remaining
2024-07-01 15:02:41,595 - INFO - Now analyzing field ID CA_245541
2024-07-01 15:03:05,293 - INFO - Successful
2024-07-01 15:03:05,293 - INFO - 473 fields remaining
2024-07-01 15:03:05,293 - INFO - Now analyzing field ID CA_245311
2024-07-01 15:03:24,520 - INFO - Successful
2024-07-01 15:03:24,521 - INFO - 472 fields remaining
2024-07-01 15:03:24,521 - INFO - Now analyzing field ID CA_231117
2024-07-01 15:03:41,895 - INFO - Successful
2024-07-01 15:03:41,895 - INFO - 471 fields remaining
2024-07-01 15:03:41,895 - INFO - Now analyzing field ID CA_229991
2024-07-01 15:04:00,988 - INFO - Successful
2024-07-01 15:04:00,988 - INFO - 470 fields remaining
2024-07-01 15:04:00,988 - INFO - Now analyzing field ID CA_260826
2024-07-01 15:04:20,154 - INFO - Successful
2024-07-01 15:04:20,154 - INFO - 469 fields remaining
2024-07-01 15:04:20,154 - INFO - Now analyzing field ID CA_283420
2024-07-01 15:04:37,251 - INFO - Successful
2024-07-01 15:04:37,251 - INFO - 468 fields remaining
2024-07-01 15:04:37,251 - INFO - Now analyzing field ID CA_99201
2024-07-01 15:05:00,505 - INFO - Successful
2024-07-01 15:05:00,506 - INFO - 467 fields remaining
2024-07-01 15:05:00,506 - INFO - Now analyzing field ID CA_261291
2024-07-01 15:05:20,450 - INFO - Successful
2024-07-01 15:05:20,450 - INFO - 466 fields remaining
2024-07-01 15:05:20,450 - INFO - Now analyzing field ID CA_99220
2024-07-01 15:05:42,027 - INFO - Successful
2024-07-01 15:05:42,028 - INFO - 465 fields remaining
2024-07-01 15:05:42,028 - INFO - Now analyzing field ID CA_249272
2024-07-01 15:06:14,255 - INFO - Successful
2024-07-01 15:06:14,256 - INFO - 464 fields remaining
2024-07-01 15:06:14,256 - INFO - Now analyzing field ID CA_94118
2024-07-01 15:06:33,463 - INFO - Successful
2024-07-01 15:06:33,463 - INFO - 463 fields remaining
2024-07-01 15:06:33,465 - INFO - Now analyzing field ID CA_264465
2024-07-01 15:06:53,427 - INFO - Successful
2024-07-01 15:06:53,428 - INFO - 462 fields remaining
2024-07-01 15:06:53,428 - INFO - Now analyzing field ID CA_249018
2024-07-01 15:07:10,019 - INFO - Successful
2024-07-01 15:07:10,019 - INFO - 461 fields remaining
2024-07-01 15:07:10,021 - INFO - Now analyzing field ID CA_91730
2024-07-01 15:07:27,036 - INFO - Successful
2024-07-01 15:07:27,036 - INFO - 460 fields remaining
2024-07-01 15:07:27,036 - INFO - Now analyzing field ID CA_289545
2024-07-01 15:08:00,763 - INFO - Successful
2024-07-01 15:08:00,764 - INFO - 459 fields remaining
2024-07-01 15:08:00,764 - INFO - Now analyzing field ID CA_289337
2024-07-01 15:08:21,337 - INFO - Successful
2024-07-01 15:08:21,337 - INFO - 458 fields remaining
2024-07-01 15:08:21,337 - INFO - Now analyzing field ID CA_77693
2024-07-01 15:08:41,358 - INFO - Successful
2024-07-01 15:08:41,358 - INFO - 457 fields remaining
2024-07-01 15:08:41,358 - INFO - Now analyzing field ID CA_328974
2024-07-01 15:08:57,873 - INFO - Successful
2024-07-01 15:08:57,873 - INFO - 456 fields remaining
2024-07-01 15:08:57,873 - INFO - Now analyzing field ID CA_231654
2024-07-01 15:09:16,785 - INFO - Successful
2024-07-01 15:09:16,785 - INFO - 455 fields remaining
2024-07-01 15:09:16,785 - INFO - Now analyzing field ID CA_104862
2024-07-01 15:09:36,592 - INFO - Successful
2024-07-01 15:09:36,592 - INFO - 454 fields remaining
2024-07-01 15:09:36,592 - INFO - Now analyzing field ID CA_101797
2024-07-01 15:09:54,275 - INFO - Successful
2024-07-01 15:09:54,275 - INFO - 453 fields remaining
2024-07-01 15:09:54,275 - INFO - Now analyzing field ID CA_101679
2024-07-01 15:10:18,483 - INFO - Successful
2024-07-01 15:10:18,483 - INFO - 452 fields remaining
2024-07-01 15:10:18,483 - INFO - Now analyzing field ID CA_92898
2024-07-01 15:10:42,015 - INFO - Successful
2024-07-01 15:10:42,015 - INFO - 451 fields remaining
2024-07-01 15:10:42,015 - INFO - Now analyzing field ID CA_98963
2024-07-01 15:11:00,495 - INFO - Successful
2024-07-01 15:11:00,495 - INFO - 450 fields remaining
2024-07-01 15:11:00,495 - INFO - Now analyzing field ID CA_329212
2024-07-01 15:11:16,972 - INFO - Successful
2024-07-01 15:11:16,972 - INFO - 449 fields remaining
2024-07-01 15:11:16,972 - INFO - Now analyzing field ID CA_233234
2024-07-01 15:11:33,942 - INFO - Successful
2024-07-01 15:11:33,942 - INFO - 448 fields remaining
2024-07-01 15:11:33,942 - INFO - Now analyzing field ID CA_103875
2024-07-01 15:11:48,978 - INFO - Successful
2024-07-01 15:11:48,978 - INFO - 447 fields remaining
2024-07-01 15:11:48,978 - INFO - Now analyzing field ID CA_341013
2024-07-01 15:12:08,638 - INFO - Successful
2024-07-01 15:12:08,638 - INFO - 446 fields remaining
2024-07-01 15:12:08,638 - INFO - Now analyzing field ID CA_322633
2024-07-01 15:12:27,468 - INFO - Successful
2024-07-01 15:12:27,468 - INFO - 445 fields remaining
2024-07-01 15:12:27,468 - INFO - Now analyzing field ID CA_102689
2024-07-01 15:12:52,114 - INFO - Successful
2024-07-01 15:12:52,114 - INFO - 444 fields remaining
2024-07-01 15:12:52,114 - INFO - Now analyzing field ID CA_108094
2024-07-01 15:13:07,704 - INFO - Successful
2024-07-01 15:13:07,704 - INFO - 443 fields remaining
2024-07-01 15:13:07,704 - INFO - Now analyzing field ID CA_98479
2024-07-01 15:13:26,134 - INFO - Successful
2024-07-01 15:13:26,134 - INFO - 442 fields remaining
2024-07-01 15:13:26,134 - INFO - Now analyzing field ID CA_99657
2024-07-01 15:13:44,526 - INFO - Successful
2024-07-01 15:13:44,526 - INFO - 441 fields remaining
2024-07-01 15:13:44,526 - INFO - Now analyzing field ID CA_106984
2024-07-01 15:14:17,219 - INFO - Successful
2024-07-01 15:14:17,219 - INFO - 440 fields remaining
2024-07-01 15:14:17,219 - INFO - Now analyzing field ID CA_107269
2024-07-01 15:14:35,177 - INFO - Successful
2024-07-01 15:14:35,177 - INFO - 439 fields remaining
2024-07-01 15:14:35,178 - INFO - Now analyzing field ID CA_107192
2024-07-01 15:14:55,644 - INFO - Successful
2024-07-01 15:14:55,644 - INFO - 438 fields remaining
2024-07-01 15:14:55,644 - INFO - Now analyzing field ID CA_107963
2024-07-01 15:15:15,963 - INFO - Successful
2024-07-01 15:15:15,963 - INFO - 437 fields remaining
2024-07-01 15:15:15,963 - INFO - Now analyzing field ID CA_325880
2024-07-01 15:15:33,669 - INFO - Successful
2024-07-01 15:15:33,669 - INFO - 436 fields remaining
2024-07-01 15:15:33,669 - INFO - Now analyzing field ID CA_102128
2024-07-01 15:15:52,878 - INFO - Successful
2024-07-01 15:15:52,878 - INFO - 435 fields remaining
2024-07-01 15:15:52,878 - INFO - Now analyzing field ID CA_328830
2024-07-01 15:16:14,498 - INFO - Successful
2024-07-01 15:16:14,498 - INFO - 434 fields remaining
2024-07-01 15:16:14,498 - INFO - Now analyzing field ID CA_100310
2024-07-01 15:16:33,876 - INFO - Successful
2024-07-01 15:16:33,876 - INFO - 433 fields remaining
2024-07-01 15:16:33,876 - INFO - Now analyzing field ID CA_97925
2024-07-01 15:16:51,366 - INFO - Successful
2024-07-01 15:16:51,366 - INFO - 432 fields remaining
2024-07-01 15:16:51,366 - INFO - Now analyzing field ID CA_97508
2024-07-01 15:17:14,211 - INFO - Successful
2024-07-01 15:17:14,211 - INFO - 431 fields remaining
2024-07-01 15:17:14,211 - INFO - Now analyzing field ID CA_232673
2024-07-01 15:17:32,609 - INFO - Successful
2024-07-01 15:17:32,609 - INFO - 430 fields remaining
2024-07-01 15:17:32,609 - INFO - Now analyzing field ID CA_105521
2024-07-01 15:17:50,185 - INFO - Successful
2024-07-01 15:17:50,185 - INFO - 429 fields remaining
2024-07-01 15:17:50,185 - INFO - Now analyzing field ID CA_330488
2024-07-01 15:18:04,350 - INFO - Successful
2024-07-01 15:18:04,350 - INFO - 428 fields remaining
2024-07-01 15:18:04,350 - INFO - Now analyzing field ID CA_330672
2024-07-01 15:18:24,044 - INFO - Successful
2024-07-01 15:18:24,044 - INFO - 427 fields remaining
2024-07-01 15:18:24,044 - INFO - Now analyzing field ID CA_81102
2024-07-01 15:18:39,340 - INFO - Successful
2024-07-01 15:18:39,340 - INFO - 426 fields remaining
2024-07-01 15:18:39,340 - INFO - Now analyzing field ID CA_327307
2024-07-01 15:18:58,870 - INFO - Successful
2024-07-01 15:18:58,870 - INFO - 425 fields remaining
2024-07-01 15:18:58,870 - INFO - Now analyzing field ID CA_105986
2024-07-01 15:19:16,439 - INFO - Successful
2024-07-01 15:19:16,439 - INFO - 424 fields remaining
2024-07-01 15:19:16,439 - INFO - Now analyzing field ID CA_105749
2024-07-01 15:19:32,562 - INFO - Successful
2024-07-01 15:19:32,562 - INFO - 423 fields remaining
2024-07-01 15:19:32,562 - INFO - Now analyzing field ID CA_332205
2024-07-01 15:19:49,546 - INFO - Successful
2024-07-01 15:19:49,546 - INFO - 422 fields remaining
2024-07-01 15:19:49,546 - INFO - Now analyzing field ID CA_327150
2024-07-01 15:20:11,844 - INFO - Successful
2024-07-01 15:20:11,844 - INFO - 421 fields remaining
2024-07-01 15:20:11,844 - INFO - Now analyzing field ID CA_327198
2024-07-01 15:20:28,484 - INFO - Successful
2024-07-01 15:20:28,484 - INFO - 420 fields remaining
2024-07-01 15:20:28,485 - INFO - Now analyzing field ID CA_96321
2024-07-01 15:20:46,621 - INFO - Successful
2024-07-01 15:20:46,621 - INFO - 419 fields remaining
2024-07-01 15:20:46,621 - INFO - Now analyzing field ID CA_322353
2024-07-01 15:21:05,804 - INFO - Successful
2024-07-01 15:21:05,804 - INFO - 418 fields remaining
2024-07-01 15:21:05,804 - INFO - Now analyzing field ID CA_326575
2024-07-01 15:21:23,704 - INFO - Successful
2024-07-01 15:21:23,704 - INFO - 417 fields remaining
2024-07-01 15:21:23,704 - INFO - Now analyzing field ID CA_340795
2024-07-01 15:22:04,812 - INFO - Successful
2024-07-01 15:22:04,813 - INFO - 416 fields remaining
2024-07-01 15:22:04,813 - INFO - Now analyzing field ID CA_326564
2024-07-01 15:23:47,048 - INFO - Successful
2024-07-01 15:23:47,048 - INFO - 415 fields remaining
2024-07-01 15:23:47,048 - INFO - Now analyzing field ID CA_100588
2024-07-01 15:24:05,494 - INFO - Successful
2024-07-01 15:24:05,494 - INFO - 414 fields remaining
2024-07-01 15:24:05,494 - INFO - Now analyzing field ID CA_94012
2024-07-01 15:24:22,022 - INFO - Successful
2024-07-01 15:24:22,022 - INFO - 413 fields remaining
2024-07-01 15:24:22,023 - INFO - Now analyzing field ID CA_81905
2024-07-01 15:24:37,256 - INFO - Successful
2024-07-01 15:24:37,256 - INFO - 412 fields remaining
2024-07-01 15:24:37,256 - INFO - Now analyzing field ID CA_77158
2024-07-01 15:24:54,827 - INFO - Successful
2024-07-01 15:24:54,827 - INFO - 411 fields remaining
2024-07-01 15:24:54,827 - INFO - Now analyzing field ID CA_218312
2024-07-01 15:25:13,687 - INFO - Successful
2024-07-01 15:25:13,688 - INFO - 410 fields remaining
2024-07-01 15:25:13,688 - INFO - Now analyzing field ID CA_204345
2024-07-01 15:25:42,406 - INFO - Successful
2024-07-01 15:25:42,406 - INFO - 409 fields remaining
2024-07-01 15:25:42,406 - INFO - Now analyzing field ID CA_203945
2024-07-01 15:26:00,445 - INFO - Successful
2024-07-01 15:26:00,445 - INFO - 408 fields remaining
2024-07-01 15:26:00,445 - INFO - Now analyzing field ID CA_155560
2024-07-01 15:26:18,586 - INFO - Successful
2024-07-01 15:26:18,586 - INFO - 407 fields remaining
2024-07-01 15:26:18,587 - INFO - Now analyzing field ID CA_183602
2024-07-01 15:26:54,238 - INFO - Successful
2024-07-01 15:26:54,238 - INFO - 406 fields remaining
2024-07-01 15:26:54,238 - INFO - Now analyzing field ID CA_76432
2024-07-01 15:27:12,263 - INFO - Successful
2024-07-01 15:27:12,263 - INFO - 405 fields remaining
2024-07-01 15:27:12,264 - INFO - Now analyzing field ID CA_77101
2024-07-01 15:27:29,188 - INFO - Successful
2024-07-01 15:27:29,188 - INFO - 404 fields remaining
2024-07-01 15:27:29,188 - INFO - Now analyzing field ID CA_184177
2024-07-01 15:27:45,231 - INFO - Successful
2024-07-01 15:27:45,231 - INFO - 403 fields remaining
2024-07-01 15:27:45,232 - INFO - Now analyzing field ID CA_155889
2024-07-01 15:28:03,438 - INFO - Successful
2024-07-01 15:28:03,438 - INFO - 402 fields remaining
2024-07-01 15:28:03,438 - INFO - Now analyzing field ID CA_155363
2024-07-01 15:28:22,513 - INFO - Successful
2024-07-01 15:28:22,513 - INFO - 401 fields remaining
2024-07-01 15:28:22,513 - INFO - Now analyzing field ID CA_154810
2024-07-01 15:28:38,464 - INFO - Successful
2024-07-01 15:28:38,464 - INFO - 400 fields remaining
2024-07-01 15:28:38,464 - INFO - Now analyzing field ID CA_154135
2024-07-01 15:28:56,725 - INFO - Successful
2024-07-01 15:28:56,725 - INFO - 399 fields remaining
2024-07-01 15:28:56,725 - INFO - Now analyzing field ID CA_324613
2024-07-01 15:29:21,744 - INFO - Successful
2024-07-01 15:29:21,744 - INFO - 398 fields remaining
2024-07-01 15:29:21,744 - INFO - Now analyzing field ID CA_153430
2024-07-01 15:29:39,224 - INFO - Successful
2024-07-01 15:29:39,224 - INFO - 397 fields remaining
2024-07-01 15:29:39,224 - INFO - Now analyzing field ID CA_109738
2024-07-01 15:29:58,105 - INFO - Successful
2024-07-01 15:29:58,106 - INFO - 396 fields remaining
2024-07-01 15:29:58,106 - INFO - Now analyzing field ID CA_92455
2024-07-01 15:30:19,699 - INFO - Successful
2024-07-01 15:30:19,699 - INFO - 395 fields remaining
2024-07-01 15:30:19,699 - INFO - Now analyzing field ID CA_81739
2024-07-01 15:30:35,913 - INFO - Successful
2024-07-01 15:30:35,913 - INFO - 394 fields remaining
2024-07-01 15:30:35,913 - INFO - Now analyzing field ID CA_92493
2024-07-01 15:30:57,330 - INFO - Successful
2024-07-01 15:30:57,330 - INFO - 393 fields remaining
2024-07-01 15:30:57,330 - INFO - Now analyzing field ID CA_81937
2024-07-01 15:31:14,760 - INFO - Successful
2024-07-01 15:31:14,761 - INFO - 392 fields remaining
2024-07-01 15:31:14,761 - INFO - Now analyzing field ID CA_229866
2024-07-01 15:31:55,006 - INFO - Successful
2024-07-01 15:31:55,006 - INFO - 391 fields remaining
2024-07-01 15:31:55,006 - INFO - Now analyzing field ID CA_80450
2024-07-01 15:32:15,172 - INFO - Successful
2024-07-01 15:32:15,172 - INFO - 390 fields remaining
2024-07-01 15:32:15,172 - INFO - Now analyzing field ID CA_145664
2024-07-01 15:32:34,610 - INFO - Successful
2024-07-01 15:32:34,610 - INFO - 389 fields remaining
2024-07-01 15:32:34,610 - INFO - Now analyzing field ID CA_75872
2024-07-01 15:32:51,690 - INFO - Successful
2024-07-01 15:32:51,690 - INFO - 388 fields remaining
2024-07-01 15:32:51,690 - INFO - Now analyzing field ID CA_323029
2024-07-01 15:33:12,728 - INFO - Successful
2024-07-01 15:33:12,728 - INFO - 387 fields remaining
2024-07-01 15:33:12,728 - INFO - Now analyzing field ID CA_215978
2024-07-01 15:33:34,322 - INFO - Successful
2024-07-01 15:33:34,322 - INFO - 386 fields remaining
2024-07-01 15:33:34,322 - INFO - Now analyzing field ID CA_92436
2024-07-01 15:33:53,351 - INFO - Successful
2024-07-01 15:33:53,351 - INFO - 385 fields remaining
2024-07-01 15:33:53,351 - INFO - Now analyzing field ID CA_145027
2024-07-01 15:34:10,526 - INFO - Successful
2024-07-01 15:34:10,526 - INFO - 384 fields remaining
2024-07-01 15:34:10,526 - INFO - Now analyzing field ID CA_154042
2024-07-01 15:34:28,145 - INFO - Successful
2024-07-01 15:34:28,145 - INFO - 383 fields remaining
2024-07-01 15:34:28,146 - INFO - Now analyzing field ID CA_153285
2024-07-01 15:34:49,892 - INFO - Successful
2024-07-01 15:34:49,892 - INFO - 382 fields remaining
2024-07-01 15:34:49,893 - INFO - Now analyzing field ID CA_144104
2024-07-01 15:35:05,691 - INFO - Successful
2024-07-01 15:35:05,692 - INFO - 381 fields remaining
2024-07-01 15:35:05,692 - INFO - Now analyzing field ID CA_143271
2024-07-01 15:35:23,481 - INFO - Successful
2024-07-01 15:35:23,481 - INFO - 380 fields remaining
2024-07-01 15:35:23,481 - INFO - Now analyzing field ID CA_143092
2024-07-01 15:35:39,035 - INFO - Successful
2024-07-01 15:35:39,035 - INFO - 379 fields remaining
2024-07-01 15:35:39,035 - INFO - Now analyzing field ID CA_77257
2024-07-01 15:36:02,508 - INFO - Successful
2024-07-01 15:36:02,508 - INFO - 378 fields remaining
2024-07-01 15:36:02,508 - INFO - Now analyzing field ID CA_174086
2024-07-01 15:36:19,685 - INFO - Successful
2024-07-01 15:36:19,686 - INFO - 377 fields remaining
2024-07-01 15:36:19,686 - INFO - Now analyzing field ID CA_137908
2024-07-01 15:36:41,970 - INFO - Successful
2024-07-01 15:36:41,970 - INFO - 376 fields remaining
2024-07-01 15:36:41,970 - INFO - Now analyzing field ID CA_140665
2024-07-01 15:37:01,586 - INFO - Successful
2024-07-01 15:37:01,586 - INFO - 375 fields remaining
2024-07-01 15:37:01,586 - INFO - Now analyzing field ID CA_287245
2024-07-01 15:37:19,593 - INFO - Successful
2024-07-01 15:37:19,593 - INFO - 374 fields remaining
2024-07-01 15:37:19,593 - INFO - Now analyzing field ID CA_286468
2024-07-01 15:37:37,492 - INFO - Successful
2024-07-01 15:37:37,492 - INFO - 373 fields remaining
2024-07-01 15:37:37,492 - INFO - Now analyzing field ID CA_239486
2024-07-01 15:37:56,485 - INFO - Successful
2024-07-01 15:37:56,485 - INFO - 372 fields remaining
2024-07-01 15:37:56,485 - INFO - Now analyzing field ID CA_269957
2024-07-01 15:38:14,735 - INFO - Successful
2024-07-01 15:38:14,735 - INFO - 371 fields remaining
2024-07-01 15:38:14,735 - INFO - Now analyzing field ID CA_174849
2024-07-01 15:38:39,992 - INFO - Successful
2024-07-01 15:38:39,993 - INFO - 370 fields remaining
2024-07-01 15:38:39,993 - INFO - Now analyzing field ID CA_137260
2024-07-01 15:39:06,422 - INFO - Successful
2024-07-01 15:39:06,423 - INFO - 369 fields remaining
2024-07-01 15:39:06,423 - INFO - Now analyzing field ID CA_138089
2024-07-01 15:39:30,891 - INFO - Successful
2024-07-01 15:39:30,891 - INFO - 368 fields remaining
2024-07-01 15:39:30,892 - INFO - Now analyzing field ID CA_269493
2024-07-01 15:39:48,344 - INFO - Successful
2024-07-01 15:39:48,344 - INFO - 367 fields remaining
2024-07-01 15:39:48,344 - INFO - Now analyzing field ID CA_278287
2024-07-01 15:40:04,701 - INFO - Successful
2024-07-01 15:40:04,701 - INFO - 366 fields remaining
2024-07-01 15:40:04,701 - INFO - Now analyzing field ID CA_269369
2024-07-01 15:40:21,173 - INFO - Successful
2024-07-01 15:40:21,173 - INFO - 365 fields remaining
2024-07-01 15:40:21,173 - INFO - Now analyzing field ID CA_269189
2024-07-01 15:40:42,350 - INFO - Successful
2024-07-01 15:40:42,350 - INFO - 364 fields remaining
2024-07-01 15:40:42,350 - INFO - Now analyzing field ID CA_274062
2024-07-01 15:40:58,597 - INFO - Successful
2024-07-01 15:40:58,597 - INFO - 363 fields remaining
2024-07-01 15:40:58,597 - INFO - Now analyzing field ID CA_276203
2024-07-01 15:41:16,757 - INFO - Successful
2024-07-01 15:41:16,757 - INFO - 362 fields remaining
2024-07-01 15:41:16,757 - INFO - Now analyzing field ID CA_275841
2024-07-01 15:41:33,059 - INFO - Successful
2024-07-01 15:41:33,059 - INFO - 361 fields remaining
2024-07-01 15:41:33,059 - INFO - Now analyzing field ID CA_270478
2024-07-01 15:41:49,478 - INFO - Successful
2024-07-01 15:41:49,478 - INFO - 360 fields remaining
2024-07-01 15:41:49,478 - INFO - Now analyzing field ID CA_269527
2024-07-01 15:42:04,315 - INFO - Successful
2024-07-01 15:42:04,315 - INFO - 359 fields remaining
2024-07-01 15:42:04,315 - INFO - Now analyzing field ID CA_245360
2024-07-01 15:42:23,189 - INFO - Successful
2024-07-01 15:42:23,189 - INFO - 358 fields remaining
2024-07-01 15:42:23,189 - INFO - Now analyzing field ID CA_172607
2024-07-01 15:42:40,169 - INFO - Successful
2024-07-01 15:42:40,169 - INFO - 357 fields remaining
2024-07-01 15:42:40,169 - INFO - Now analyzing field ID CA_127382
2024-07-01 15:42:58,036 - INFO - Successful
2024-07-01 15:42:58,036 - INFO - 356 fields remaining
2024-07-01 15:42:58,036 - INFO - Now analyzing field ID CA_126375
2024-07-01 15:43:16,139 - INFO - Successful
2024-07-01 15:43:16,139 - INFO - 355 fields remaining
2024-07-01 15:43:16,139 - INFO - Now analyzing field ID CA_126031
2024-07-01 15:43:33,574 - INFO - Successful
2024-07-01 15:43:33,574 - INFO - 354 fields remaining
2024-07-01 15:43:33,574 - INFO - Now analyzing field ID CA_125759
2024-07-01 15:43:56,367 - INFO - Successful
2024-07-01 15:43:56,367 - INFO - 353 fields remaining
2024-07-01 15:43:56,367 - INFO - Now analyzing field ID CA_140561
2024-07-01 15:44:12,080 - INFO - Successful
2024-07-01 15:44:12,081 - INFO - 352 fields remaining
2024-07-01 15:44:12,081 - INFO - Now analyzing field ID CA_266040
2024-07-01 15:44:28,842 - INFO - Successful
2024-07-01 15:44:28,842 - INFO - 351 fields remaining
2024-07-01 15:44:28,842 - INFO - Now analyzing field ID CA_273256
2024-07-01 15:44:44,231 - INFO - Successful
2024-07-01 15:44:44,231 - INFO - 350 fields remaining
2024-07-01 15:44:44,231 - INFO - Now analyzing field ID CA_120258
2024-07-01 15:45:02,857 - INFO - Successful
2024-07-01 15:45:02,857 - INFO - 349 fields remaining
2024-07-01 15:45:02,857 - INFO - Now analyzing field ID CA_173176
2024-07-01 15:45:22,277 - INFO - Successful
2024-07-01 15:45:22,277 - INFO - 348 fields remaining
2024-07-01 15:45:22,277 - INFO - Now analyzing field ID CA_139701
2024-07-01 15:45:38,219 - INFO - Successful
2024-07-01 15:45:38,219 - INFO - 347 fields remaining
2024-07-01 15:45:38,219 - INFO - Now analyzing field ID CA_120425
2024-07-01 15:45:54,701 - INFO - Successful
2024-07-01 15:45:54,701 - INFO - 346 fields remaining
2024-07-01 15:45:54,701 - INFO - Now analyzing field ID CA_117699
2024-07-01 15:46:11,832 - INFO - Successful
2024-07-01 15:46:11,832 - INFO - 345 fields remaining
2024-07-01 15:46:11,832 - INFO - Now analyzing field ID CA_123169
2024-07-01 15:46:31,190 - INFO - Successful
2024-07-01 15:46:31,191 - INFO - 344 fields remaining
2024-07-01 15:46:31,191 - INFO - Now analyzing field ID CA_150456
2024-07-01 15:46:50,260 - INFO - Successful
2024-07-01 15:46:50,260 - INFO - 343 fields remaining
2024-07-01 15:46:50,260 - INFO - Now analyzing field ID CA_141887
2024-07-01 15:47:05,849 - INFO - Successful
2024-07-01 15:47:05,849 - INFO - 342 fields remaining
2024-07-01 15:47:05,849 - INFO - Now analyzing field ID CA_274575
2024-07-01 15:47:24,848 - INFO - Successful
2024-07-01 15:47:24,848 - INFO - 341 fields remaining
2024-07-01 15:47:24,848 - INFO - Now analyzing field ID CA_274127
2024-07-01 15:47:43,246 - INFO - Successful
2024-07-01 15:47:43,246 - INFO - 340 fields remaining
2024-07-01 15:47:43,246 - INFO - Now analyzing field ID CA_68010
2024-07-01 15:48:02,360 - INFO - Successful
2024-07-01 15:48:02,360 - INFO - 339 fields remaining
2024-07-01 15:48:02,360 - INFO - Now analyzing field ID CA_339856
2024-07-01 15:48:22,099 - INFO - Successful
2024-07-01 15:48:22,100 - INFO - 338 fields remaining
2024-07-01 15:48:22,100 - INFO - Now analyzing field ID CA_306194
2024-07-01 15:48:40,106 - INFO - Successful
2024-07-01 15:48:40,106 - INFO - 337 fields remaining
2024-07-01 15:48:40,107 - INFO - Now analyzing field ID CA_267269
2024-07-01 15:49:01,147 - INFO - Successful
2024-07-01 15:49:01,148 - INFO - 336 fields remaining
2024-07-01 15:49:01,148 - INFO - Now analyzing field ID CA_273411
2024-07-01 15:49:20,330 - INFO - Successful
2024-07-01 15:49:20,330 - INFO - 335 fields remaining
2024-07-01 15:49:20,330 - INFO - Now analyzing field ID CA_272200
2024-07-01 15:49:42,769 - INFO - Successful
2024-07-01 15:49:42,769 - INFO - 334 fields remaining
2024-07-01 15:49:42,769 - INFO - Now analyzing field ID CA_67740
2024-07-01 15:50:00,871 - INFO - Successful
2024-07-01 15:50:00,871 - INFO - 333 fields remaining
2024-07-01 15:50:00,871 - INFO - Now analyzing field ID CA_308326
2024-07-01 15:50:21,103 - INFO - Successful
2024-07-01 15:50:21,103 - INFO - 332 fields remaining
2024-07-01 15:50:21,103 - INFO - Now analyzing field ID CA_279297
2024-07-01 15:50:38,010 - INFO - Successful
2024-07-01 15:50:38,010 - INFO - 331 fields remaining
2024-07-01 15:50:38,010 - INFO - Now analyzing field ID CA_339336
2024-07-01 15:50:57,161 - INFO - Successful
2024-07-01 15:50:57,161 - INFO - 330 fields remaining
2024-07-01 15:50:57,162 - INFO - Now analyzing field ID CA_304101
2024-07-01 15:51:16,091 - INFO - Successful
2024-07-01 15:51:16,091 - INFO - 329 fields remaining
2024-07-01 15:51:16,092 - INFO - Now analyzing field ID CA_279979
2024-07-01 15:51:32,683 - INFO - Successful
2024-07-01 15:51:32,683 - INFO - 328 fields remaining
2024-07-01 15:51:32,683 - INFO - Now analyzing field ID CA_279069
2024-07-01 15:51:50,189 - INFO - Successful
2024-07-01 15:51:50,189 - INFO - 327 fields remaining
2024-07-01 15:51:50,189 - INFO - Now analyzing field ID CA_274791
2024-07-01 15:52:12,377 - INFO - Successful
2024-07-01 15:52:12,377 - INFO - 326 fields remaining
2024-07-01 15:52:12,377 - INFO - Now analyzing field ID CA_268366
2024-07-01 15:52:31,745 - INFO - Successful
2024-07-01 15:52:31,745 - INFO - 325 fields remaining
2024-07-01 15:52:31,745 - INFO - Now analyzing field ID CA_333756
2024-07-01 15:52:50,396 - INFO - Successful
2024-07-01 15:52:50,396 - INFO - 324 fields remaining
2024-07-01 15:52:50,396 - INFO - Now analyzing field ID CA_308694
2024-07-01 15:53:07,177 - INFO - Successful
2024-07-01 15:53:07,177 - INFO - 323 fields remaining
2024-07-01 15:53:07,177 - INFO - Now analyzing field ID CA_339570
2024-07-01 15:53:25,583 - INFO - Successful
2024-07-01 15:53:25,583 - INFO - 322 fields remaining
2024-07-01 15:53:25,583 - INFO - Now analyzing field ID CA_336306
2024-07-01 15:53:43,420 - INFO - Successful
2024-07-01 15:53:43,420 - INFO - 321 fields remaining
2024-07-01 15:53:43,420 - INFO - Now analyzing field ID CA_306530
2024-07-01 15:54:00,769 - INFO - Successful
2024-07-01 15:54:00,769 - INFO - 320 fields remaining
2024-07-01 15:54:00,769 - INFO - Now analyzing field ID CA_271915
2024-07-01 15:54:19,085 - INFO - Successful
2024-07-01 15:54:19,085 - INFO - 319 fields remaining
2024-07-01 15:54:19,085 - INFO - Now analyzing field ID CA_293035
2024-07-01 15:54:37,449 - INFO - Successful
2024-07-01 15:54:37,449 - INFO - 318 fields remaining
2024-07-01 15:54:37,450 - INFO - Now analyzing field ID CA_312714
2024-07-01 15:54:57,138 - INFO - Successful
2024-07-01 15:54:57,139 - INFO - 317 fields remaining
2024-07-01 15:54:57,139 - INFO - Now analyzing field ID CA_340477
2024-07-01 15:55:16,069 - INFO - Successful
2024-07-01 15:55:16,069 - INFO - 316 fields remaining
2024-07-01 15:55:16,069 - INFO - Now analyzing field ID CA_71718
2024-07-01 15:55:35,796 - INFO - Successful
2024-07-01 15:55:35,796 - INFO - 315 fields remaining
2024-07-01 15:55:35,797 - INFO - Now analyzing field ID CA_274108
2024-07-01 15:55:54,202 - INFO - Successful
2024-07-01 15:55:54,202 - INFO - 314 fields remaining
2024-07-01 15:55:54,202 - INFO - Now analyzing field ID CA_71587
2024-07-01 15:56:13,920 - INFO - Successful
2024-07-01 15:56:13,921 - INFO - 313 fields remaining
2024-07-01 15:56:13,921 - INFO - Now analyzing field ID CA_317355
2024-07-01 15:56:32,584 - INFO - Successful
2024-07-01 15:56:32,584 - INFO - 312 fields remaining
2024-07-01 15:56:32,584 - INFO - Now analyzing field ID CA_246113
2024-07-01 15:56:49,813 - INFO - Successful
2024-07-01 15:56:49,813 - INFO - 311 fields remaining
2024-07-01 15:56:49,813 - INFO - Now analyzing field ID CA_338036
2024-07-01 15:57:08,485 - INFO - Successful
2024-07-01 15:57:08,485 - INFO - 310 fields remaining
2024-07-01 15:57:08,485 - INFO - Now analyzing field ID CA_302451
2024-07-01 15:57:25,503 - INFO - Successful
2024-07-01 15:57:25,503 - INFO - 309 fields remaining
2024-07-01 15:57:25,505 - INFO - Now analyzing field ID CA_32722
2024-07-01 15:57:41,058 - INFO - Successful
2024-07-01 15:57:41,058 - INFO - 308 fields remaining
2024-07-01 15:57:41,059 - INFO - Now analyzing field ID CA_66272
2024-07-01 15:57:58,416 - INFO - Successful
2024-07-01 15:57:58,416 - INFO - 307 fields remaining
2024-07-01 15:57:58,416 - INFO - Now analyzing field ID CA_294569
2024-07-01 15:58:16,936 - INFO - Successful
2024-07-01 15:58:16,936 - INFO - 306 fields remaining
2024-07-01 15:58:16,936 - INFO - Now analyzing field ID CA_293119
2024-07-01 15:58:36,424 - INFO - Successful
2024-07-01 15:58:36,424 - INFO - 305 fields remaining
2024-07-01 15:58:36,424 - INFO - Now analyzing field ID CA_340098
2024-07-01 15:58:53,617 - INFO - Successful
2024-07-01 15:58:53,618 - INFO - 304 fields remaining
2024-07-01 15:58:53,618 - INFO - Now analyzing field ID CA_314026
2024-07-01 15:59:11,787 - INFO - Successful
2024-07-01 15:59:11,787 - INFO - 303 fields remaining
2024-07-01 15:59:11,787 - INFO - Now analyzing field ID CA_311936
2024-07-01 15:59:30,650 - INFO - Successful
2024-07-01 15:59:30,650 - INFO - 302 fields remaining
2024-07-01 15:59:30,650 - INFO - Now analyzing field ID CA_311929
2024-07-01 15:59:48,829 - INFO - Successful
2024-07-01 15:59:48,829 - INFO - 301 fields remaining
2024-07-01 15:59:48,829 - INFO - Now analyzing field ID CA_311324
2024-07-01 16:00:07,401 - INFO - Successful
2024-07-01 16:00:07,401 - INFO - 300 fields remaining
2024-07-01 16:00:07,401 - INFO - Now analyzing field ID CA_308483
2024-07-01 16:00:27,381 - INFO - Successful
2024-07-01 16:00:27,381 - INFO - 299 fields remaining
2024-07-01 16:00:27,381 - INFO - Now analyzing field ID CA_304949
2024-07-01 16:00:52,444 - INFO - Successful
2024-07-01 16:00:52,444 - INFO - 298 fields remaining
2024-07-01 16:00:52,444 - INFO - Now analyzing field ID CA_304900
2024-07-01 16:01:18,291 - INFO - Successful
2024-07-01 16:01:18,291 - INFO - 297 fields remaining
2024-07-01 16:01:18,291 - INFO - Now analyzing field ID CA_302754
2024-07-01 16:01:36,894 - INFO - Successful
2024-07-01 16:01:36,894 - INFO - 296 fields remaining
2024-07-01 16:01:36,895 - INFO - Now analyzing field ID CA_312570
2024-07-01 16:01:55,597 - INFO - Successful
2024-07-01 16:01:55,598 - INFO - 295 fields remaining
2024-07-01 16:01:55,598 - INFO - Now analyzing field ID CA_311666
2024-07-01 16:02:14,993 - INFO - Successful
2024-07-01 16:02:14,993 - INFO - 294 fields remaining
2024-07-01 16:02:14,995 - INFO - Now analyzing field ID CA_307107
2024-07-01 16:02:31,374 - INFO - Successful
2024-07-01 16:02:31,374 - INFO - 293 fields remaining
2024-07-01 16:02:31,375 - INFO - Now analyzing field ID CA_301044
2024-07-01 16:02:55,383 - INFO - Successful
2024-07-01 16:02:55,383 - INFO - 292 fields remaining
2024-07-01 16:02:55,383 - INFO - Now analyzing field ID CA_62356
2024-07-01 16:03:14,099 - INFO - Successful
2024-07-01 16:03:14,099 - INFO - 291 fields remaining
2024-07-01 16:03:14,099 - INFO - Now analyzing field ID CA_63548
2024-07-01 16:03:33,747 - INFO - Successful
2024-07-01 16:03:33,747 - INFO - 290 fields remaining
2024-07-01 16:03:33,747 - INFO - Now analyzing field ID CA_60928
2024-07-01 16:03:54,116 - INFO - Successful
2024-07-01 16:03:54,117 - INFO - 289 fields remaining
2024-07-01 16:03:54,117 - INFO - Now analyzing field ID CA_305219
2024-07-01 16:04:15,873 - INFO - Successful
2024-07-01 16:04:15,873 - INFO - 288 fields remaining
2024-07-01 16:04:15,873 - INFO - Now analyzing field ID CA_268680
2024-07-01 16:04:33,499 - INFO - Successful
2024-07-01 16:04:33,499 - INFO - 287 fields remaining
2024-07-01 16:04:33,500 - INFO - Now analyzing field ID CA_293386
2024-07-01 16:04:52,547 - INFO - Successful
2024-07-01 16:04:52,547 - INFO - 286 fields remaining
2024-07-01 16:04:52,547 - INFO - Now analyzing field ID CA_292155
2024-07-01 16:05:12,094 - INFO - Successful
2024-07-01 16:05:12,095 - INFO - 285 fields remaining
2024-07-01 16:05:12,095 - INFO - Now analyzing field ID CA_72592
2024-07-01 16:05:31,985 - INFO - Successful
2024-07-01 16:05:31,985 - INFO - 284 fields remaining
2024-07-01 16:05:31,986 - INFO - Now analyzing field ID CA_72468
2024-07-01 16:05:48,969 - INFO - Successful
2024-07-01 16:05:48,969 - INFO - 283 fields remaining
2024-07-01 16:05:48,969 - INFO - Now analyzing field ID CA_71776
2024-07-01 16:06:04,875 - INFO - Successful
2024-07-01 16:06:04,875 - INFO - 282 fields remaining
2024-07-01 16:06:04,875 - INFO - Now analyzing field ID CA_70028
2024-07-01 16:06:21,987 - INFO - Successful
2024-07-01 16:06:21,987 - INFO - 281 fields remaining
2024-07-01 16:06:21,987 - INFO - Now analyzing field ID CA_293711
2024-07-01 16:06:40,064 - INFO - Successful
2024-07-01 16:06:40,064 - INFO - 280 fields remaining
2024-07-01 16:06:40,064 - INFO - Now analyzing field ID CA_246529
2024-07-01 16:06:56,900 - INFO - Successful
2024-07-01 16:06:56,901 - INFO - 279 fields remaining
2024-07-01 16:06:56,901 - INFO - Now analyzing field ID CA_292890
2024-07-01 16:07:26,445 - INFO - Successful
2024-07-01 16:07:26,445 - INFO - 278 fields remaining
2024-07-01 16:07:26,445 - INFO - Now analyzing field ID CA_68947
2024-07-01 16:07:43,260 - INFO - Successful
2024-07-01 16:07:43,260 - INFO - 277 fields remaining
2024-07-01 16:07:43,260 - INFO - Now analyzing field ID CA_72096
2024-07-01 16:08:00,656 - INFO - Successful
2024-07-01 16:08:00,656 - INFO - 276 fields remaining
2024-07-01 16:08:00,656 - INFO - Now analyzing field ID CA_70844
2024-07-01 16:08:19,370 - INFO - Successful
2024-07-01 16:08:19,370 - INFO - 275 fields remaining
2024-07-01 16:08:19,370 - INFO - Now analyzing field ID CA_69317
2024-07-01 16:08:35,774 - INFO - Successful
2024-07-01 16:08:35,774 - INFO - 274 fields remaining
2024-07-01 16:08:35,774 - INFO - Now analyzing field ID CA_69128
2024-07-01 16:09:08,503 - INFO - Successful
2024-07-01 16:09:08,504 - INFO - 273 fields remaining
2024-07-01 16:09:08,504 - INFO - Now analyzing field ID CA_59450
2024-07-01 16:09:30,751 - INFO - Successful
2024-07-01 16:09:30,751 - INFO - 272 fields remaining
2024-07-01 16:09:30,751 - INFO - Now analyzing field ID CA_66675
2024-07-01 16:09:47,039 - INFO - Successful
2024-07-01 16:09:47,040 - INFO - 271 fields remaining
2024-07-01 16:09:47,040 - INFO - Now analyzing field ID CA_318645
2024-07-01 16:10:05,668 - INFO - Successful
2024-07-01 16:10:05,668 - INFO - 270 fields remaining
2024-07-01 16:10:05,669 - INFO - Now analyzing field ID CA_66850
2024-07-01 16:10:24,279 - INFO - Successful
2024-07-01 16:10:24,279 - INFO - 269 fields remaining
2024-07-01 16:10:24,279 - INFO - Now analyzing field ID CA_289998
2024-07-01 16:10:40,221 - INFO - Successful
2024-07-01 16:10:40,221 - INFO - 268 fields remaining
2024-07-01 16:10:40,222 - INFO - Now analyzing field ID CA_72535
2024-07-01 16:10:58,209 - INFO - Successful
2024-07-01 16:10:58,209 - INFO - 267 fields remaining
2024-07-01 16:10:58,209 - INFO - Now analyzing field ID CA_224522
2024-07-01 16:11:13,158 - INFO - Successful
2024-07-01 16:11:13,158 - INFO - 266 fields remaining
2024-07-01 16:11:13,158 - INFO - Now analyzing field ID CA_224158
2024-07-01 16:11:28,288 - INFO - Successful
2024-07-01 16:11:28,288 - INFO - 265 fields remaining
2024-07-01 16:11:28,288 - INFO - Now analyzing field ID CA_223674
2024-07-01 16:11:46,859 - INFO - Successful
2024-07-01 16:11:46,859 - INFO - 264 fields remaining
2024-07-01 16:11:46,859 - INFO - Now analyzing field ID CA_7030
2024-07-01 16:12:09,895 - INFO - Successful
2024-07-01 16:12:09,895 - INFO - 263 fields remaining
2024-07-01 16:12:09,895 - INFO - Now analyzing field ID CA_315416
2024-07-01 16:12:27,006 - INFO - Successful
2024-07-01 16:12:27,006 - INFO - 262 fields remaining
2024-07-01 16:12:27,006 - INFO - Now analyzing field ID CA_297554
2024-07-01 16:12:43,901 - INFO - Successful
2024-07-01 16:12:43,901 - INFO - 261 fields remaining
2024-07-01 16:12:43,901 - INFO - Now analyzing field ID CA_223390
2024-07-01 16:13:02,091 - INFO - Successful
2024-07-01 16:13:02,091 - INFO - 260 fields remaining
2024-07-01 16:13:02,091 - INFO - Now analyzing field ID CA_315646
2024-07-01 16:13:20,995 - INFO - Successful
2024-07-01 16:13:20,995 - INFO - 259 fields remaining
2024-07-01 16:13:20,995 - INFO - Now analyzing field ID CA_315480
2024-07-01 16:13:39,553 - INFO - Successful
2024-07-01 16:13:39,553 - INFO - 258 fields remaining
2024-07-01 16:13:39,553 - INFO - Now analyzing field ID CA_315261
2024-07-01 16:13:58,644 - INFO - Successful
2024-07-01 16:13:58,644 - INFO - 257 fields remaining
2024-07-01 16:13:58,644 - INFO - Now analyzing field ID CA_314177
2024-07-01 16:14:24,198 - INFO - Successful
2024-07-01 16:14:24,198 - INFO - 256 fields remaining
2024-07-01 16:14:24,198 - INFO - Now analyzing field ID CA_60903
2024-07-01 16:14:52,068 - INFO - Successful
2024-07-01 16:14:52,068 - INFO - 255 fields remaining
2024-07-01 16:14:52,069 - INFO - Now analyzing field ID CA_14419
2024-07-01 16:15:11,565 - INFO - Successful
2024-07-01 16:15:11,566 - INFO - 254 fields remaining
2024-07-01 16:15:11,566 - INFO - Now analyzing field ID CA_12627
2024-07-01 16:15:48,281 - INFO - Successful
2024-07-01 16:15:48,281 - INFO - 253 fields remaining
2024-07-01 16:15:48,281 - INFO - Now analyzing field ID CA_296394
2024-07-01 16:16:12,189 - INFO - Successful
2024-07-01 16:16:12,189 - INFO - 252 fields remaining
2024-07-01 16:16:12,191 - INFO - Now analyzing field ID CA_293865
2024-07-01 16:16:30,496 - INFO - Successful
2024-07-01 16:16:30,496 - INFO - 251 fields remaining
2024-07-01 16:16:30,496 - INFO - Now analyzing field ID CA_297569
2024-07-01 16:16:48,101 - INFO - Successful
2024-07-01 16:16:48,101 - INFO - 250 fields remaining
2024-07-01 16:16:48,101 - INFO - Now analyzing field ID CA_297193
2024-07-01 16:17:04,025 - INFO - Successful
2024-07-01 16:17:04,025 - INFO - 249 fields remaining
2024-07-01 16:17:04,025 - INFO - Now analyzing field ID CA_25134
2024-07-01 16:17:21,532 - INFO - Successful
2024-07-01 16:17:21,532 - INFO - 248 fields remaining
2024-07-01 16:17:21,532 - INFO - Now analyzing field ID CA_113117
2024-07-01 16:17:38,163 - INFO - Successful
2024-07-01 16:17:38,163 - INFO - 247 fields remaining
2024-07-01 16:17:38,163 - INFO - Now analyzing field ID CA_315165
2024-07-01 16:17:55,162 - INFO - Successful
2024-07-01 16:17:55,162 - INFO - 246 fields remaining
2024-07-01 16:17:55,162 - INFO - Now analyzing field ID CA_25646
2024-07-01 16:18:12,062 - INFO - Successful
2024-07-01 16:18:12,062 - INFO - 245 fields remaining
2024-07-01 16:18:12,063 - INFO - Now analyzing field ID CA_291054
2024-07-01 16:18:29,459 - INFO - Successful
2024-07-01 16:18:29,459 - INFO - 244 fields remaining
2024-07-01 16:18:29,459 - INFO - Now analyzing field ID CA_317164
2024-07-01 16:18:46,769 - INFO - Successful
2024-07-01 16:18:46,769 - INFO - 243 fields remaining
2024-07-01 16:18:46,769 - INFO - Now analyzing field ID CA_299586
2024-07-01 16:19:02,911 - INFO - Successful
2024-07-01 16:19:02,911 - INFO - 242 fields remaining
2024-07-01 16:19:02,911 - INFO - Now analyzing field ID CA_64204
2024-07-01 16:19:20,717 - INFO - Successful
2024-07-01 16:19:20,717 - INFO - 241 fields remaining
2024-07-01 16:19:20,717 - INFO - Now analyzing field ID CA_315262
2024-07-01 16:19:38,033 - INFO - Successful
2024-07-01 16:19:38,033 - INFO - 240 fields remaining
2024-07-01 16:19:38,033 - INFO - Now analyzing field ID CA_315375
2024-07-01 16:19:56,304 - INFO - Successful
2024-07-01 16:19:56,304 - INFO - 239 fields remaining
2024-07-01 16:19:56,304 - INFO - Now analyzing field ID CA_226383
2024-07-01 16:20:24,742 - INFO - Successful
2024-07-01 16:20:24,742 - INFO - 238 fields remaining
2024-07-01 16:20:24,742 - INFO - Now analyzing field ID CA_11941
2024-07-01 16:20:40,063 - INFO - Successful
2024-07-01 16:20:40,063 - INFO - 237 fields remaining
2024-07-01 16:20:40,063 - INFO - Now analyzing field ID CA_11733
2024-07-01 16:20:54,970 - INFO - Successful
2024-07-01 16:20:54,970 - INFO - 236 fields remaining
2024-07-01 16:20:54,970 - INFO - Now analyzing field ID CA_9796
2024-07-01 16:21:15,878 - INFO - Successful
2024-07-01 16:21:15,878 - INFO - 235 fields remaining
2024-07-01 16:21:15,879 - INFO - Now analyzing field ID CA_25763
2024-07-01 16:21:35,707 - INFO - Successful
2024-07-01 16:21:35,707 - INFO - 234 fields remaining
2024-07-01 16:21:35,707 - INFO - Now analyzing field ID CA_55369
2024-07-01 16:21:56,031 - INFO - Successful
2024-07-01 16:21:56,031 - INFO - 233 fields remaining
2024-07-01 16:21:56,032 - INFO - Now analyzing field ID CA_40791
2024-07-01 16:22:12,066 - INFO - Successful
2024-07-01 16:22:12,067 - INFO - 232 fields remaining
2024-07-01 16:22:12,067 - INFO - Now analyzing field ID CA_54790
2024-07-01 16:22:29,846 - INFO - Successful
2024-07-01 16:22:29,846 - INFO - 231 fields remaining
2024-07-01 16:22:29,847 - INFO - Now analyzing field ID CA_34492
2024-07-01 16:22:46,998 - INFO - Successful
2024-07-01 16:22:46,998 - INFO - 230 fields remaining
2024-07-01 16:22:46,998 - INFO - Now analyzing field ID CA_33134
2024-07-01 16:23:03,795 - INFO - Successful
2024-07-01 16:23:03,795 - INFO - 229 fields remaining
2024-07-01 16:23:03,795 - INFO - Now analyzing field ID CA_228703
2024-07-01 16:23:20,731 - INFO - Successful
2024-07-01 16:23:20,732 - INFO - 228 fields remaining
2024-07-01 16:23:20,732 - INFO - Now analyzing field ID CA_183828
2024-07-01 16:23:41,362 - INFO - Successful
2024-07-01 16:23:41,362 - INFO - 227 fields remaining
2024-07-01 16:23:41,362 - INFO - Now analyzing field ID CA_40117
2024-07-01 16:23:58,542 - INFO - Successful
2024-07-01 16:23:58,542 - INFO - 226 fields remaining
2024-07-01 16:23:58,542 - INFO - Now analyzing field ID CA_51152
2024-07-01 16:24:15,319 - INFO - Successful
2024-07-01 16:24:15,319 - INFO - 225 fields remaining
2024-07-01 16:24:15,320 - INFO - Now analyzing field ID CA_50200
2024-07-01 16:24:36,628 - INFO - Successful
2024-07-01 16:24:36,628 - INFO - 224 fields remaining
2024-07-01 16:24:36,628 - INFO - Now analyzing field ID CA_49460
2024-07-01 16:24:53,599 - INFO - Successful
2024-07-01 16:24:53,599 - INFO - 223 fields remaining
2024-07-01 16:24:53,599 - INFO - Now analyzing field ID CA_49268
2024-07-01 16:25:22,351 - INFO - Successful
2024-07-01 16:25:22,351 - INFO - 222 fields remaining
2024-07-01 16:25:22,351 - INFO - Now analyzing field ID CA_48799
2024-07-01 16:25:38,525 - INFO - Successful
2024-07-01 16:25:38,526 - INFO - 221 fields remaining
2024-07-01 16:25:38,526 - INFO - Now analyzing field ID CA_47884
2024-07-01 16:25:56,689 - INFO - Successful
2024-07-01 16:25:56,689 - INFO - 220 fields remaining
2024-07-01 16:25:56,689 - INFO - Now analyzing field ID CA_46605
2024-07-01 16:26:14,010 - INFO - Successful
2024-07-01 16:26:14,011 - INFO - 219 fields remaining
2024-07-01 16:26:14,011 - INFO - Now analyzing field ID CA_45990
2024-07-01 16:26:33,307 - INFO - Successful
2024-07-01 16:26:33,307 - INFO - 218 fields remaining
2024-07-01 16:26:33,307 - INFO - Now analyzing field ID CA_33823
2024-07-01 16:26:51,138 - INFO - Successful
2024-07-01 16:26:51,138 - INFO - 217 fields remaining
2024-07-01 16:26:51,138 - INFO - Now analyzing field ID CA_32480
2024-07-01 16:27:13,382 - INFO - Successful
2024-07-01 16:27:13,382 - INFO - 216 fields remaining
2024-07-01 16:27:13,383 - INFO - Now analyzing field ID CA_31830
2024-07-01 16:27:30,962 - INFO - Successful
2024-07-01 16:27:30,962 - INFO - 215 fields remaining
2024-07-01 16:27:30,962 - INFO - Now analyzing field ID CA_31256
2024-07-01 16:27:47,989 - INFO - Successful
2024-07-01 16:27:47,989 - INFO - 214 fields remaining
2024-07-01 16:27:47,989 - INFO - Now analyzing field ID CA_52501
2024-07-01 16:28:03,515 - INFO - Successful
2024-07-01 16:28:03,517 - INFO - 213 fields remaining
2024-07-01 16:28:03,517 - INFO - Now analyzing field ID CA_44219
2024-07-01 16:28:21,601 - INFO - Successful
2024-07-01 16:28:21,601 - INFO - 212 fields remaining
2024-07-01 16:28:21,601 - INFO - Now analyzing field ID CA_225626
2024-07-01 16:28:39,131 - INFO - Successful
2024-07-01 16:28:39,131 - INFO - 211 fields remaining
2024-07-01 16:28:39,131 - INFO - Now analyzing field ID CA_57810
2024-07-01 16:28:57,440 - INFO - Successful
2024-07-01 16:28:57,440 - INFO - 210 fields remaining
2024-07-01 16:28:57,441 - INFO - Now analyzing field ID CA_55252
2024-07-01 16:29:13,759 - INFO - Successful
2024-07-01 16:29:13,759 - INFO - 209 fields remaining
2024-07-01 16:29:13,759 - INFO - Now analyzing field ID CA_53305
2024-07-01 16:29:30,761 - INFO - Successful
2024-07-01 16:29:30,761 - INFO - 208 fields remaining
2024-07-01 16:29:30,762 - INFO - Now analyzing field ID CA_54616
2024-07-01 16:29:48,880 - INFO - Successful
2024-07-01 16:29:48,880 - INFO - 207 fields remaining
2024-07-01 16:29:48,881 - INFO - Now analyzing field ID CA_43699
2024-07-01 16:30:07,003 - INFO - Successful
2024-07-01 16:30:07,003 - INFO - 206 fields remaining
2024-07-01 16:30:07,003 - INFO - Now analyzing field ID CA_50989
2024-07-01 16:30:23,274 - INFO - Successful
2024-07-01 16:30:23,274 - INFO - 205 fields remaining
2024-07-01 16:30:23,275 - INFO - Now analyzing field ID CA_54688
2024-07-01 16:30:42,377 - INFO - Successful
2024-07-01 16:30:42,377 - INFO - 204 fields remaining
2024-07-01 16:30:42,377 - INFO - Now analyzing field ID CA_226101
2024-07-01 16:31:02,503 - INFO - Successful
2024-07-01 16:31:02,504 - INFO - 203 fields remaining
2024-07-01 16:31:02,504 - INFO - Now analyzing field ID CA_228776
2024-07-01 16:31:20,958 - INFO - Successful
2024-07-01 16:31:20,958 - INFO - 202 fields remaining
2024-07-01 16:31:20,958 - INFO - Now analyzing field ID CA_37042
2024-07-01 16:31:39,379 - INFO - Successful
2024-07-01 16:31:39,379 - INFO - 201 fields remaining
2024-07-01 16:31:39,379 - INFO - Now analyzing field ID CA_226270
2024-07-01 16:31:57,198 - INFO - Successful
2024-07-01 16:31:57,199 - INFO - 200 fields remaining
2024-07-01 16:31:57,199 - INFO - Now analyzing field ID CA_54305
2024-07-01 16:32:16,249 - INFO - Successful
2024-07-01 16:32:16,249 - INFO - 199 fields remaining
2024-07-01 16:32:16,249 - INFO - Now analyzing field ID CA_128033
2024-07-01 16:32:36,292 - INFO - Successful
2024-07-01 16:32:36,292 - INFO - 198 fields remaining
2024-07-01 16:32:36,292 - INFO - Now analyzing field ID CA_23925
2024-07-01 16:32:52,941 - INFO - Successful
2024-07-01 16:32:52,941 - INFO - 197 fields remaining
2024-07-01 16:32:52,941 - INFO - Now analyzing field ID CA_119712
2024-07-01 16:33:10,307 - INFO - Successful
2024-07-01 16:33:10,307 - INFO - 196 fields remaining
2024-07-01 16:33:10,307 - INFO - Now analyzing field ID CA_112646
2024-07-01 16:33:32,445 - INFO - Successful
2024-07-01 16:33:32,445 - INFO - 195 fields remaining
2024-07-01 16:33:32,445 - INFO - Now analyzing field ID CA_235415
2024-07-01 16:33:51,789 - INFO - Successful
2024-07-01 16:33:51,789 - INFO - 194 fields remaining
2024-07-01 16:33:51,789 - INFO - Now analyzing field ID CA_129661
2024-07-01 16:34:12,894 - INFO - Successful
2024-07-01 16:34:12,894 - INFO - 193 fields remaining
2024-07-01 16:34:12,894 - INFO - Now analyzing field ID CA_227632
2024-07-01 16:34:31,587 - INFO - Successful
2024-07-01 16:34:31,587 - INFO - 192 fields remaining
2024-07-01 16:34:31,587 - INFO - Now analyzing field ID CA_227400
2024-07-01 16:34:49,724 - INFO - Successful
2024-07-01 16:34:49,724 - INFO - 191 fields remaining
2024-07-01 16:34:49,724 - INFO - Now analyzing field ID CA_227224
2024-07-01 16:35:08,869 - INFO - Successful
2024-07-01 16:35:08,869 - INFO - 190 fields remaining
2024-07-01 16:35:08,869 - INFO - Now analyzing field ID CA_130000
2024-07-01 16:35:27,108 - INFO - Successful
2024-07-01 16:35:27,108 - INFO - 189 fields remaining
2024-07-01 16:35:27,108 - INFO - Now analyzing field ID CA_129664
2024-07-01 16:35:46,203 - INFO - Successful
2024-07-01 16:35:46,203 - INFO - 188 fields remaining
2024-07-01 16:35:46,203 - INFO - Now analyzing field ID CA_119945
2024-07-01 16:36:13,002 - INFO - Successful
2024-07-01 16:36:13,002 - INFO - 187 fields remaining
2024-07-01 16:36:13,002 - INFO - Now analyzing field ID CA_48511
2024-07-01 16:36:32,437 - INFO - Successful
2024-07-01 16:36:32,437 - INFO - 186 fields remaining
2024-07-01 16:36:32,437 - INFO - Now analyzing field ID CA_131232
2024-07-01 16:36:52,079 - INFO - Successful
2024-07-01 16:36:52,079 - INFO - 185 fields remaining
2024-07-01 16:36:52,080 - INFO - Now analyzing field ID CA_110176
2024-07-01 16:37:10,451 - INFO - Successful
2024-07-01 16:37:10,451 - INFO - 184 fields remaining
2024-07-01 16:37:10,451 - INFO - Now analyzing field ID CA_235534
2024-07-01 16:37:33,944 - INFO - Successful
2024-07-01 16:37:33,944 - INFO - 183 fields remaining
2024-07-01 16:37:33,944 - INFO - Now analyzing field ID CA_113720
2024-07-01 16:38:02,035 - INFO - Successful
2024-07-01 16:38:02,035 - INFO - 182 fields remaining
2024-07-01 16:38:02,035 - INFO - Now analyzing field ID CA_29966
2024-07-01 16:38:19,524 - INFO - Successful
2024-07-01 16:38:19,524 - INFO - 181 fields remaining
2024-07-01 16:38:19,524 - INFO - Now analyzing field ID CA_128901
2024-07-01 16:38:38,746 - INFO - Successful
2024-07-01 16:38:38,746 - INFO - 180 fields remaining
2024-07-01 16:38:38,746 - INFO - Now analyzing field ID CA_130291
2024-07-01 16:39:04,761 - INFO - Successful
2024-07-01 16:39:04,761 - INFO - 179 fields remaining
2024-07-01 16:39:04,761 - INFO - Now analyzing field ID CA_110959
2024-07-01 16:39:31,061 - INFO - Successful
2024-07-01 16:39:31,061 - INFO - 178 fields remaining
2024-07-01 16:39:31,061 - INFO - Now analyzing field ID CA_122175
2024-07-01 16:39:50,249 - INFO - Successful
2024-07-01 16:39:50,249 - INFO - 177 fields remaining
2024-07-01 16:39:50,250 - INFO - Now analyzing field ID CA_110883
2024-07-01 16:40:08,159 - INFO - Successful
2024-07-01 16:40:08,159 - INFO - 176 fields remaining
2024-07-01 16:40:08,159 - INFO - Now analyzing field ID CA_130897
2024-07-01 16:40:28,876 - INFO - Successful
2024-07-01 16:40:28,877 - INFO - 175 fields remaining
2024-07-01 16:40:28,877 - INFO - Now analyzing field ID CA_121410
2024-07-01 16:40:45,489 - INFO - Successful
2024-07-01 16:40:45,490 - INFO - 174 fields remaining
2024-07-01 16:40:45,490 - INFO - Now analyzing field ID CA_51452
2024-07-01 16:41:02,395 - INFO - Successful
2024-07-01 16:41:02,395 - INFO - 173 fields remaining
2024-07-01 16:41:02,395 - INFO - Now analyzing field ID CA_119568
2024-07-01 16:41:21,792 - INFO - Successful
2024-07-01 16:41:21,792 - INFO - 172 fields remaining
2024-07-01 16:41:21,792 - INFO - Now analyzing field ID CA_110718
2024-07-01 16:41:40,231 - INFO - Successful
2024-07-01 16:41:40,231 - INFO - 171 fields remaining
2024-07-01 16:41:40,231 - INFO - Now analyzing field ID CA_122403
2024-07-01 16:42:07,319 - INFO - Successful
2024-07-01 16:42:07,319 - INFO - 170 fields remaining
2024-07-01 16:42:07,319 - INFO - Now analyzing field ID CA_118357
2024-07-01 16:42:24,048 - INFO - Successful
2024-07-01 16:42:24,048 - INFO - 169 fields remaining
2024-07-01 16:42:24,048 - INFO - Now analyzing field ID CA_121623
2024-07-01 16:42:42,437 - INFO - Successful
2024-07-01 16:42:42,437 - INFO - 168 fields remaining
2024-07-01 16:42:42,437 - INFO - Now analyzing field ID CA_53071
2024-07-01 16:43:00,029 - INFO - Successful
2024-07-01 16:43:00,029 - INFO - 167 fields remaining
2024-07-01 16:43:00,029 - INFO - Now analyzing field ID CA_118917
2024-07-01 16:43:22,052 - INFO - Successful
2024-07-01 16:43:22,052 - INFO - 166 fields remaining
2024-07-01 16:43:22,052 - INFO - Now analyzing field ID CA_132535
2024-07-01 16:43:41,709 - INFO - Successful
2024-07-01 16:43:41,709 - INFO - 165 fields remaining
2024-07-01 16:43:41,709 - INFO - Now analyzing field ID CA_132720
2024-07-01 16:44:03,018 - INFO - Successful
2024-07-01 16:44:03,018 - INFO - 164 fields remaining
2024-07-01 16:44:03,018 - INFO - Now analyzing field ID CA_225250
2024-07-01 16:44:25,213 - INFO - Successful
2024-07-01 16:44:25,213 - INFO - 163 fields remaining
2024-07-01 16:44:25,214 - INFO - Now analyzing field ID CA_2468
2024-07-01 16:44:44,416 - INFO - Successful
2024-07-01 16:44:44,416 - INFO - 162 fields remaining
2024-07-01 16:44:44,417 - INFO - Now analyzing field ID CA_5256
2024-07-01 16:45:11,069 - INFO - Successful
2024-07-01 16:45:11,069 - INFO - 161 fields remaining
2024-07-01 16:45:11,069 - INFO - Now analyzing field ID CA_5907
2024-07-01 16:45:29,841 - INFO - Successful
2024-07-01 16:45:29,842 - INFO - 160 fields remaining
2024-07-01 16:45:29,842 - INFO - Now analyzing field ID CA_28177
2024-07-01 16:45:48,823 - INFO - Successful
2024-07-01 16:45:48,823 - INFO - 159 fields remaining
2024-07-01 16:45:48,823 - INFO - Now analyzing field ID CA_26875
2024-07-01 16:46:15,811 - INFO - Successful
2024-07-01 16:46:15,811 - INFO - 158 fields remaining
2024-07-01 16:46:15,811 - INFO - Now analyzing field ID CA_150688
2024-07-01 16:46:33,373 - INFO - Successful
2024-07-01 16:46:33,374 - INFO - 157 fields remaining
2024-07-01 16:46:33,374 - INFO - Now analyzing field ID CA_117618
2024-07-01 16:46:51,035 - INFO - Successful
2024-07-01 16:46:51,035 - INFO - 156 fields remaining
2024-07-01 16:46:51,035 - INFO - Now analyzing field ID CA_181084
2024-07-01 16:47:09,121 - INFO - Successful
2024-07-01 16:47:09,121 - INFO - 155 fields remaining
2024-07-01 16:47:09,121 - INFO - Now analyzing field ID CA_180936
2024-07-01 16:47:29,622 - INFO - Successful
2024-07-01 16:47:29,623 - INFO - 154 fields remaining
2024-07-01 16:47:29,623 - INFO - Now analyzing field ID CA_180684
2024-07-01 16:47:48,081 - INFO - Successful
2024-07-01 16:47:48,081 - INFO - 153 fields remaining
2024-07-01 16:47:48,081 - INFO - Now analyzing field ID CA_179935
2024-07-01 16:48:11,143 - INFO - Successful
2024-07-01 16:48:11,143 - INFO - 152 fields remaining
2024-07-01 16:48:11,143 - INFO - Now analyzing field ID CA_177775
2024-07-01 16:48:30,952 - INFO - Successful
2024-07-01 16:48:30,952 - INFO - 151 fields remaining
2024-07-01 16:48:30,952 - INFO - Now analyzing field ID CA_171395
2024-07-01 16:48:48,812 - INFO - Successful
2024-07-01 16:48:48,813 - INFO - 150 fields remaining
2024-07-01 16:48:48,813 - INFO - Now analyzing field ID CA_169486
2024-07-01 16:49:06,050 - INFO - Successful
2024-07-01 16:49:06,051 - INFO - 149 fields remaining
2024-07-01 16:49:06,051 - INFO - Now analyzing field ID CA_168467
2024-07-01 16:49:23,829 - INFO - Successful
2024-07-01 16:49:23,829 - INFO - 148 fields remaining
2024-07-01 16:49:23,829 - INFO - Now analyzing field ID CA_158327
2024-07-01 16:49:48,142 - INFO - Successful
2024-07-01 16:49:48,142 - INFO - 147 fields remaining
2024-07-01 16:49:48,142 - INFO - Now analyzing field ID CA_157076
2024-07-01 16:50:08,173 - INFO - Successful
2024-07-01 16:50:08,173 - INFO - 146 fields remaining
2024-07-01 16:50:08,175 - INFO - Now analyzing field ID CA_115464
2024-07-01 16:50:26,844 - INFO - Successful
2024-07-01 16:50:26,845 - INFO - 145 fields remaining
2024-07-01 16:50:26,845 - INFO - Now analyzing field ID CA_169006
2024-07-01 16:50:47,392 - INFO - Successful
2024-07-01 16:50:47,392 - INFO - 144 fields remaining
2024-07-01 16:50:47,392 - INFO - Now analyzing field ID CA_149305
2024-07-01 16:51:05,097 - INFO - Successful
2024-07-01 16:51:05,097 - INFO - 143 fields remaining
2024-07-01 16:51:05,097 - INFO - Now analyzing field ID CA_116825
2024-07-01 16:51:23,548 - INFO - Successful
2024-07-01 16:51:23,548 - INFO - 142 fields remaining
2024-07-01 16:51:23,548 - INFO - Now analyzing field ID CA_156542
2024-07-01 16:51:42,480 - INFO - Successful
2024-07-01 16:51:42,480 - INFO - 141 fields remaining
2024-07-01 16:51:42,480 - INFO - Now analyzing field ID CA_27730
2024-07-01 16:52:03,724 - INFO - Successful
2024-07-01 16:52:03,724 - INFO - 140 fields remaining
2024-07-01 16:52:03,724 - INFO - Now analyzing field ID CA_11216
2024-07-01 16:52:23,739 - INFO - Successful
2024-07-01 16:52:23,739 - INFO - 139 fields remaining
2024-07-01 16:52:23,739 - INFO - Now analyzing field ID CA_150636
2024-07-01 16:52:41,805 - INFO - Successful
2024-07-01 16:52:41,805 - INFO - 138 fields remaining
2024-07-01 16:52:41,805 - INFO - Now analyzing field ID CA_225292
2024-07-01 16:53:00,145 - INFO - Successful
2024-07-01 16:53:00,145 - INFO - 137 fields remaining
2024-07-01 16:53:00,145 - INFO - Now analyzing field ID CA_115801
2024-07-01 16:53:18,156 - INFO - Successful
2024-07-01 16:53:18,156 - INFO - 136 fields remaining
2024-07-01 16:53:18,157 - INFO - Now analyzing field ID CA_117389
2024-07-01 16:53:39,949 - INFO - Successful
2024-07-01 16:53:39,949 - INFO - 135 fields remaining
2024-07-01 16:53:39,950 - INFO - Now analyzing field ID CA_152508
2024-07-01 16:54:01,011 - INFO - Successful
2024-07-01 16:54:01,011 - INFO - 134 fields remaining
2024-07-01 16:54:01,011 - INFO - Now analyzing field ID CA_28297
2024-07-01 16:54:21,887 - INFO - Successful
2024-07-01 16:54:21,887 - INFO - 133 fields remaining
2024-07-01 16:54:21,887 - INFO - Now analyzing field ID CA_116294
2024-07-01 16:54:43,555 - INFO - Successful
2024-07-01 16:54:43,555 - INFO - 132 fields remaining
2024-07-01 16:54:43,555 - INFO - Now analyzing field ID CA_151516
2024-07-01 16:55:09,757 - INFO - Successful
2024-07-01 16:55:09,757 - INFO - 131 fields remaining
2024-07-01 16:55:09,757 - INFO - Now analyzing field ID CA_223445
2024-07-01 16:55:30,290 - INFO - Successful
2024-07-01 16:55:30,290 - INFO - 130 fields remaining
2024-07-01 16:55:30,290 - INFO - Now analyzing field ID CA_166317
2024-07-01 16:55:47,990 - INFO - Successful
2024-07-01 16:55:47,990 - INFO - 129 fields remaining
2024-07-01 16:55:47,991 - INFO - Now analyzing field ID CA_12291
2024-07-01 16:56:06,355 - INFO - Successful
2024-07-01 16:56:06,355 - INFO - 128 fields remaining
2024-07-01 16:56:06,355 - INFO - Now analyzing field ID CA_25726
2024-07-01 16:56:28,073 - INFO - Successful
2024-07-01 16:56:28,074 - INFO - 127 fields remaining
2024-07-01 16:56:28,074 - INFO - Now analyzing field ID CA_165479
2024-07-01 16:56:56,216 - INFO - Successful
2024-07-01 16:56:56,216 - INFO - 126 fields remaining
2024-07-01 16:56:56,216 - INFO - Now analyzing field ID CA_165275
2024-07-01 16:57:15,564 - INFO - Successful
2024-07-01 16:57:15,564 - INFO - 125 fields remaining
2024-07-01 16:57:15,564 - INFO - Now analyzing field ID CA_165541
2024-07-01 16:57:38,839 - INFO - Successful
2024-07-01 16:57:38,839 - INFO - 124 fields remaining
2024-07-01 16:57:38,839 - INFO - Now analyzing field ID CA_180087
2024-07-01 16:57:59,817 - INFO - Successful
2024-07-01 16:57:59,817 - INFO - 123 fields remaining
2024-07-01 16:57:59,818 - INFO - Now analyzing field ID CA_147819
2024-07-01 16:58:20,150 - INFO - Successful
2024-07-01 16:58:20,150 - INFO - 122 fields remaining
2024-07-01 16:58:20,150 - INFO - Now analyzing field ID CA_213142
2024-07-01 16:58:39,439 - INFO - Successful
2024-07-01 16:58:39,439 - INFO - 121 fields remaining
2024-07-01 16:58:39,439 - INFO - Now analyzing field ID CA_210979
2024-07-01 16:58:56,839 - INFO - Successful
2024-07-01 16:58:56,839 - INFO - 120 fields remaining
2024-07-01 16:58:56,839 - INFO - Now analyzing field ID CA_210817
2024-07-01 16:59:16,034 - INFO - Successful
2024-07-01 16:59:16,034 - INFO - 119 fields remaining
2024-07-01 16:59:16,034 - INFO - Now analyzing field ID CA_210797
2024-07-01 16:59:34,080 - INFO - Successful
2024-07-01 16:59:34,080 - INFO - 118 fields remaining
2024-07-01 16:59:34,080 - INFO - Now analyzing field ID CA_209730
2024-07-01 16:59:51,288 - INFO - Successful
2024-07-01 16:59:51,288 - INFO - 117 fields remaining
2024-07-01 16:59:51,288 - INFO - Now analyzing field ID CA_209424
2024-07-01 17:00:09,111 - INFO - Successful
2024-07-01 17:00:09,112 - INFO - 116 fields remaining
2024-07-01 17:00:09,112 - INFO - Now analyzing field ID CA_177425
2024-07-01 17:00:30,336 - INFO - Successful
2024-07-01 17:00:30,336 - INFO - 115 fields remaining
2024-07-01 17:00:30,336 - INFO - Now analyzing field ID CA_152680
2024-07-01 17:00:49,706 - INFO - Successful
2024-07-01 17:00:49,706 - INFO - 114 fields remaining
2024-07-01 17:00:49,706 - INFO - Now analyzing field ID CA_218705
2024-07-01 17:01:07,125 - INFO - Successful
2024-07-01 17:01:07,125 - INFO - 113 fields remaining
2024-07-01 17:01:07,126 - INFO - Now analyzing field ID CA_181926
2024-07-01 17:01:26,469 - INFO - Successful
2024-07-01 17:01:26,469 - INFO - 112 fields remaining
2024-07-01 17:01:26,469 - INFO - Now analyzing field ID CA_179090
2024-07-01 17:01:45,409 - INFO - Successful
2024-07-01 17:01:45,409 - INFO - 111 fields remaining
2024-07-01 17:01:45,409 - INFO - Now analyzing field ID CA_178583
2024-07-01 17:02:04,723 - INFO - Successful
2024-07-01 17:02:04,723 - INFO - 110 fields remaining
2024-07-01 17:02:04,724 - INFO - Now analyzing field ID CA_178552
2024-07-01 17:02:22,955 - INFO - Successful
2024-07-01 17:02:22,955 - INFO - 109 fields remaining
2024-07-01 17:02:22,955 - INFO - Now analyzing field ID CA_171957
2024-07-01 17:02:42,793 - INFO - Successful
2024-07-01 17:02:42,793 - INFO - 108 fields remaining
2024-07-01 17:02:42,793 - INFO - Now analyzing field ID CA_170091
2024-07-01 17:03:02,226 - INFO - Successful
2024-07-01 17:03:02,227 - INFO - 107 fields remaining
2024-07-01 17:03:02,227 - INFO - Now analyzing field ID CA_167160
2024-07-01 17:03:23,295 - INFO - Successful
2024-07-01 17:03:23,295 - INFO - 106 fields remaining
2024-07-01 17:03:23,295 - INFO - Now analyzing field ID CA_167092
2024-07-01 17:03:49,149 - INFO - Successful
2024-07-01 17:03:49,149 - INFO - 105 fields remaining
2024-07-01 17:03:49,149 - INFO - Now analyzing field ID CA_166718
2024-07-01 17:04:09,216 - INFO - Successful
2024-07-01 17:04:09,216 - INFO - 104 fields remaining
2024-07-01 17:04:09,216 - INFO - Now analyzing field ID CA_163993
2024-07-01 17:04:28,767 - INFO - Successful
2024-07-01 17:04:28,767 - INFO - 103 fields remaining
2024-07-01 17:04:28,767 - INFO - Now analyzing field ID CA_161125
2024-07-01 17:04:47,757 - INFO - Successful
2024-07-01 17:04:47,757 - INFO - 102 fields remaining
2024-07-01 17:04:47,757 - INFO - Now analyzing field ID CA_160405
2024-07-01 17:05:06,657 - INFO - Successful
2024-07-01 17:05:06,657 - INFO - 101 fields remaining
2024-07-01 17:05:06,657 - INFO - Now analyzing field ID CA_160350
2024-07-01 17:05:45,190 - INFO - Successful
2024-07-01 17:05:45,190 - INFO - 100 fields remaining
2024-07-01 17:05:45,190 - INFO - Now analyzing field ID CA_160120
2024-07-01 17:06:01,688 - INFO - Successful
2024-07-01 17:06:01,688 - INFO - 99 fields remaining
2024-07-01 17:06:01,689 - INFO - Now analyzing field ID CA_160028
2024-07-01 17:06:21,025 - INFO - Successful
2024-07-01 17:06:21,026 - INFO - 98 fields remaining
2024-07-01 17:06:21,026 - INFO - Now analyzing field ID CA_159621
2024-07-01 17:06:42,812 - INFO - Successful
2024-07-01 17:06:42,812 - INFO - 97 fields remaining
2024-07-01 17:06:42,813 - INFO - Now analyzing field ID CA_157772
2024-07-01 17:07:02,512 - INFO - Successful
2024-07-01 17:07:02,512 - INFO - 96 fields remaining
2024-07-01 17:07:02,512 - INFO - Now analyzing field ID CA_152516
2024-07-01 17:07:22,126 - INFO - Successful
2024-07-01 17:07:22,127 - INFO - 95 fields remaining
2024-07-01 17:07:22,127 - INFO - Now analyzing field ID CA_166979
2024-07-01 17:07:41,545 - INFO - Successful
2024-07-01 17:07:41,545 - INFO - 94 fields remaining
2024-07-01 17:07:41,545 - INFO - Now analyzing field ID CA_178248
2024-07-01 17:07:59,837 - INFO - Successful
2024-07-01 17:07:59,837 - INFO - 93 fields remaining
2024-07-01 17:07:59,837 - INFO - Now analyzing field ID CA_146308
2024-07-01 17:08:20,107 - INFO - Successful
2024-07-01 17:08:20,107 - INFO - 92 fields remaining
2024-07-01 17:08:20,107 - INFO - Now analyzing field ID CA_149265
2024-07-01 17:08:38,621 - INFO - Successful
2024-07-01 17:08:38,621 - INFO - 91 fields remaining
2024-07-01 17:08:38,621 - INFO - Now analyzing field ID CA_149799
2024-07-01 17:08:56,578 - INFO - Successful
2024-07-01 17:08:56,578 - INFO - 90 fields remaining
2024-07-01 17:08:56,578 - INFO - Now analyzing field ID CA_151019
2024-07-01 17:09:13,409 - INFO - Successful
2024-07-01 17:09:13,409 - INFO - 89 fields remaining
2024-07-01 17:09:13,410 - INFO - Now analyzing field ID CA_150220
2024-07-01 17:09:29,875 - INFO - Successful
2024-07-01 17:09:29,875 - INFO - 88 fields remaining
2024-07-01 17:09:29,875 - INFO - Now analyzing field ID CA_213840
2024-07-01 17:09:49,968 - INFO - Successful
2024-07-01 17:09:49,968 - INFO - 87 fields remaining
2024-07-01 17:09:49,968 - INFO - Now analyzing field ID CA_142793
2024-07-01 17:10:08,524 - INFO - Successful
2024-07-01 17:10:08,524 - INFO - 86 fields remaining
2024-07-01 17:10:08,524 - INFO - Now analyzing field ID CA_182086
2024-07-01 17:10:26,520 - INFO - Successful
2024-07-01 17:10:26,520 - INFO - 85 fields remaining
2024-07-01 17:10:26,520 - INFO - Now analyzing field ID CA_180321
2024-07-01 17:10:46,702 - INFO - Successful
2024-07-01 17:10:46,702 - INFO - 84 fields remaining
2024-07-01 17:10:46,702 - INFO - Now analyzing field ID CA_153170
2024-07-01 17:11:06,242 - INFO - Successful
2024-07-01 17:11:06,242 - INFO - 83 fields remaining
2024-07-01 17:11:06,242 - INFO - Now analyzing field ID CA_187438
2024-07-01 17:11:24,723 - INFO - Successful
2024-07-01 17:11:24,723 - INFO - 82 fields remaining
2024-07-01 17:11:24,723 - INFO - Now analyzing field ID CA_197684
2024-07-01 17:11:46,855 - INFO - Successful
2024-07-01 17:11:46,856 - INFO - 81 fields remaining
2024-07-01 17:11:46,856 - INFO - Now analyzing field ID CA_186949
2024-07-01 17:12:27,276 - INFO - Successful
2024-07-01 17:12:27,277 - INFO - 80 fields remaining
2024-07-01 17:12:27,277 - INFO - Now analyzing field ID CA_213630
2024-07-01 17:12:47,012 - INFO - Successful
2024-07-01 17:12:47,012 - INFO - 79 fields remaining
2024-07-01 17:12:47,012 - INFO - Now analyzing field ID CA_203822
2024-07-01 17:13:07,120 - INFO - Successful
2024-07-01 17:13:07,120 - INFO - 78 fields remaining
2024-07-01 17:13:07,120 - INFO - Now analyzing field ID CA_198018
2024-07-01 17:13:27,200 - INFO - Successful
2024-07-01 17:13:27,200 - INFO - 77 fields remaining
2024-07-01 17:13:27,200 - INFO - Now analyzing field ID CA_186870
2024-07-01 17:13:48,865 - INFO - Successful
2024-07-01 17:13:48,865 - INFO - 76 fields remaining
2024-07-01 17:13:48,865 - INFO - Now analyzing field ID CA_214914
2024-07-01 17:14:20,330 - INFO - Successful
2024-07-01 17:14:20,330 - INFO - 75 fields remaining
2024-07-01 17:14:20,330 - INFO - Now analyzing field ID CA_211378
2024-07-01 17:14:42,875 - INFO - Successful
2024-07-01 17:14:42,875 - INFO - 74 fields remaining
2024-07-01 17:14:42,875 - INFO - Now analyzing field ID CA_199904
2024-07-01 17:15:06,232 - INFO - Successful
2024-07-01 17:15:06,233 - INFO - 73 fields remaining
2024-07-01 17:15:06,233 - INFO - Now analyzing field ID CA_241534
2024-07-01 17:15:24,572 - INFO - Successful
2024-07-01 17:15:24,573 - INFO - 72 fields remaining
2024-07-01 17:15:24,573 - INFO - Now analyzing field ID CA_186283
2024-07-01 17:15:46,196 - INFO - Successful
2024-07-01 17:15:46,196 - INFO - 71 fields remaining
2024-07-01 17:15:46,196 - INFO - Now analyzing field ID CA_242010
2024-07-01 17:16:06,071 - INFO - Successful
2024-07-01 17:16:06,071 - INFO - 70 fields remaining
2024-07-01 17:16:06,071 - INFO - Now analyzing field ID CA_241505
2024-07-01 17:16:25,208 - INFO - Successful
2024-07-01 17:16:25,208 - INFO - 69 fields remaining
2024-07-01 17:16:25,208 - INFO - Now analyzing field ID CA_211137
2024-07-01 17:16:47,453 - INFO - Successful
2024-07-01 17:16:47,453 - INFO - 68 fields remaining
2024-07-01 17:16:47,453 - INFO - Now analyzing field ID CA_204773
2024-07-01 17:17:09,268 - INFO - Successful
2024-07-01 17:17:09,269 - INFO - 67 fields remaining
2024-07-01 17:17:09,269 - INFO - Now analyzing field ID CA_203481
2024-07-01 17:17:26,322 - INFO - Successful
2024-07-01 17:17:26,322 - INFO - 66 fields remaining
2024-07-01 17:17:26,322 - INFO - Now analyzing field ID CA_199886
2024-07-01 17:17:45,415 - INFO - Successful
2024-07-01 17:17:45,415 - INFO - 65 fields remaining
2024-07-01 17:17:45,415 - INFO - Now analyzing field ID CA_199389
2024-07-01 17:18:05,591 - INFO - Successful
2024-07-01 17:18:05,591 - INFO - 64 fields remaining
2024-07-01 17:18:05,591 - INFO - Now analyzing field ID CA_199621
2024-07-01 17:18:26,974 - INFO - Successful
2024-07-01 17:18:26,974 - INFO - 63 fields remaining
2024-07-01 17:18:26,975 - INFO - Now analyzing field ID CA_214741
2024-07-01 17:18:48,838 - INFO - Successful
2024-07-01 17:18:48,838 - INFO - 62 fields remaining
2024-07-01 17:18:48,838 - INFO - Now analyzing field ID CA_214463
2024-07-01 17:19:08,250 - INFO - Successful
2024-07-01 17:19:08,250 - INFO - 61 fields remaining
2024-07-01 17:19:08,250 - INFO - Now analyzing field ID CA_205669
2024-07-01 17:19:26,776 - INFO - Successful
2024-07-01 17:19:26,776 - INFO - 60 fields remaining
2024-07-01 17:19:26,776 - INFO - Now analyzing field ID CA_237235
2024-07-01 17:19:45,423 - INFO - Successful
2024-07-01 17:19:45,423 - INFO - 59 fields remaining
2024-07-01 17:19:45,423 - INFO - Now analyzing field ID CA_218504
2024-07-01 17:20:01,748 - INFO - Successful
2024-07-01 17:20:01,749 - INFO - 58 fields remaining
2024-07-01 17:20:01,749 - INFO - Now analyzing field ID CA_206280
2024-07-01 17:20:22,673 - INFO - Successful
2024-07-01 17:20:22,673 - INFO - 57 fields remaining
2024-07-01 17:20:22,673 - INFO - Now analyzing field ID CA_198392
2024-07-01 17:20:43,189 - INFO - Successful
2024-07-01 17:20:43,189 - INFO - 56 fields remaining
2024-07-01 17:20:43,189 - INFO - Now analyzing field ID CA_218326
2024-07-01 17:21:00,543 - INFO - Successful
2024-07-01 17:21:00,543 - INFO - 55 fields remaining
2024-07-01 17:21:00,543 - INFO - Now analyzing field ID CA_197206
2024-07-01 17:21:23,321 - INFO - Successful
2024-07-01 17:21:23,321 - INFO - 54 fields remaining
2024-07-01 17:21:23,322 - INFO - Now analyzing field ID CA_202362
2024-07-01 17:21:43,535 - INFO - Successful
2024-07-01 17:21:43,535 - INFO - 53 fields remaining
2024-07-01 17:21:43,535 - INFO - Now analyzing field ID CA_197548
2024-07-01 17:22:04,447 - INFO - Successful
2024-07-01 17:22:04,447 - INFO - 52 fields remaining
2024-07-01 17:22:04,447 - INFO - Now analyzing field ID CA_206014
2024-07-01 17:22:22,219 - INFO - Successful
2024-07-01 17:22:22,219 - INFO - 51 fields remaining
2024-07-01 17:22:22,219 - INFO - Now analyzing field ID CA_196350
2024-07-01 17:22:43,806 - INFO - Successful
2024-07-01 17:22:43,806 - INFO - 50 fields remaining
2024-07-01 17:22:43,806 - INFO - Now analyzing field ID CA_196217
2024-07-01 17:23:07,255 - INFO - Successful
2024-07-01 17:23:07,255 - INFO - 49 fields remaining
2024-07-01 17:23:07,255 - INFO - Now analyzing field ID CA_194654
2024-07-01 17:23:29,738 - INFO - Successful
2024-07-01 17:23:29,738 - INFO - 48 fields remaining
2024-07-01 17:23:29,739 - INFO - Now analyzing field ID CA_207336
2024-07-01 17:23:52,349 - INFO - Successful
2024-07-01 17:23:52,350 - INFO - 47 fields remaining
2024-07-01 17:23:52,350 - INFO - Now analyzing field ID CA_207283
2024-07-01 17:24:13,384 - INFO - Successful
2024-07-01 17:24:13,384 - INFO - 46 fields remaining
2024-07-01 17:24:13,384 - INFO - Now analyzing field ID CA_206394
2024-07-01 17:24:33,589 - INFO - Successful
2024-07-01 17:24:33,591 - INFO - 45 fields remaining
2024-07-01 17:24:33,591 - INFO - Now analyzing field ID CA_205074
2024-07-01 17:24:52,329 - INFO - Successful
2024-07-01 17:24:52,329 - INFO - 44 fields remaining
2024-07-01 17:24:52,329 - INFO - Now analyzing field ID CA_201209
2024-07-01 17:25:15,526 - INFO - Successful
2024-07-01 17:25:15,526 - INFO - 43 fields remaining
2024-07-01 17:25:15,526 - INFO - Now analyzing field ID CA_196039
2024-07-01 17:25:33,757 - INFO - Successful
2024-07-01 17:25:33,757 - INFO - 42 fields remaining
2024-07-01 17:25:33,757 - INFO - Now analyzing field ID CA_195552
2024-07-01 17:25:55,515 - INFO - Successful
2024-07-01 17:25:55,515 - INFO - 41 fields remaining
2024-07-01 17:25:55,515 - INFO - Now analyzing field ID CA_195055
2024-07-01 17:26:19,645 - INFO - Successful
2024-07-01 17:26:19,645 - INFO - 40 fields remaining
2024-07-01 17:26:19,646 - INFO - Now analyzing field ID CA_218496
2024-07-01 17:26:39,786 - INFO - Successful
2024-07-01 17:26:39,786 - INFO - 39 fields remaining
2024-07-01 17:26:39,786 - INFO - Now analyzing field ID CA_218428
2024-07-01 17:26:59,116 - INFO - Successful
2024-07-01 17:26:59,116 - INFO - 38 fields remaining
2024-07-01 17:26:59,116 - INFO - Now analyzing field ID CA_185399
2024-07-01 17:27:19,165 - INFO - Successful
2024-07-01 17:27:19,166 - INFO - 37 fields remaining
2024-07-01 17:27:19,166 - INFO - Now analyzing field ID CA_219484
2024-07-01 17:27:37,215 - INFO - Successful
2024-07-01 17:27:37,215 - INFO - 36 fields remaining
2024-07-01 17:27:37,215 - INFO - Now analyzing field ID CA_243548
2024-07-01 17:27:55,728 - INFO - Successful
2024-07-01 17:27:55,729 - INFO - 35 fields remaining
2024-07-01 17:27:55,729 - INFO - Now analyzing field ID CA_240061
2024-07-01 17:28:19,735 - INFO - Successful
2024-07-01 17:28:19,735 - INFO - 34 fields remaining
2024-07-01 17:28:19,735 - INFO - Now analyzing field ID CA_221043
2024-07-01 17:28:38,325 - INFO - Successful
2024-07-01 17:28:38,325 - INFO - 33 fields remaining
2024-07-01 17:28:38,326 - INFO - Now analyzing field ID CA_218007
2024-07-01 17:28:57,841 - INFO - Successful
2024-07-01 17:28:57,841 - INFO - 32 fields remaining
2024-07-01 17:28:57,841 - INFO - Now analyzing field ID CA_216615
2024-07-01 17:29:25,288 - INFO - Successful
2024-07-01 17:29:25,289 - INFO - 31 fields remaining
2024-07-01 17:29:25,289 - INFO - Now analyzing field ID CA_216205
2024-07-01 17:29:46,396 - INFO - Successful
2024-07-01 17:29:46,397 - INFO - 30 fields remaining
2024-07-01 17:29:46,397 - INFO - Now analyzing field ID CA_188282
2024-07-01 17:30:06,740 - INFO - Successful
2024-07-01 17:30:06,740 - INFO - 29 fields remaining
2024-07-01 17:30:06,740 - INFO - Now analyzing field ID CA_188163
2024-07-01 17:30:25,680 - INFO - Successful
2024-07-01 17:30:25,680 - INFO - 28 fields remaining
2024-07-01 17:30:25,680 - INFO - Now analyzing field ID CA_346051
2024-07-01 17:30:44,391 - INFO - Successful
2024-07-01 17:30:44,391 - INFO - 27 fields remaining
2024-07-01 17:30:44,391 - INFO - Now analyzing field ID CA_344981
2024-07-01 17:31:03,830 - INFO - Successful
2024-07-01 17:31:03,830 - INFO - 26 fields remaining
2024-07-01 17:31:03,830 - INFO - Now analyzing field ID CA_192944
2024-07-01 17:31:23,935 - INFO - Successful
2024-07-01 17:31:23,935 - INFO - 25 fields remaining
2024-07-01 17:31:23,935 - INFO - Now analyzing field ID CA_176261
2024-07-01 17:31:41,874 - INFO - Successful
2024-07-01 17:31:41,874 - INFO - 24 fields remaining
2024-07-01 17:31:41,874 - INFO - Now analyzing field ID CA_176246
2024-07-01 17:31:58,457 - INFO - Successful
2024-07-01 17:31:58,459 - INFO - 23 fields remaining
2024-07-01 17:31:58,459 - INFO - Now analyzing field ID CA_176041
2024-07-01 17:32:18,413 - INFO - Successful
2024-07-01 17:32:18,413 - INFO - 22 fields remaining
2024-07-01 17:32:18,414 - INFO - Now analyzing field ID CA_135342
2024-07-01 17:32:35,739 - INFO - Successful
2024-07-01 17:32:35,739 - INFO - 21 fields remaining
2024-07-01 17:32:35,739 - INFO - Now analyzing field ID CA_134803
2024-07-01 17:32:53,898 - INFO - Successful
2024-07-01 17:32:53,898 - INFO - 20 fields remaining
2024-07-01 17:32:53,898 - INFO - Now analyzing field ID CA_134482
2024-07-01 17:33:10,816 - INFO - Successful
2024-07-01 17:33:10,817 - INFO - 19 fields remaining
2024-07-01 17:33:10,817 - INFO - Now analyzing field ID CA_134009
2024-07-01 17:33:28,148 - INFO - Successful
2024-07-01 17:33:28,148 - INFO - 18 fields remaining
2024-07-01 17:33:28,148 - INFO - Now analyzing field ID CA_133883
2024-07-01 17:33:44,890 - INFO - Successful
2024-07-01 17:33:44,890 - INFO - 17 fields remaining
2024-07-01 17:33:44,890 - INFO - Now analyzing field ID CA_133674
2024-07-01 17:34:05,778 - INFO - Successful
2024-07-01 17:34:05,778 - INFO - 16 fields remaining
2024-07-01 17:34:05,778 - INFO - Now analyzing field ID CA_189979
2024-07-01 17:34:28,336 - INFO - Successful
2024-07-01 17:34:28,336 - INFO - 15 fields remaining
2024-07-01 17:34:28,336 - INFO - Now analyzing field ID CA_343782
2024-07-01 17:34:47,150 - INFO - Successful
2024-07-01 17:34:47,150 - INFO - 14 fields remaining
2024-07-01 17:34:47,150 - INFO - Now analyzing field ID CA_240493
2024-07-01 17:35:06,231 - INFO - Successful
2024-07-01 17:35:06,231 - INFO - 13 fields remaining
2024-07-01 17:35:06,231 - INFO - Now analyzing field ID CA_343666
2024-07-01 17:35:24,228 - INFO - Successful
2024-07-01 17:35:24,228 - INFO - 12 fields remaining
2024-07-01 17:35:24,228 - INFO - Now analyzing field ID CA_343221
2024-07-01 17:35:42,665 - INFO - Successful
2024-07-01 17:35:42,666 - INFO - 11 fields remaining
2024-07-01 17:35:42,666 - INFO - Now analyzing field ID CA_343648
2024-07-01 17:36:00,741 - INFO - Successful
2024-07-01 17:36:00,741 - INFO - 10 fields remaining
2024-07-01 17:36:00,741 - INFO - Now analyzing field ID CA_192791
2024-07-01 17:36:18,812 - INFO - Successful
2024-07-01 17:36:18,813 - INFO - 9 fields remaining
2024-07-01 17:36:18,813 - INFO - Now analyzing field ID CA_216236
2024-07-01 17:36:36,380 - INFO - Successful
2024-07-01 17:36:36,380 - INFO - 8 fields remaining
2024-07-01 17:36:36,380 - INFO - Now analyzing field ID CA_222239
2024-07-01 17:36:52,432 - INFO - Successful
2024-07-01 17:36:52,432 - INFO - 7 fields remaining
2024-07-01 17:36:52,433 - INFO - Now analyzing field ID CA_343274
2024-07-01 17:37:08,106 - INFO - Successful
2024-07-01 17:37:08,106 - INFO - 6 fields remaining
2024-07-01 17:37:08,106 - INFO - Now analyzing field ID CA_342781
2024-07-01 17:37:22,839 - INFO - Successful
2024-07-01 17:37:22,839 - INFO - 5 fields remaining
2024-07-01 17:37:22,839 - INFO - Now analyzing field ID CA_344925
2024-07-01 17:37:36,366 - INFO - Successful
2024-07-01 17:37:36,366 - INFO - 4 fields remaining
2024-07-01 17:37:36,366 - INFO - Now analyzing field ID CA_136233
2024-07-01 17:37:49,728 - INFO - Successful
2024-07-01 17:37:49,728 - INFO - 3 fields remaining
2024-07-01 17:37:49,728 - INFO - Now analyzing field ID CA_136312
2024-07-01 17:38:03,091 - INFO - Successful
2024-07-01 17:38:03,091 - INFO - 2 fields remaining
2024-07-01 17:38:03,091 - INFO - Now analyzing field ID CA_343914
2024-07-01 17:38:20,324 - INFO - Successful
2024-07-01 17:38:20,324 - INFO - 1 fields remaining
2024-07-01 17:38:20,324 - INFO - Now analyzing field ID CA_342669
2024-07-01 17:38:44,644 - INFO - Successful
2024-07-01 17:38:44,644 - INFO - 0 fields remaining
2024-07-01 17:38:44,645 - INFO - Finished processing. 0 fields failed.
