2024-07-03 20:09:07,597 - INFO - Now analyzing field ID CA_74902
2024-07-03 20:09:35,864 - INFO - Successful
2024-07-03 20:09:35,864 - INFO - 543 fields remaining
2024-07-03 20:09:35,864 - INFO - Now analyzing field ID CA_74707
2024-07-03 20:09:40,461 - INFO - Successful
2024-07-03 20:09:40,462 - INFO - 542 fields remaining
2024-07-03 20:09:40,462 - INFO - Now analyzing field ID CA_18496
2024-07-03 20:09:45,246 - INFO - Successful
2024-07-03 20:09:45,246 - INFO - 541 fields remaining
2024-07-03 20:09:45,246 - INFO - Now analyzing field ID CA_21795
2024-07-03 20:09:50,112 - INFO - Successful
2024-07-03 20:09:50,112 - INFO - 540 fields remaining
2024-07-03 20:09:50,113 - INFO - Now analyzing field ID CA_21636
2024-07-03 20:09:54,162 - INFO - Successful
2024-07-03 20:09:54,162 - INFO - 539 fields remaining
2024-07-03 20:09:54,162 - INFO - Now analyzing field ID CA_20111
2024-07-03 20:09:59,070 - INFO - Successful
2024-07-03 20:09:59,071 - INFO - 538 fields remaining
2024-07-03 20:09:59,071 - INFO - Now analyzing field ID CA_18177
2024-07-03 20:10:04,288 - INFO - Successful
2024-07-03 20:10:04,288 - INFO - 537 fields remaining
2024-07-03 20:10:04,288 - INFO - Now analyzing field ID CA_17644
2024-07-03 20:10:09,007 - INFO - Successful
2024-07-03 20:10:09,007 - INFO - 536 fields remaining
2024-07-03 20:10:09,008 - INFO - Now analyzing field ID CA_17368
2024-07-03 20:10:13,356 - INFO - Successful
2024-07-03 20:10:13,356 - INFO - 535 fields remaining
2024-07-03 20:10:13,356 - INFO - Now analyzing field ID CA_16847
2024-07-03 20:10:16,897 - INFO - Successful
2024-07-03 20:10:16,898 - INFO - 534 fields remaining
2024-07-03 20:10:16,898 - INFO - Now analyzing field ID CA_16602
2024-07-03 20:10:21,960 - INFO - Successful
2024-07-03 20:10:21,961 - INFO - 533 fields remaining
2024-07-03 20:10:21,961 - INFO - Now analyzing field ID CA_15309
2024-07-03 20:10:26,237 - INFO - Successful
2024-07-03 20:10:26,237 - INFO - 532 fields remaining
2024-07-03 20:10:26,238 - INFO - Now analyzing field ID CA_18461
2024-07-03 20:10:31,474 - INFO - Successful
2024-07-03 20:10:31,474 - INFO - 531 fields remaining
2024-07-03 20:10:31,474 - INFO - Now analyzing field ID CA_16061
2024-07-03 20:10:36,147 - INFO - Successful
2024-07-03 20:10:36,148 - INFO - 530 fields remaining
2024-07-03 20:10:36,148 - INFO - Now analyzing field ID CA_90023
2024-07-03 20:10:39,464 - INFO - Successful
2024-07-03 20:10:39,465 - INFO - 529 fields remaining
2024-07-03 20:10:39,465 - INFO - Now analyzing field ID CA_17091
2024-07-03 20:10:43,949 - INFO - Successful
2024-07-03 20:10:43,949 - INFO - 528 fields remaining
2024-07-03 20:10:43,949 - INFO - Now analyzing field ID CA_90562
2024-07-03 20:10:48,524 - INFO - Successful
2024-07-03 20:10:48,524 - INFO - 527 fields remaining
2024-07-03 20:10:48,524 - INFO - Now analyzing field ID CA_12062
2024-07-03 20:10:52,466 - INFO - Successful
2024-07-03 20:10:52,467 - INFO - 526 fields remaining
2024-07-03 20:10:52,467 - INFO - Now analyzing field ID CA_90738
2024-07-03 20:10:56,923 - INFO - Successful
2024-07-03 20:10:56,925 - INFO - 525 fields remaining
2024-07-03 20:10:56,925 - INFO - Now analyzing field ID CA_285142
2024-07-03 20:11:01,019 - INFO - Successful
2024-07-03 20:11:01,019 - INFO - 524 fields remaining
2024-07-03 20:11:01,019 - INFO - Now analyzing field ID CA_282438
2024-07-03 20:11:04,766 - INFO - Successful
2024-07-03 20:11:04,766 - INFO - 523 fields remaining
2024-07-03 20:11:04,766 - INFO - Now analyzing field ID CA_262871
2024-07-03 20:11:09,128 - INFO - Successful
2024-07-03 20:11:09,128 - INFO - 522 fields remaining
2024-07-03 20:11:09,128 - INFO - Now analyzing field ID CA_254138
2024-07-03 20:11:13,211 - INFO - Successful
2024-07-03 20:11:13,211 - INFO - 521 fields remaining
2024-07-03 20:11:13,211 - INFO - Now analyzing field ID CA_251657
2024-07-03 20:11:19,475 - INFO - Successful
2024-07-03 20:11:19,475 - INFO - 520 fields remaining
2024-07-03 20:11:19,475 - INFO - Now analyzing field ID CA_89481
2024-07-03 20:11:23,455 - INFO - Successful
2024-07-03 20:11:23,456 - INFO - 519 fields remaining
2024-07-03 20:11:23,456 - INFO - Now analyzing field ID CA_286837
2024-07-03 20:11:26,985 - INFO - Successful
2024-07-03 20:11:26,985 - INFO - 518 fields remaining
2024-07-03 20:11:26,985 - INFO - Now analyzing field ID CA_280097
2024-07-03 20:11:30,712 - INFO - Successful
2024-07-03 20:11:30,712 - INFO - 517 fields remaining
2024-07-03 20:11:30,712 - INFO - Now analyzing field ID CA_259742
2024-07-03 20:11:34,312 - INFO - Successful
2024-07-03 20:11:34,312 - INFO - 516 fields remaining
2024-07-03 20:11:34,313 - INFO - Now analyzing field ID CA_253114
2024-07-03 20:11:37,683 - INFO - Successful
2024-07-03 20:11:37,683 - INFO - 515 fields remaining
2024-07-03 20:11:37,683 - INFO - Now analyzing field ID CA_251751
2024-07-03 20:11:42,581 - INFO - Successful
2024-07-03 20:11:42,581 - INFO - 514 fields remaining
2024-07-03 20:11:42,581 - INFO - Now analyzing field ID CA_320339
2024-07-03 20:11:46,389 - INFO - Successful
2024-07-03 20:11:46,389 - INFO - 513 fields remaining
2024-07-03 20:11:46,390 - INFO - Now analyzing field ID CA_262885
2024-07-03 20:11:50,740 - INFO - Successful
2024-07-03 20:11:50,740 - INFO - 512 fields remaining
2024-07-03 20:11:50,740 - INFO - Now analyzing field ID CA_259701
2024-07-03 20:11:54,823 - INFO - Successful
2024-07-03 20:11:54,824 - INFO - 511 fields remaining
2024-07-03 20:11:54,824 - INFO - Now analyzing field ID CA_87308
2024-07-03 20:11:58,211 - INFO - Successful
2024-07-03 20:11:58,211 - INFO - 510 fields remaining
2024-07-03 20:11:58,212 - INFO - Now analyzing field ID CA_86773
2024-07-03 20:12:01,646 - INFO - Successful
2024-07-03 20:12:01,646 - INFO - 509 fields remaining
2024-07-03 20:12:01,646 - INFO - Now analyzing field ID CA_67187
2024-07-03 20:12:04,549 - INFO - Successful
2024-07-03 20:12:04,549 - INFO - 508 fields remaining
2024-07-03 20:12:04,549 - INFO - Now analyzing field ID CA_253591
2024-07-03 20:12:09,968 - INFO - Successful
2024-07-03 20:12:09,968 - INFO - 507 fields remaining
2024-07-03 20:12:09,968 - INFO - Now analyzing field ID CA_263796
2024-07-03 20:12:13,994 - INFO - Successful
2024-07-03 20:12:13,994 - INFO - 506 fields remaining
2024-07-03 20:12:13,994 - INFO - Now analyzing field ID CA_89335
2024-07-03 20:12:17,355 - INFO - Successful
2024-07-03 20:12:17,356 - INFO - 505 fields remaining
2024-07-03 20:12:17,356 - INFO - Now analyzing field ID CA_230025
2024-07-03 20:12:20,732 - INFO - Successful
2024-07-03 20:12:20,733 - INFO - 504 fields remaining
2024-07-03 20:12:20,733 - INFO - Now analyzing field ID CA_251273
2024-07-03 20:12:23,840 - INFO - Successful
2024-07-03 20:12:23,840 - INFO - 503 fields remaining
2024-07-03 20:12:23,840 - INFO - Now analyzing field ID CA_275163
2024-07-03 20:12:27,688 - INFO - Successful
2024-07-03 20:12:27,688 - INFO - 502 fields remaining
2024-07-03 20:12:27,688 - INFO - Now analyzing field ID CA_244021
2024-07-03 20:12:30,534 - INFO - Successful
2024-07-03 20:12:30,535 - INFO - 501 fields remaining
2024-07-03 20:12:30,535 - INFO - Now analyzing field ID CA_275122
2024-07-03 20:12:33,481 - INFO - Successful
2024-07-03 20:12:33,481 - INFO - 500 fields remaining
2024-07-03 20:12:33,481 - INFO - Now analyzing field ID CA_265694
2024-07-03 20:12:37,601 - INFO - Successful
2024-07-03 20:12:37,601 - INFO - 499 fields remaining
2024-07-03 20:12:37,601 - INFO - Now analyzing field ID CA_21410
2024-07-03 20:12:41,584 - INFO - Successful
2024-07-03 20:12:41,584 - INFO - 498 fields remaining
2024-07-03 20:12:41,585 - INFO - Now analyzing field ID CA_249396
2024-07-03 20:12:45,436 - INFO - Successful
2024-07-03 20:12:45,436 - INFO - 497 fields remaining
2024-07-03 20:12:45,436 - INFO - Now analyzing field ID CA_231410
2024-07-03 20:12:50,193 - INFO - Successful
2024-07-03 20:12:50,193 - INFO - 496 fields remaining
2024-07-03 20:12:50,193 - INFO - Now analyzing field ID CA_100873
2024-07-03 20:12:53,559 - INFO - Successful
2024-07-03 20:12:53,560 - INFO - 495 fields remaining
2024-07-03 20:12:53,560 - INFO - Now analyzing field ID CA_282524
2024-07-03 20:12:56,942 - INFO - Successful
2024-07-03 20:12:56,942 - INFO - 494 fields remaining
2024-07-03 20:12:56,942 - INFO - Now analyzing field ID CA_251494
2024-07-03 20:13:00,236 - INFO - Successful
2024-07-03 20:13:00,236 - INFO - 493 fields remaining
2024-07-03 20:13:00,236 - INFO - Now analyzing field ID CA_90393
2024-07-03 20:13:03,197 - INFO - Successful
2024-07-03 20:13:03,197 - INFO - 492 fields remaining
2024-07-03 20:13:03,197 - INFO - Now analyzing field ID CA_88706
2024-07-03 20:13:06,486 - INFO - Successful
2024-07-03 20:13:06,486 - INFO - 491 fields remaining
2024-07-03 20:13:06,487 - INFO - Now analyzing field ID CA_89459
2024-07-03 20:13:10,419 - INFO - Successful
2024-07-03 20:13:10,419 - INFO - 490 fields remaining
2024-07-03 20:13:10,419 - INFO - Now analyzing field ID CA_281208
2024-07-03 20:13:13,947 - INFO - Successful
2024-07-03 20:13:13,947 - INFO - 489 fields remaining
2024-07-03 20:13:13,947 - INFO - Now analyzing field ID CA_258631
2024-07-03 20:13:17,708 - INFO - Successful
2024-07-03 20:13:17,708 - INFO - 488 fields remaining
2024-07-03 20:13:17,710 - INFO - Now analyzing field ID CA_258472
2024-07-03 20:13:20,804 - INFO - Successful
2024-07-03 20:13:20,804 - INFO - 487 fields remaining
2024-07-03 20:13:20,804 - INFO - Now analyzing field ID CA_258127
2024-07-03 20:13:24,059 - INFO - Successful
2024-07-03 20:13:24,059 - INFO - 486 fields remaining
2024-07-03 20:13:24,059 - INFO - Now analyzing field ID CA_256986
2024-07-03 20:13:27,287 - INFO - Successful
2024-07-03 20:13:27,287 - INFO - 485 fields remaining
2024-07-03 20:13:27,287 - INFO - Now analyzing field ID CA_256200
2024-07-03 20:13:30,617 - INFO - Successful
2024-07-03 20:13:30,617 - INFO - 484 fields remaining
2024-07-03 20:13:30,617 - INFO - Now analyzing field ID CA_250892
2024-07-03 20:13:33,819 - INFO - Successful
2024-07-03 20:13:33,819 - INFO - 483 fields remaining
2024-07-03 20:13:33,819 - INFO - Now analyzing field ID CA_264899
2024-07-03 20:13:36,890 - INFO - Successful
2024-07-03 20:13:36,890 - INFO - 482 fields remaining
2024-07-03 20:13:36,890 - INFO - Now analyzing field ID CA_257302
2024-07-03 20:13:40,140 - INFO - Successful
2024-07-03 20:13:40,140 - INFO - 481 fields remaining
2024-07-03 20:13:40,141 - INFO - Now analyzing field ID CA_257116
2024-07-03 20:13:43,544 - INFO - Successful
2024-07-03 20:13:43,545 - INFO - 480 fields remaining
2024-07-03 20:13:43,545 - INFO - Now analyzing field ID CA_320038
2024-07-03 20:13:47,297 - INFO - Successful
2024-07-03 20:13:47,297 - INFO - 479 fields remaining
2024-07-03 20:13:47,297 - INFO - Now analyzing field ID CA_285559
2024-07-03 20:13:50,325 - INFO - Successful
2024-07-03 20:13:50,325 - INFO - 478 fields remaining
2024-07-03 20:13:50,326 - INFO - Now analyzing field ID CA_278205
2024-07-03 20:13:53,569 - INFO - Successful
2024-07-03 20:13:53,569 - INFO - 477 fields remaining
2024-07-03 20:13:53,570 - INFO - Now analyzing field ID CA_278176
2024-07-03 20:13:57,389 - INFO - Successful
2024-07-03 20:13:57,390 - INFO - 476 fields remaining
2024-07-03 20:13:57,390 - INFO - Now analyzing field ID CA_259153
2024-07-03 20:14:00,273 - INFO - Successful
2024-07-03 20:14:00,274 - INFO - 475 fields remaining
2024-07-03 20:14:00,274 - INFO - Now analyzing field ID CA_250091
2024-07-03 20:14:03,336 - INFO - Successful
2024-07-03 20:14:03,337 - INFO - 474 fields remaining
2024-07-03 20:14:03,337 - INFO - Now analyzing field ID CA_245541
2024-07-03 20:14:06,798 - INFO - Successful
2024-07-03 20:14:06,798 - INFO - 473 fields remaining
2024-07-03 20:14:06,798 - INFO - Now analyzing field ID CA_245311
2024-07-03 20:14:10,105 - INFO - Successful
2024-07-03 20:14:10,106 - INFO - 472 fields remaining
2024-07-03 20:14:10,106 - INFO - Now analyzing field ID CA_231117
2024-07-03 20:14:15,364 - INFO - Successful
2024-07-03 20:14:15,364 - INFO - 471 fields remaining
2024-07-03 20:14:15,365 - INFO - Now analyzing field ID CA_229991
2024-07-03 20:14:19,194 - INFO - Successful
2024-07-03 20:14:19,194 - INFO - 470 fields remaining
2024-07-03 20:14:19,194 - INFO - Now analyzing field ID CA_260826
2024-07-03 20:14:22,696 - INFO - Successful
2024-07-03 20:14:22,696 - INFO - 469 fields remaining
2024-07-03 20:14:22,696 - INFO - Now analyzing field ID CA_283420
2024-07-03 20:14:25,953 - INFO - Successful
2024-07-03 20:14:25,953 - INFO - 468 fields remaining
2024-07-03 20:14:25,953 - INFO - Now analyzing field ID CA_99201
2024-07-03 20:14:30,328 - INFO - Successful
2024-07-03 20:14:30,329 - INFO - 467 fields remaining
2024-07-03 20:14:30,329 - INFO - Now analyzing field ID CA_261291
2024-07-03 20:14:34,752 - INFO - Successful
2024-07-03 20:14:34,753 - INFO - 466 fields remaining
2024-07-03 20:14:34,753 - INFO - Now analyzing field ID CA_99220
2024-07-03 20:14:38,436 - INFO - Successful
2024-07-03 20:14:38,437 - INFO - 465 fields remaining
2024-07-03 20:14:38,437 - INFO - Now analyzing field ID CA_249272
2024-07-03 20:14:41,955 - INFO - Successful
2024-07-03 20:14:41,955 - INFO - 464 fields remaining
2024-07-03 20:14:41,955 - INFO - Now analyzing field ID CA_94118
2024-07-03 20:14:45,284 - INFO - Successful
2024-07-03 20:14:45,284 - INFO - 463 fields remaining
2024-07-03 20:14:45,285 - INFO - Now analyzing field ID CA_264465
2024-07-03 20:14:48,496 - INFO - Successful
2024-07-03 20:14:48,496 - INFO - 462 fields remaining
2024-07-03 20:14:48,496 - INFO - Now analyzing field ID CA_249018
2024-07-03 20:14:51,819 - INFO - Successful
2024-07-03 20:14:51,819 - INFO - 461 fields remaining
2024-07-03 20:14:51,819 - INFO - Now analyzing field ID CA_91730
2024-07-03 20:14:55,761 - INFO - Successful
2024-07-03 20:14:55,761 - INFO - 460 fields remaining
2024-07-03 20:14:55,761 - INFO - Now analyzing field ID CA_289545
2024-07-03 20:14:59,313 - INFO - Successful
2024-07-03 20:14:59,313 - INFO - 459 fields remaining
2024-07-03 20:14:59,314 - INFO - Now analyzing field ID CA_289337
2024-07-03 20:15:02,997 - INFO - Successful
2024-07-03 20:15:02,998 - INFO - 458 fields remaining
2024-07-03 20:15:02,998 - INFO - Now analyzing field ID CA_77693
2024-07-03 20:15:06,588 - INFO - Successful
2024-07-03 20:15:06,589 - INFO - 457 fields remaining
2024-07-03 20:15:06,589 - INFO - Now analyzing field ID CA_328974
2024-07-03 20:15:09,756 - INFO - Successful
2024-07-03 20:15:09,757 - INFO - 456 fields remaining
2024-07-03 20:15:09,757 - INFO - Now analyzing field ID CA_231654
2024-07-03 20:15:13,079 - INFO - Successful
2024-07-03 20:15:13,079 - INFO - 455 fields remaining
2024-07-03 20:15:13,080 - INFO - Now analyzing field ID CA_104862
2024-07-03 20:15:16,486 - INFO - Successful
2024-07-03 20:15:16,486 - INFO - 454 fields remaining
2024-07-03 20:15:16,486 - INFO - Now analyzing field ID CA_101797
2024-07-03 20:15:19,726 - INFO - Successful
2024-07-03 20:15:19,726 - INFO - 453 fields remaining
2024-07-03 20:15:19,726 - INFO - Now analyzing field ID CA_101679
2024-07-03 20:15:24,310 - INFO - Successful
2024-07-03 20:15:24,310 - INFO - 452 fields remaining
2024-07-03 20:15:24,310 - INFO - Now analyzing field ID CA_92898
2024-07-03 20:15:27,449 - INFO - Successful
2024-07-03 20:15:27,450 - INFO - 451 fields remaining
2024-07-03 20:15:27,450 - INFO - Now analyzing field ID CA_98963
2024-07-03 20:15:30,480 - INFO - Successful
2024-07-03 20:15:30,480 - INFO - 450 fields remaining
2024-07-03 20:15:30,480 - INFO - Now analyzing field ID CA_329212
2024-07-03 20:15:35,012 - INFO - Successful
2024-07-03 20:15:35,012 - INFO - 449 fields remaining
2024-07-03 20:15:35,013 - INFO - Now analyzing field ID CA_233234
2024-07-03 20:15:38,223 - INFO - Successful
2024-07-03 20:15:38,223 - INFO - 448 fields remaining
2024-07-03 20:15:38,223 - INFO - Now analyzing field ID CA_103875
2024-07-03 20:15:41,818 - INFO - Successful
2024-07-03 20:15:41,818 - INFO - 447 fields remaining
2024-07-03 20:15:41,820 - INFO - Now analyzing field ID CA_341013
2024-07-03 20:15:44,816 - INFO - Successful
2024-07-03 20:15:44,816 - INFO - 446 fields remaining
2024-07-03 20:15:44,816 - INFO - Now analyzing field ID CA_322633
2024-07-03 20:15:49,656 - INFO - Successful
2024-07-03 20:15:49,656 - INFO - 445 fields remaining
2024-07-03 20:15:49,657 - INFO - Now analyzing field ID CA_102689
2024-07-03 20:15:52,823 - INFO - Successful
2024-07-03 20:15:52,823 - INFO - 444 fields remaining
2024-07-03 20:15:52,823 - INFO - Now analyzing field ID CA_108094
2024-07-03 20:15:56,761 - INFO - Successful
2024-07-03 20:15:56,761 - INFO - 443 fields remaining
2024-07-03 20:15:56,761 - INFO - Now analyzing field ID CA_98479
2024-07-03 20:16:00,208 - INFO - Successful
2024-07-03 20:16:00,209 - INFO - 442 fields remaining
2024-07-03 20:16:00,209 - INFO - Now analyzing field ID CA_99657
2024-07-03 20:16:03,271 - INFO - Successful
2024-07-03 20:16:03,271 - INFO - 441 fields remaining
2024-07-03 20:16:03,271 - INFO - Now analyzing field ID CA_106984
2024-07-03 20:16:06,178 - INFO - Successful
2024-07-03 20:16:06,178 - INFO - 440 fields remaining
2024-07-03 20:16:06,178 - INFO - Now analyzing field ID CA_107269
2024-07-03 20:16:09,912 - INFO - Successful
2024-07-03 20:16:09,913 - INFO - 439 fields remaining
2024-07-03 20:16:09,913 - INFO - Now analyzing field ID CA_107192
2024-07-03 20:16:13,440 - INFO - Successful
2024-07-03 20:16:13,440 - INFO - 438 fields remaining
2024-07-03 20:16:13,441 - INFO - Now analyzing field ID CA_107963
2024-07-03 20:16:16,820 - INFO - Successful
2024-07-03 20:16:16,820 - INFO - 437 fields remaining
2024-07-03 20:16:16,820 - INFO - Now analyzing field ID CA_325880
2024-07-03 20:16:19,665 - INFO - Successful
2024-07-03 20:16:19,665 - INFO - 436 fields remaining
2024-07-03 20:16:19,665 - INFO - Now analyzing field ID CA_102128
2024-07-03 20:16:23,282 - INFO - Successful
2024-07-03 20:16:23,283 - INFO - 435 fields remaining
2024-07-03 20:16:23,283 - INFO - Now analyzing field ID CA_328830
2024-07-03 20:16:26,502 - INFO - Successful
2024-07-03 20:16:26,502 - INFO - 434 fields remaining
2024-07-03 20:16:26,502 - INFO - Now analyzing field ID CA_100310
2024-07-03 20:16:29,588 - INFO - Successful
2024-07-03 20:16:29,588 - INFO - 433 fields remaining
2024-07-03 20:16:29,588 - INFO - Now analyzing field ID CA_97925
2024-07-03 20:16:32,520 - INFO - Successful
2024-07-03 20:16:32,520 - INFO - 432 fields remaining
2024-07-03 20:16:32,521 - INFO - Now analyzing field ID CA_97508
2024-07-03 20:16:35,902 - INFO - Successful
2024-07-03 20:16:35,903 - INFO - 431 fields remaining
2024-07-03 20:16:35,903 - INFO - Now analyzing field ID CA_232673
2024-07-03 20:16:39,262 - INFO - Successful
2024-07-03 20:16:39,262 - INFO - 430 fields remaining
2024-07-03 20:16:39,262 - INFO - Now analyzing field ID CA_105521
2024-07-03 20:16:44,144 - INFO - Successful
2024-07-03 20:16:44,144 - INFO - 429 fields remaining
2024-07-03 20:16:44,144 - INFO - Now analyzing field ID CA_330488
2024-07-03 20:16:47,687 - INFO - Successful
2024-07-03 20:16:47,687 - INFO - 428 fields remaining
2024-07-03 20:16:47,688 - INFO - Now analyzing field ID CA_330672
2024-07-03 20:16:50,886 - INFO - Successful
2024-07-03 20:16:50,886 - INFO - 427 fields remaining
2024-07-03 20:16:50,886 - INFO - Now analyzing field ID CA_81102
2024-07-03 20:16:53,967 - INFO - Successful
2024-07-03 20:16:53,967 - INFO - 426 fields remaining
2024-07-03 20:16:53,967 - INFO - Now analyzing field ID CA_327307
2024-07-03 20:16:57,423 - INFO - Successful
2024-07-03 20:16:57,423 - INFO - 425 fields remaining
2024-07-03 20:16:57,424 - INFO - Now analyzing field ID CA_105986
2024-07-03 20:17:00,342 - INFO - Successful
2024-07-03 20:17:00,343 - INFO - 424 fields remaining
2024-07-03 20:17:00,343 - INFO - Now analyzing field ID CA_105749
2024-07-03 20:17:03,525 - INFO - Successful
2024-07-03 20:17:03,526 - INFO - 423 fields remaining
2024-07-03 20:17:03,526 - INFO - Now analyzing field ID CA_332205
2024-07-03 20:17:06,391 - INFO - Successful
2024-07-03 20:17:06,392 - INFO - 422 fields remaining
2024-07-03 20:17:06,392 - INFO - Now analyzing field ID CA_327150
2024-07-03 20:17:10,220 - INFO - Successful
2024-07-03 20:17:10,220 - INFO - 421 fields remaining
2024-07-03 20:17:10,221 - INFO - Now analyzing field ID CA_327198
2024-07-03 20:17:15,628 - INFO - Successful
2024-07-03 20:17:15,628 - INFO - 420 fields remaining
2024-07-03 20:17:15,628 - INFO - Now analyzing field ID CA_96321
2024-07-03 20:17:20,235 - INFO - Successful
2024-07-03 20:17:20,235 - INFO - 419 fields remaining
2024-07-03 20:17:20,235 - INFO - Now analyzing field ID CA_322353
2024-07-03 20:17:23,519 - INFO - Successful
2024-07-03 20:17:23,519 - INFO - 418 fields remaining
2024-07-03 20:17:23,519 - INFO - Now analyzing field ID CA_326575
2024-07-03 20:17:27,381 - INFO - Successful
2024-07-03 20:17:27,381 - INFO - 417 fields remaining
2024-07-03 20:17:27,382 - INFO - Now analyzing field ID CA_340795
2024-07-03 20:17:30,677 - INFO - Successful
2024-07-03 20:17:30,677 - INFO - 416 fields remaining
2024-07-03 20:17:30,677 - INFO - Now analyzing field ID CA_326564
2024-07-03 20:17:33,843 - INFO - Successful
2024-07-03 20:17:33,845 - INFO - 415 fields remaining
2024-07-03 20:17:33,845 - INFO - Now analyzing field ID CA_100588
2024-07-03 20:17:36,719 - INFO - Successful
2024-07-03 20:17:36,719 - INFO - 414 fields remaining
2024-07-03 20:17:36,719 - INFO - Now analyzing field ID CA_94012
2024-07-03 20:17:40,265 - INFO - Successful
2024-07-03 20:17:40,265 - INFO - 413 fields remaining
2024-07-03 20:17:40,265 - INFO - Now analyzing field ID CA_81905
2024-07-03 20:17:43,673 - INFO - Successful
2024-07-03 20:17:43,673 - INFO - 412 fields remaining
2024-07-03 20:17:43,673 - INFO - Now analyzing field ID CA_77158
2024-07-03 20:17:46,586 - INFO - Successful
2024-07-03 20:17:46,587 - INFO - 411 fields remaining
2024-07-03 20:17:46,587 - INFO - Now analyzing field ID CA_218312
2024-07-03 20:17:49,905 - INFO - Successful
2024-07-03 20:17:49,905 - INFO - 410 fields remaining
2024-07-03 20:17:49,905 - INFO - Now analyzing field ID CA_204345
2024-07-03 20:17:57,668 - INFO - Successful
2024-07-03 20:17:57,668 - INFO - 409 fields remaining
2024-07-03 20:17:57,668 - INFO - Now analyzing field ID CA_203945
2024-07-03 20:18:03,069 - INFO - Successful
2024-07-03 20:18:03,069 - INFO - 408 fields remaining
2024-07-03 20:18:03,069 - INFO - Now analyzing field ID CA_155560
2024-07-03 20:18:07,081 - INFO - Successful
2024-07-03 20:18:07,081 - INFO - 407 fields remaining
2024-07-03 20:18:07,081 - INFO - Now analyzing field ID CA_183602
2024-07-03 20:18:11,392 - INFO - Successful
2024-07-03 20:18:11,394 - INFO - 406 fields remaining
2024-07-03 20:18:11,394 - INFO - Now analyzing field ID CA_76432
2024-07-03 20:18:14,619 - INFO - Successful
2024-07-03 20:18:14,619 - INFO - 405 fields remaining
2024-07-03 20:18:14,619 - INFO - Now analyzing field ID CA_77101
2024-07-03 20:18:17,995 - INFO - Successful
2024-07-03 20:18:17,995 - INFO - 404 fields remaining
2024-07-03 20:18:17,995 - INFO - Now analyzing field ID CA_184177
2024-07-03 20:18:21,554 - INFO - Successful
2024-07-03 20:18:21,554 - INFO - 403 fields remaining
2024-07-03 20:18:21,554 - INFO - Now analyzing field ID CA_155889
2024-07-03 20:18:25,451 - INFO - Successful
2024-07-03 20:18:25,452 - INFO - 402 fields remaining
2024-07-03 20:18:25,452 - INFO - Now analyzing field ID CA_155363
2024-07-03 20:18:29,077 - INFO - Successful
2024-07-03 20:18:29,077 - INFO - 401 fields remaining
2024-07-03 20:18:29,077 - INFO - Now analyzing field ID CA_154810
2024-07-03 20:18:32,322 - INFO - Successful
2024-07-03 20:18:32,322 - INFO - 400 fields remaining
2024-07-03 20:18:32,322 - INFO - Now analyzing field ID CA_154135
2024-07-03 20:18:35,692 - INFO - Successful
2024-07-03 20:18:35,693 - INFO - 399 fields remaining
2024-07-03 20:18:35,693 - INFO - Now analyzing field ID CA_324613
2024-07-03 20:18:38,965 - INFO - Successful
2024-07-03 20:18:38,965 - INFO - 398 fields remaining
2024-07-03 20:18:38,966 - INFO - Now analyzing field ID CA_153430
2024-07-03 20:18:42,251 - INFO - Successful
2024-07-03 20:18:42,251 - INFO - 397 fields remaining
2024-07-03 20:18:42,251 - INFO - Now analyzing field ID CA_109738
2024-07-03 20:18:45,612 - INFO - Successful
2024-07-03 20:18:45,613 - INFO - 396 fields remaining
2024-07-03 20:18:45,613 - INFO - Now analyzing field ID CA_92455
2024-07-03 20:18:47,672 - WARNING - Reattempting request..
2024-07-03 20:18:50,645 - INFO - Successful
2024-07-03 20:18:50,645 - INFO - 395 fields remaining
2024-07-03 20:18:50,645 - INFO - Now analyzing field ID CA_81739
2024-07-03 20:18:54,279 - INFO - Successful
2024-07-03 20:18:54,279 - INFO - 394 fields remaining
2024-07-03 20:18:54,279 - INFO - Now analyzing field ID CA_92493
2024-07-03 20:18:57,206 - INFO - Successful
2024-07-03 20:18:57,206 - INFO - 393 fields remaining
2024-07-03 20:18:57,206 - INFO - Now analyzing field ID CA_81937
2024-07-03 20:19:00,350 - INFO - Successful
2024-07-03 20:19:00,350 - INFO - 392 fields remaining
2024-07-03 20:19:00,350 - INFO - Now analyzing field ID CA_229866
2024-07-03 20:19:03,360 - INFO - Successful
2024-07-03 20:19:03,361 - INFO - 391 fields remaining
2024-07-03 20:19:03,361 - INFO - Now analyzing field ID CA_80450
2024-07-03 20:19:06,406 - INFO - Successful
2024-07-03 20:19:06,407 - INFO - 390 fields remaining
2024-07-03 20:19:06,407 - INFO - Now analyzing field ID CA_145664
2024-07-03 20:19:09,753 - INFO - Successful
2024-07-03 20:19:09,754 - INFO - 389 fields remaining
2024-07-03 20:19:09,754 - INFO - Now analyzing field ID CA_75872
2024-07-03 20:19:13,265 - INFO - Successful
2024-07-03 20:19:13,265 - INFO - 388 fields remaining
2024-07-03 20:19:13,265 - INFO - Now analyzing field ID CA_323029
2024-07-03 20:19:16,649 - INFO - Successful
2024-07-03 20:19:16,651 - INFO - 387 fields remaining
2024-07-03 20:19:16,651 - INFO - Now analyzing field ID CA_215978
2024-07-03 20:19:20,132 - INFO - Successful
2024-07-03 20:19:20,132 - INFO - 386 fields remaining
2024-07-03 20:19:20,132 - INFO - Now analyzing field ID CA_92436
2024-07-03 20:19:22,197 - WARNING - Reattempting request..
2024-07-03 20:19:24,736 - INFO - Successful
2024-07-03 20:19:24,736 - INFO - 385 fields remaining
2024-07-03 20:19:24,736 - INFO - Now analyzing field ID CA_145027
2024-07-03 20:19:28,062 - INFO - Successful
2024-07-03 20:19:28,063 - INFO - 384 fields remaining
2024-07-03 20:19:28,063 - INFO - Now analyzing field ID CA_154042
2024-07-03 20:19:31,195 - INFO - Successful
2024-07-03 20:19:31,195 - INFO - 383 fields remaining
2024-07-03 20:19:31,196 - INFO - Now analyzing field ID CA_153285
2024-07-03 20:19:34,432 - INFO - Successful
2024-07-03 20:19:34,432 - INFO - 382 fields remaining
2024-07-03 20:19:34,432 - INFO - Now analyzing field ID CA_144104
2024-07-03 20:19:37,494 - INFO - Successful
2024-07-03 20:19:37,495 - INFO - 381 fields remaining
2024-07-03 20:19:37,495 - INFO - Now analyzing field ID CA_143271
2024-07-03 20:19:41,334 - INFO - Successful
2024-07-03 20:19:41,335 - INFO - 380 fields remaining
2024-07-03 20:19:41,335 - INFO - Now analyzing field ID CA_143092
2024-07-03 20:19:46,469 - INFO - Successful
2024-07-03 20:19:46,469 - INFO - 379 fields remaining
2024-07-03 20:19:46,469 - INFO - Now analyzing field ID CA_77257
2024-07-03 20:19:49,733 - INFO - Successful
2024-07-03 20:19:49,733 - INFO - 378 fields remaining
2024-07-03 20:19:49,734 - INFO - Now analyzing field ID CA_174086
2024-07-03 20:19:53,124 - INFO - Successful
2024-07-03 20:19:53,124 - INFO - 377 fields remaining
2024-07-03 20:19:53,125 - INFO - Now analyzing field ID CA_137908
2024-07-03 20:19:56,127 - INFO - Successful
2024-07-03 20:19:56,127 - INFO - 376 fields remaining
2024-07-03 20:19:56,127 - INFO - Now analyzing field ID CA_140665
2024-07-03 20:19:59,154 - INFO - Successful
2024-07-03 20:19:59,154 - INFO - 375 fields remaining
2024-07-03 20:19:59,154 - INFO - Now analyzing field ID CA_287245
2024-07-03 20:20:02,401 - INFO - Successful
2024-07-03 20:20:02,401 - INFO - 374 fields remaining
2024-07-03 20:20:02,402 - INFO - Now analyzing field ID CA_286468
2024-07-03 20:20:05,588 - INFO - Successful
2024-07-03 20:20:05,589 - INFO - 373 fields remaining
2024-07-03 20:20:05,589 - INFO - Now analyzing field ID CA_239486
2024-07-03 20:20:08,843 - INFO - Successful
2024-07-03 20:20:08,843 - INFO - 372 fields remaining
2024-07-03 20:20:08,843 - INFO - Now analyzing field ID CA_269957
2024-07-03 20:20:12,004 - INFO - Successful
2024-07-03 20:20:12,004 - INFO - 371 fields remaining
2024-07-03 20:20:12,004 - INFO - Now analyzing field ID CA_174849
2024-07-03 20:20:14,799 - INFO - Successful
2024-07-03 20:20:14,800 - INFO - 370 fields remaining
2024-07-03 20:20:14,800 - INFO - Now analyzing field ID CA_137260
2024-07-03 20:20:17,936 - INFO - Successful
2024-07-03 20:20:17,936 - INFO - 369 fields remaining
2024-07-03 20:20:17,936 - INFO - Now analyzing field ID CA_138089
2024-07-03 20:20:21,747 - INFO - Successful
2024-07-03 20:20:21,748 - INFO - 368 fields remaining
2024-07-03 20:20:21,748 - INFO - Now analyzing field ID CA_269493
2024-07-03 20:20:26,053 - INFO - Successful
2024-07-03 20:20:26,053 - INFO - 367 fields remaining
2024-07-03 20:20:26,053 - INFO - Now analyzing field ID CA_278287
2024-07-03 20:20:29,195 - INFO - Successful
2024-07-03 20:20:29,195 - INFO - 366 fields remaining
2024-07-03 20:20:29,195 - INFO - Now analyzing field ID CA_269369
2024-07-03 20:20:32,557 - INFO - Successful
2024-07-03 20:20:32,557 - INFO - 365 fields remaining
2024-07-03 20:20:32,557 - INFO - Now analyzing field ID CA_269189
2024-07-03 20:20:35,705 - INFO - Successful
2024-07-03 20:20:35,706 - INFO - 364 fields remaining
2024-07-03 20:20:35,706 - INFO - Now analyzing field ID CA_274062
2024-07-03 20:20:39,145 - INFO - Successful
2024-07-03 20:20:39,146 - INFO - 363 fields remaining
2024-07-03 20:20:39,146 - INFO - Now analyzing field ID CA_276203
2024-07-03 20:20:42,458 - INFO - Successful
2024-07-03 20:20:42,458 - INFO - 362 fields remaining
2024-07-03 20:20:42,458 - INFO - Now analyzing field ID CA_275841
2024-07-03 20:20:45,743 - INFO - Successful
2024-07-03 20:20:45,743 - INFO - 361 fields remaining
2024-07-03 20:20:45,743 - INFO - Now analyzing field ID CA_270478
2024-07-03 20:20:48,932 - INFO - Successful
2024-07-03 20:20:48,932 - INFO - 360 fields remaining
2024-07-03 20:20:48,932 - INFO - Now analyzing field ID CA_269527
2024-07-03 20:20:53,376 - INFO - Successful
2024-07-03 20:20:53,377 - INFO - 359 fields remaining
2024-07-03 20:20:53,377 - INFO - Now analyzing field ID CA_245360
2024-07-03 20:20:56,589 - INFO - Successful
2024-07-03 20:20:56,589 - INFO - 358 fields remaining
2024-07-03 20:20:56,590 - INFO - Now analyzing field ID CA_172607
2024-07-03 20:21:01,548 - INFO - Successful
2024-07-03 20:21:01,549 - INFO - 357 fields remaining
2024-07-03 20:21:01,549 - INFO - Now analyzing field ID CA_127382
2024-07-03 20:21:04,443 - INFO - Successful
2024-07-03 20:21:04,443 - INFO - 356 fields remaining
2024-07-03 20:21:04,444 - INFO - Now analyzing field ID CA_126375
2024-07-03 20:21:08,303 - INFO - Successful
2024-07-03 20:21:08,303 - INFO - 355 fields remaining
2024-07-03 20:21:08,303 - INFO - Now analyzing field ID CA_126031
2024-07-03 20:21:11,547 - INFO - Successful
2024-07-03 20:21:11,548 - INFO - 354 fields remaining
2024-07-03 20:21:11,548 - INFO - Now analyzing field ID CA_125759
2024-07-03 20:21:15,162 - INFO - Successful
2024-07-03 20:21:15,162 - INFO - 353 fields remaining
2024-07-03 20:21:15,162 - INFO - Now analyzing field ID CA_140561
2024-07-03 20:21:18,820 - INFO - Successful
2024-07-03 20:21:18,821 - INFO - 352 fields remaining
2024-07-03 20:21:18,821 - INFO - Now analyzing field ID CA_266040
2024-07-03 20:21:21,821 - INFO - Successful
2024-07-03 20:21:21,821 - INFO - 351 fields remaining
2024-07-03 20:21:21,821 - INFO - Now analyzing field ID CA_273256
2024-07-03 20:21:25,075 - INFO - Successful
2024-07-03 20:21:25,075 - INFO - 350 fields remaining
2024-07-03 20:21:25,075 - INFO - Now analyzing field ID CA_120258
2024-07-03 20:21:28,018 - INFO - Successful
2024-07-03 20:21:28,018 - INFO - 349 fields remaining
2024-07-03 20:21:28,019 - INFO - Now analyzing field ID CA_173176
2024-07-03 20:21:31,731 - INFO - Successful
2024-07-03 20:21:31,731 - INFO - 348 fields remaining
2024-07-03 20:21:31,731 - INFO - Now analyzing field ID CA_139701
2024-07-03 20:21:35,716 - INFO - Successful
2024-07-03 20:21:35,716 - INFO - 347 fields remaining
2024-07-03 20:21:35,716 - INFO - Now analyzing field ID CA_120425
2024-07-03 20:21:40,173 - INFO - Successful
2024-07-03 20:21:40,173 - INFO - 346 fields remaining
2024-07-03 20:21:40,173 - INFO - Now analyzing field ID CA_117699
2024-07-03 20:21:43,698 - INFO - Successful
2024-07-03 20:21:43,699 - INFO - 345 fields remaining
2024-07-03 20:21:43,699 - INFO - Now analyzing field ID CA_123169
2024-07-03 20:21:47,743 - INFO - Successful
2024-07-03 20:21:47,743 - INFO - 344 fields remaining
2024-07-03 20:21:47,743 - INFO - Now analyzing field ID CA_150456
2024-07-03 20:21:51,336 - INFO - Successful
2024-07-03 20:21:51,337 - INFO - 343 fields remaining
2024-07-03 20:21:51,337 - INFO - Now analyzing field ID CA_141887
2024-07-03 20:21:55,287 - INFO - Successful
2024-07-03 20:21:55,288 - INFO - 342 fields remaining
2024-07-03 20:21:55,288 - INFO - Now analyzing field ID CA_274575
2024-07-03 20:21:58,583 - INFO - Successful
2024-07-03 20:21:58,583 - INFO - 341 fields remaining
2024-07-03 20:21:58,583 - INFO - Now analyzing field ID CA_274127
2024-07-03 20:22:01,860 - INFO - Successful
2024-07-03 20:22:01,860 - INFO - 340 fields remaining
2024-07-03 20:22:01,860 - INFO - Now analyzing field ID CA_68010
2024-07-03 20:22:04,921 - INFO - Successful
2024-07-03 20:22:04,921 - INFO - 339 fields remaining
2024-07-03 20:22:04,921 - INFO - Now analyzing field ID CA_339856
2024-07-03 20:22:10,277 - INFO - Successful
2024-07-03 20:22:10,277 - INFO - 338 fields remaining
2024-07-03 20:22:10,278 - INFO - Now analyzing field ID CA_306194
2024-07-03 20:22:14,237 - INFO - Successful
2024-07-03 20:22:14,239 - INFO - 337 fields remaining
2024-07-03 20:22:14,239 - INFO - Now analyzing field ID CA_267269
2024-07-03 20:22:17,831 - INFO - Successful
2024-07-03 20:22:17,831 - INFO - 336 fields remaining
2024-07-03 20:22:17,832 - INFO - Now analyzing field ID CA_273411
2024-07-03 20:22:20,985 - INFO - Successful
2024-07-03 20:22:20,985 - INFO - 335 fields remaining
2024-07-03 20:22:20,985 - INFO - Now analyzing field ID CA_272200
2024-07-03 20:22:24,257 - INFO - Successful
2024-07-03 20:22:24,257 - INFO - 334 fields remaining
2024-07-03 20:22:24,257 - INFO - Now analyzing field ID CA_67740
2024-07-03 20:22:27,322 - INFO - Successful
2024-07-03 20:22:27,323 - INFO - 333 fields remaining
2024-07-03 20:22:27,323 - INFO - Now analyzing field ID CA_308326
2024-07-03 20:22:30,698 - INFO - Successful
2024-07-03 20:22:30,699 - INFO - 332 fields remaining
2024-07-03 20:22:30,699 - INFO - Now analyzing field ID CA_279297
2024-07-03 20:22:33,786 - INFO - Successful
2024-07-03 20:22:33,786 - INFO - 331 fields remaining
2024-07-03 20:22:33,786 - INFO - Now analyzing field ID CA_339336
2024-07-03 20:22:36,098 - WARNING - Reattempting request..
2024-07-03 20:22:39,082 - INFO - Successful
2024-07-03 20:22:39,082 - INFO - 330 fields remaining
2024-07-03 20:22:39,082 - INFO - Now analyzing field ID CA_304101
2024-07-03 20:22:42,360 - INFO - Successful
2024-07-03 20:22:42,361 - INFO - 329 fields remaining
2024-07-03 20:22:42,361 - INFO - Now analyzing field ID CA_279979
2024-07-03 20:22:45,671 - INFO - Successful
2024-07-03 20:22:45,671 - INFO - 328 fields remaining
2024-07-03 20:22:45,671 - INFO - Now analyzing field ID CA_279069
2024-07-03 20:22:48,682 - INFO - Successful
2024-07-03 20:22:48,682 - INFO - 327 fields remaining
2024-07-03 20:22:48,683 - INFO - Now analyzing field ID CA_274791
2024-07-03 20:22:54,397 - INFO - Successful
2024-07-03 20:22:54,397 - INFO - 326 fields remaining
2024-07-03 20:22:54,397 - INFO - Now analyzing field ID CA_268366
2024-07-03 20:22:58,325 - INFO - Successful
2024-07-03 20:22:58,325 - INFO - 325 fields remaining
2024-07-03 20:22:58,325 - INFO - Now analyzing field ID CA_333756
2024-07-03 20:23:01,780 - INFO - Successful
2024-07-03 20:23:01,782 - INFO - 324 fields remaining
2024-07-03 20:23:01,782 - INFO - Now analyzing field ID CA_308694
2024-07-03 20:23:05,246 - INFO - Successful
2024-07-03 20:23:05,246 - INFO - 323 fields remaining
2024-07-03 20:23:05,247 - INFO - Now analyzing field ID CA_339570
2024-07-03 20:23:08,829 - INFO - Successful
2024-07-03 20:23:08,830 - INFO - 322 fields remaining
2024-07-03 20:23:08,830 - INFO - Now analyzing field ID CA_336306
2024-07-03 20:23:09,040 - WARNING - Reattempting request..
2024-07-03 20:23:14,138 - INFO - Successful
2024-07-03 20:23:14,139 - INFO - 321 fields remaining
2024-07-03 20:23:14,139 - INFO - Now analyzing field ID CA_306530
2024-07-03 20:23:17,995 - INFO - Successful
2024-07-03 20:23:17,996 - INFO - 320 fields remaining
2024-07-03 20:23:17,996 - INFO - Now analyzing field ID CA_271915
2024-07-03 20:23:20,954 - INFO - Successful
2024-07-03 20:23:20,954 - INFO - 319 fields remaining
2024-07-03 20:23:20,954 - INFO - Now analyzing field ID CA_293035
2024-07-03 20:23:24,125 - INFO - Successful
2024-07-03 20:23:24,125 - INFO - 318 fields remaining
2024-07-03 20:23:24,125 - INFO - Now analyzing field ID CA_312714
2024-07-03 20:23:27,588 - INFO - Successful
2024-07-03 20:23:27,589 - INFO - 317 fields remaining
2024-07-03 20:23:27,589 - INFO - Now analyzing field ID CA_340477
2024-07-03 20:23:31,668 - INFO - Successful
2024-07-03 20:23:31,668 - INFO - 316 fields remaining
2024-07-03 20:23:31,668 - INFO - Now analyzing field ID CA_71718
2024-07-03 20:23:35,222 - INFO - Successful
2024-07-03 20:23:35,222 - INFO - 315 fields remaining
2024-07-03 20:23:35,222 - INFO - Now analyzing field ID CA_274108
2024-07-03 20:23:38,889 - INFO - Successful
2024-07-03 20:23:38,889 - INFO - 314 fields remaining
2024-07-03 20:23:38,890 - INFO - Now analyzing field ID CA_71587
2024-07-03 20:23:42,249 - INFO - Successful
2024-07-03 20:23:42,249 - INFO - 313 fields remaining
2024-07-03 20:23:42,249 - INFO - Now analyzing field ID CA_317355
2024-07-03 20:23:45,468 - INFO - Successful
2024-07-03 20:23:45,468 - INFO - 312 fields remaining
2024-07-03 20:23:45,468 - INFO - Now analyzing field ID CA_246113
2024-07-03 20:23:49,445 - INFO - Successful
2024-07-03 20:23:49,445 - INFO - 311 fields remaining
2024-07-03 20:23:49,446 - INFO - Now analyzing field ID CA_338036
2024-07-03 20:23:52,793 - INFO - Successful
2024-07-03 20:23:52,795 - INFO - 310 fields remaining
2024-07-03 20:23:52,795 - INFO - Now analyzing field ID CA_302451
2024-07-03 20:23:56,301 - INFO - Successful
2024-07-03 20:23:56,301 - INFO - 309 fields remaining
2024-07-03 20:23:56,301 - INFO - Now analyzing field ID CA_32722
2024-07-03 20:23:56,453 - WARNING - Reattempting request..
2024-07-03 20:24:00,936 - INFO - Successful
2024-07-03 20:24:00,936 - INFO - 308 fields remaining
2024-07-03 20:24:00,936 - INFO - Now analyzing field ID CA_66272
2024-07-03 20:24:04,599 - INFO - Successful
2024-07-03 20:24:04,599 - INFO - 307 fields remaining
2024-07-03 20:24:04,599 - INFO - Now analyzing field ID CA_294569
2024-07-03 20:24:07,416 - INFO - Successful
2024-07-03 20:24:07,417 - INFO - 306 fields remaining
2024-07-03 20:24:07,417 - INFO - Now analyzing field ID CA_293119
2024-07-03 20:24:10,663 - INFO - Successful
2024-07-03 20:24:10,664 - INFO - 305 fields remaining
2024-07-03 20:24:10,664 - INFO - Now analyzing field ID CA_340098
2024-07-03 20:24:14,453 - INFO - Successful
2024-07-03 20:24:14,453 - INFO - 304 fields remaining
2024-07-03 20:24:14,453 - INFO - Now analyzing field ID CA_314026
2024-07-03 20:24:17,365 - INFO - Successful
2024-07-03 20:24:17,365 - INFO - 303 fields remaining
2024-07-03 20:24:17,365 - INFO - Now analyzing field ID CA_311936
2024-07-03 20:24:22,196 - INFO - Successful
2024-07-03 20:24:22,197 - INFO - 302 fields remaining
2024-07-03 20:24:22,197 - INFO - Now analyzing field ID CA_311929
2024-07-03 20:24:25,485 - INFO - Successful
2024-07-03 20:24:25,485 - INFO - 301 fields remaining
2024-07-03 20:24:25,485 - INFO - Now analyzing field ID CA_311324
2024-07-03 20:24:29,136 - INFO - Successful
2024-07-03 20:24:29,136 - INFO - 300 fields remaining
2024-07-03 20:24:29,136 - INFO - Now analyzing field ID CA_308483
2024-07-03 20:24:32,294 - INFO - Successful
2024-07-03 20:24:32,294 - INFO - 299 fields remaining
2024-07-03 20:24:32,295 - INFO - Now analyzing field ID CA_304949
2024-07-03 20:24:35,190 - INFO - Successful
2024-07-03 20:24:35,190 - INFO - 298 fields remaining
2024-07-03 20:24:35,190 - INFO - Now analyzing field ID CA_304900
2024-07-03 20:24:38,552 - INFO - Successful
2024-07-03 20:24:38,552 - INFO - 297 fields remaining
2024-07-03 20:24:38,552 - INFO - Now analyzing field ID CA_302754
2024-07-03 20:24:42,297 - INFO - Successful
2024-07-03 20:24:42,297 - INFO - 296 fields remaining
2024-07-03 20:24:42,297 - INFO - Now analyzing field ID CA_312570
2024-07-03 20:24:45,827 - INFO - Successful
2024-07-03 20:24:45,827 - INFO - 295 fields remaining
2024-07-03 20:24:45,827 - INFO - Now analyzing field ID CA_311666
2024-07-03 20:24:49,052 - INFO - Successful
2024-07-03 20:24:49,052 - INFO - 294 fields remaining
2024-07-03 20:24:49,053 - INFO - Now analyzing field ID CA_307107
2024-07-03 20:24:52,675 - INFO - Successful
2024-07-03 20:24:52,675 - INFO - 293 fields remaining
2024-07-03 20:24:52,675 - INFO - Now analyzing field ID CA_301044
2024-07-03 20:24:55,681 - INFO - Successful
2024-07-03 20:24:55,681 - INFO - 292 fields remaining
2024-07-03 20:24:55,682 - INFO - Now analyzing field ID CA_62356
2024-07-03 20:24:58,742 - INFO - Successful
2024-07-03 20:24:58,742 - INFO - 291 fields remaining
2024-07-03 20:24:58,743 - INFO - Now analyzing field ID CA_63548
2024-07-03 20:25:02,206 - INFO - Successful
2024-07-03 20:25:02,206 - INFO - 290 fields remaining
2024-07-03 20:25:02,206 - INFO - Now analyzing field ID CA_60928
2024-07-03 20:25:05,442 - INFO - Successful
2024-07-03 20:25:05,442 - INFO - 289 fields remaining
2024-07-03 20:25:05,442 - INFO - Now analyzing field ID CA_305219
2024-07-03 20:25:08,781 - INFO - Successful
2024-07-03 20:25:08,781 - INFO - 288 fields remaining
2024-07-03 20:25:08,781 - INFO - Now analyzing field ID CA_268680
2024-07-03 20:25:11,566 - INFO - Successful
2024-07-03 20:25:11,567 - INFO - 287 fields remaining
2024-07-03 20:25:11,567 - INFO - Now analyzing field ID CA_293386
2024-07-03 20:25:14,594 - INFO - Successful
2024-07-03 20:25:14,594 - INFO - 286 fields remaining
2024-07-03 20:25:14,594 - INFO - Now analyzing field ID CA_292155
2024-07-03 20:25:18,369 - INFO - Successful
2024-07-03 20:25:18,369 - INFO - 285 fields remaining
2024-07-03 20:25:18,369 - INFO - Now analyzing field ID CA_72592
2024-07-03 20:25:21,786 - INFO - Successful
2024-07-03 20:25:21,786 - INFO - 284 fields remaining
2024-07-03 20:25:21,787 - INFO - Now analyzing field ID CA_72468
2024-07-03 20:25:25,830 - INFO - Successful
2024-07-03 20:25:25,831 - INFO - 283 fields remaining
2024-07-03 20:25:25,831 - INFO - Now analyzing field ID CA_71776
2024-07-03 20:25:28,995 - INFO - Successful
2024-07-03 20:25:28,995 - INFO - 282 fields remaining
2024-07-03 20:25:28,996 - INFO - Now analyzing field ID CA_70028
2024-07-03 20:25:33,376 - INFO - Successful
2024-07-03 20:25:33,377 - INFO - 281 fields remaining
2024-07-03 20:25:33,377 - INFO - Now analyzing field ID CA_293711
2024-07-03 20:25:37,404 - INFO - Successful
2024-07-03 20:25:37,404 - INFO - 280 fields remaining
2024-07-03 20:25:37,405 - INFO - Now analyzing field ID CA_246529
2024-07-03 20:25:41,082 - INFO - Successful
2024-07-03 20:25:41,082 - INFO - 279 fields remaining
2024-07-03 20:25:41,082 - INFO - Now analyzing field ID CA_292890
2024-07-03 20:25:44,237 - INFO - Successful
2024-07-03 20:25:44,237 - INFO - 278 fields remaining
2024-07-03 20:25:44,238 - INFO - Now analyzing field ID CA_68947
2024-07-03 20:25:47,568 - INFO - Successful
2024-07-03 20:25:47,568 - INFO - 277 fields remaining
2024-07-03 20:25:47,568 - INFO - Now analyzing field ID CA_72096
2024-07-03 20:25:51,314 - INFO - Successful
2024-07-03 20:25:51,314 - INFO - 276 fields remaining
2024-07-03 20:25:51,314 - INFO - Now analyzing field ID CA_70844
2024-07-03 20:25:54,324 - INFO - Successful
2024-07-03 20:25:54,324 - INFO - 275 fields remaining
2024-07-03 20:25:54,325 - INFO - Now analyzing field ID CA_69317
2024-07-03 20:25:57,865 - INFO - Successful
2024-07-03 20:25:57,865 - INFO - 274 fields remaining
2024-07-03 20:25:57,865 - INFO - Now analyzing field ID CA_69128
2024-07-03 20:26:00,844 - INFO - Successful
2024-07-03 20:26:00,844 - INFO - 273 fields remaining
2024-07-03 20:26:00,845 - INFO - Now analyzing field ID CA_59450
2024-07-03 20:26:03,867 - INFO - Successful
2024-07-03 20:26:03,867 - INFO - 272 fields remaining
2024-07-03 20:26:03,867 - INFO - Now analyzing field ID CA_66675
2024-07-03 20:26:07,356 - INFO - Successful
2024-07-03 20:26:07,356 - INFO - 271 fields remaining
2024-07-03 20:26:07,356 - INFO - Now analyzing field ID CA_318645
2024-07-03 20:26:10,658 - INFO - Successful
2024-07-03 20:26:10,658 - INFO - 270 fields remaining
2024-07-03 20:26:10,659 - INFO - Now analyzing field ID CA_66850
2024-07-03 20:26:13,922 - INFO - Successful
2024-07-03 20:26:13,923 - INFO - 269 fields remaining
2024-07-03 20:26:13,923 - INFO - Now analyzing field ID CA_289998
2024-07-03 20:26:17,995 - INFO - Successful
2024-07-03 20:26:17,995 - INFO - 268 fields remaining
2024-07-03 20:26:17,995 - INFO - Now analyzing field ID CA_72535
2024-07-03 20:26:21,100 - INFO - Successful
2024-07-03 20:26:21,100 - INFO - 267 fields remaining
2024-07-03 20:26:21,100 - INFO - Now analyzing field ID CA_224522
2024-07-03 20:26:24,276 - INFO - Successful
2024-07-03 20:26:24,276 - INFO - 266 fields remaining
2024-07-03 20:26:24,276 - INFO - Now analyzing field ID CA_224158
2024-07-03 20:26:28,080 - INFO - Successful
2024-07-03 20:26:28,080 - INFO - 265 fields remaining
2024-07-03 20:26:28,080 - INFO - Now analyzing field ID CA_223674
2024-07-03 20:26:31,406 - INFO - Successful
2024-07-03 20:26:31,406 - INFO - 264 fields remaining
2024-07-03 20:26:31,406 - INFO - Now analyzing field ID CA_7030
2024-07-03 20:26:34,489 - INFO - Successful
2024-07-03 20:26:34,489 - INFO - 263 fields remaining
2024-07-03 20:26:34,489 - INFO - Now analyzing field ID CA_315416
2024-07-03 20:26:37,837 - INFO - Successful
2024-07-03 20:26:37,839 - INFO - 262 fields remaining
2024-07-03 20:26:37,839 - INFO - Now analyzing field ID CA_297554
2024-07-03 20:26:41,191 - INFO - Successful
2024-07-03 20:26:41,191 - INFO - 261 fields remaining
2024-07-03 20:26:41,191 - INFO - Now analyzing field ID CA_223390
2024-07-03 20:26:45,257 - INFO - Successful
2024-07-03 20:26:45,257 - INFO - 260 fields remaining
2024-07-03 20:26:45,257 - INFO - Now analyzing field ID CA_315646
2024-07-03 20:26:48,866 - INFO - Successful
2024-07-03 20:26:48,866 - INFO - 259 fields remaining
2024-07-03 20:26:48,866 - INFO - Now analyzing field ID CA_315480
2024-07-03 20:26:52,125 - INFO - Successful
2024-07-03 20:26:52,125 - INFO - 258 fields remaining
2024-07-03 20:26:52,125 - INFO - Now analyzing field ID CA_315261
2024-07-03 20:26:55,323 - INFO - Successful
2024-07-03 20:26:55,323 - INFO - 257 fields remaining
2024-07-03 20:26:55,324 - INFO - Now analyzing field ID CA_314177
2024-07-03 20:26:59,142 - INFO - Successful
2024-07-03 20:26:59,142 - INFO - 256 fields remaining
2024-07-03 20:26:59,142 - INFO - Now analyzing field ID CA_60903
2024-07-03 20:27:02,695 - INFO - Successful
2024-07-03 20:27:02,695 - INFO - 255 fields remaining
2024-07-03 20:27:02,696 - INFO - Now analyzing field ID CA_14419
2024-07-03 20:27:05,666 - INFO - Successful
2024-07-03 20:27:05,667 - INFO - 254 fields remaining
2024-07-03 20:27:05,667 - INFO - Now analyzing field ID CA_12627
2024-07-03 20:27:08,567 - INFO - Successful
2024-07-03 20:27:08,567 - INFO - 253 fields remaining
2024-07-03 20:27:08,567 - INFO - Now analyzing field ID CA_296394
2024-07-03 20:27:11,751 - INFO - Successful
2024-07-03 20:27:11,751 - INFO - 252 fields remaining
2024-07-03 20:27:11,751 - INFO - Now analyzing field ID CA_293865
2024-07-03 20:27:15,506 - INFO - Successful
2024-07-03 20:27:15,506 - INFO - 251 fields remaining
2024-07-03 20:27:15,506 - INFO - Now analyzing field ID CA_297569
2024-07-03 20:27:18,568 - INFO - Successful
2024-07-03 20:27:18,569 - INFO - 250 fields remaining
2024-07-03 20:27:18,569 - INFO - Now analyzing field ID CA_297193
2024-07-03 20:27:22,383 - INFO - Successful
2024-07-03 20:27:22,383 - INFO - 249 fields remaining
2024-07-03 20:27:22,383 - INFO - Now analyzing field ID CA_25134
2024-07-03 20:27:25,643 - INFO - Successful
2024-07-03 20:27:25,644 - INFO - 248 fields remaining
2024-07-03 20:27:25,644 - INFO - Now analyzing field ID CA_113117
2024-07-03 20:27:29,317 - INFO - Successful
2024-07-03 20:27:29,318 - INFO - 247 fields remaining
2024-07-03 20:27:29,318 - INFO - Now analyzing field ID CA_315165
2024-07-03 20:27:32,709 - INFO - Successful
2024-07-03 20:27:32,709 - INFO - 246 fields remaining
2024-07-03 20:27:32,709 - INFO - Now analyzing field ID CA_25646
2024-07-03 20:27:35,657 - INFO - Successful
2024-07-03 20:27:35,657 - INFO - 245 fields remaining
2024-07-03 20:27:35,658 - INFO - Now analyzing field ID CA_291054
2024-07-03 20:27:39,254 - INFO - Successful
2024-07-03 20:27:39,254 - INFO - 244 fields remaining
2024-07-03 20:27:39,254 - INFO - Now analyzing field ID CA_317164
2024-07-03 20:27:42,516 - INFO - Successful
2024-07-03 20:27:42,516 - INFO - 243 fields remaining
2024-07-03 20:27:42,516 - INFO - Now analyzing field ID CA_299586
2024-07-03 20:27:45,623 - INFO - Successful
2024-07-03 20:27:45,623 - INFO - 242 fields remaining
2024-07-03 20:27:45,623 - INFO - Now analyzing field ID CA_64204
2024-07-03 20:27:48,428 - INFO - Successful
2024-07-03 20:27:48,428 - INFO - 241 fields remaining
2024-07-03 20:27:48,428 - INFO - Now analyzing field ID CA_315262
2024-07-03 20:27:52,176 - INFO - Successful
2024-07-03 20:27:52,176 - INFO - 240 fields remaining
2024-07-03 20:27:52,176 - INFO - Now analyzing field ID CA_315375
2024-07-03 20:27:55,228 - INFO - Successful
2024-07-03 20:27:55,229 - INFO - 239 fields remaining
2024-07-03 20:27:55,229 - INFO - Now analyzing field ID CA_226383
2024-07-03 20:27:58,339 - INFO - Successful
2024-07-03 20:27:58,339 - INFO - 238 fields remaining
2024-07-03 20:27:58,339 - INFO - Now analyzing field ID CA_11941
2024-07-03 20:28:01,459 - INFO - Successful
2024-07-03 20:28:01,460 - INFO - 237 fields remaining
2024-07-03 20:28:01,460 - INFO - Now analyzing field ID CA_11733
2024-07-03 20:28:04,825 - INFO - Successful
2024-07-03 20:28:04,825 - INFO - 236 fields remaining
2024-07-03 20:28:04,825 - INFO - Now analyzing field ID CA_9796
2024-07-03 20:28:08,340 - INFO - Successful
2024-07-03 20:28:08,340 - INFO - 235 fields remaining
2024-07-03 20:28:08,340 - INFO - Now analyzing field ID CA_25763
2024-07-03 20:28:14,774 - INFO - Successful
2024-07-03 20:28:14,776 - INFO - 234 fields remaining
2024-07-03 20:28:14,776 - INFO - Now analyzing field ID CA_55369
2024-07-03 20:28:18,292 - INFO - Successful
2024-07-03 20:28:18,292 - INFO - 233 fields remaining
2024-07-03 20:28:18,292 - INFO - Now analyzing field ID CA_40791
2024-07-03 20:28:21,374 - INFO - Successful
2024-07-03 20:28:21,375 - INFO - 232 fields remaining
2024-07-03 20:28:21,375 - INFO - Now analyzing field ID CA_54790
2024-07-03 20:28:24,475 - INFO - Successful
2024-07-03 20:28:24,475 - INFO - 231 fields remaining
2024-07-03 20:28:24,476 - INFO - Now analyzing field ID CA_34492
2024-07-03 20:28:27,751 - INFO - Successful
2024-07-03 20:28:27,751 - INFO - 230 fields remaining
2024-07-03 20:28:27,751 - INFO - Now analyzing field ID CA_33134
2024-07-03 20:28:30,738 - INFO - Successful
2024-07-03 20:28:30,739 - INFO - 229 fields remaining
2024-07-03 20:28:30,739 - INFO - Now analyzing field ID CA_228703
2024-07-03 20:28:33,913 - INFO - Successful
2024-07-03 20:28:33,913 - INFO - 228 fields remaining
2024-07-03 20:28:33,913 - INFO - Now analyzing field ID CA_183828
2024-07-03 20:28:37,972 - INFO - Successful
2024-07-03 20:28:37,972 - INFO - 227 fields remaining
2024-07-03 20:28:37,972 - INFO - Now analyzing field ID CA_40117
2024-07-03 20:28:44,262 - INFO - Successful
2024-07-03 20:28:44,262 - INFO - 226 fields remaining
2024-07-03 20:28:44,263 - INFO - Now analyzing field ID CA_51152
2024-07-03 20:28:49,008 - INFO - Successful
2024-07-03 20:28:49,008 - INFO - 225 fields remaining
2024-07-03 20:28:49,008 - INFO - Now analyzing field ID CA_50200
2024-07-03 20:28:52,329 - INFO - Successful
2024-07-03 20:28:52,329 - INFO - 224 fields remaining
2024-07-03 20:28:52,329 - INFO - Now analyzing field ID CA_49460
2024-07-03 20:28:56,603 - INFO - Successful
2024-07-03 20:28:56,604 - INFO - 223 fields remaining
2024-07-03 20:28:56,604 - INFO - Now analyzing field ID CA_49268
2024-07-03 20:28:59,813 - INFO - Successful
2024-07-03 20:28:59,813 - INFO - 222 fields remaining
2024-07-03 20:28:59,813 - INFO - Now analyzing field ID CA_48799
2024-07-03 20:29:03,071 - INFO - Successful
2024-07-03 20:29:03,071 - INFO - 221 fields remaining
2024-07-03 20:29:03,072 - INFO - Now analyzing field ID CA_47884
2024-07-03 20:29:08,571 - INFO - Successful
2024-07-03 20:29:08,571 - INFO - 220 fields remaining
2024-07-03 20:29:08,571 - INFO - Now analyzing field ID CA_46605
2024-07-03 20:29:12,162 - INFO - Successful
2024-07-03 20:29:12,162 - INFO - 219 fields remaining
2024-07-03 20:29:12,162 - INFO - Now analyzing field ID CA_45990
2024-07-03 20:29:15,345 - INFO - Successful
2024-07-03 20:29:15,345 - INFO - 218 fields remaining
2024-07-03 20:29:15,345 - INFO - Now analyzing field ID CA_33823
2024-07-03 20:29:18,703 - INFO - Successful
2024-07-03 20:29:18,703 - INFO - 217 fields remaining
2024-07-03 20:29:18,703 - INFO - Now analyzing field ID CA_32480
2024-07-03 20:29:21,537 - INFO - Successful
2024-07-03 20:29:21,537 - INFO - 216 fields remaining
2024-07-03 20:29:21,537 - INFO - Now analyzing field ID CA_31830
2024-07-03 20:29:24,477 - INFO - Successful
2024-07-03 20:29:24,477 - INFO - 215 fields remaining
2024-07-03 20:29:24,477 - INFO - Now analyzing field ID CA_31256
2024-07-03 20:29:27,888 - INFO - Successful
2024-07-03 20:29:27,888 - INFO - 214 fields remaining
2024-07-03 20:29:27,888 - INFO - Now analyzing field ID CA_52501
2024-07-03 20:29:30,710 - INFO - Successful
2024-07-03 20:29:30,710 - INFO - 213 fields remaining
2024-07-03 20:29:30,710 - INFO - Now analyzing field ID CA_44219
2024-07-03 20:29:33,788 - INFO - Successful
2024-07-03 20:29:33,788 - INFO - 212 fields remaining
2024-07-03 20:29:33,788 - INFO - Now analyzing field ID CA_225626
2024-07-03 20:29:37,373 - INFO - Successful
2024-07-03 20:29:37,373 - INFO - 211 fields remaining
2024-07-03 20:29:37,374 - INFO - Now analyzing field ID CA_57810
2024-07-03 20:29:40,927 - INFO - Successful
2024-07-03 20:29:40,927 - INFO - 210 fields remaining
2024-07-03 20:29:40,927 - INFO - Now analyzing field ID CA_55252
2024-07-03 20:29:44,277 - INFO - Successful
2024-07-03 20:29:44,277 - INFO - 209 fields remaining
2024-07-03 20:29:44,278 - INFO - Now analyzing field ID CA_53305
2024-07-03 20:29:47,654 - INFO - Successful
2024-07-03 20:29:47,654 - INFO - 208 fields remaining
2024-07-03 20:29:47,654 - INFO - Now analyzing field ID CA_54616
2024-07-03 20:29:50,826 - INFO - Successful
2024-07-03 20:29:50,826 - INFO - 207 fields remaining
2024-07-03 20:29:50,827 - INFO - Now analyzing field ID CA_43699
2024-07-03 20:29:55,708 - INFO - Successful
2024-07-03 20:29:55,708 - INFO - 206 fields remaining
2024-07-03 20:29:55,709 - INFO - Now analyzing field ID CA_50989
2024-07-03 20:29:58,920 - INFO - Successful
2024-07-03 20:29:58,920 - INFO - 205 fields remaining
2024-07-03 20:29:58,920 - INFO - Now analyzing field ID CA_54688
2024-07-03 20:30:02,193 - INFO - Successful
2024-07-03 20:30:02,193 - INFO - 204 fields remaining
2024-07-03 20:30:02,194 - INFO - Now analyzing field ID CA_226101
2024-07-03 20:30:05,073 - INFO - Successful
2024-07-03 20:30:05,073 - INFO - 203 fields remaining
2024-07-03 20:30:05,073 - INFO - Now analyzing field ID CA_228776
2024-07-03 20:30:09,725 - INFO - Successful
2024-07-03 20:30:09,725 - INFO - 202 fields remaining
2024-07-03 20:30:09,725 - INFO - Now analyzing field ID CA_37042
2024-07-03 20:30:12,563 - INFO - Successful
2024-07-03 20:30:12,563 - INFO - 201 fields remaining
2024-07-03 20:30:12,563 - INFO - Now analyzing field ID CA_226270
2024-07-03 20:30:15,754 - INFO - Successful
2024-07-03 20:30:15,754 - INFO - 200 fields remaining
2024-07-03 20:30:15,755 - INFO - Now analyzing field ID CA_54305
2024-07-03 20:30:19,746 - INFO - Successful
2024-07-03 20:30:19,747 - INFO - 199 fields remaining
2024-07-03 20:30:19,747 - INFO - Now analyzing field ID CA_128033
2024-07-03 20:30:23,124 - INFO - Successful
2024-07-03 20:30:23,125 - INFO - 198 fields remaining
2024-07-03 20:30:23,125 - INFO - Now analyzing field ID CA_23925
2024-07-03 20:30:26,287 - INFO - Successful
2024-07-03 20:30:26,287 - INFO - 197 fields remaining
2024-07-03 20:30:26,287 - INFO - Now analyzing field ID CA_119712
2024-07-03 20:30:29,370 - INFO - Successful
2024-07-03 20:30:29,370 - INFO - 196 fields remaining
2024-07-03 20:30:29,370 - INFO - Now analyzing field ID CA_112646
2024-07-03 20:30:33,263 - INFO - Successful
2024-07-03 20:30:33,263 - INFO - 195 fields remaining
2024-07-03 20:30:33,263 - INFO - Now analyzing field ID CA_235415
2024-07-03 20:30:36,820 - INFO - Successful
2024-07-03 20:30:36,820 - INFO - 194 fields remaining
2024-07-03 20:30:36,821 - INFO - Now analyzing field ID CA_129661
2024-07-03 20:30:39,999 - INFO - Successful
2024-07-03 20:30:39,999 - INFO - 193 fields remaining
2024-07-03 20:30:39,999 - INFO - Now analyzing field ID CA_227632
2024-07-03 20:30:43,285 - INFO - Successful
2024-07-03 20:30:43,285 - INFO - 192 fields remaining
2024-07-03 20:30:43,287 - INFO - Now analyzing field ID CA_227400
2024-07-03 20:30:46,351 - INFO - Successful
2024-07-03 20:30:46,351 - INFO - 191 fields remaining
2024-07-03 20:30:46,352 - INFO - Now analyzing field ID CA_227224
2024-07-03 20:30:50,005 - INFO - Successful
2024-07-03 20:30:50,005 - INFO - 190 fields remaining
2024-07-03 20:30:50,005 - INFO - Now analyzing field ID CA_130000
2024-07-03 20:30:52,892 - INFO - Successful
2024-07-03 20:30:52,892 - INFO - 189 fields remaining
2024-07-03 20:30:52,892 - INFO - Now analyzing field ID CA_129664
2024-07-03 20:30:56,235 - INFO - Successful
2024-07-03 20:30:56,235 - INFO - 188 fields remaining
2024-07-03 20:30:56,235 - INFO - Now analyzing field ID CA_119945
2024-07-03 20:30:59,084 - INFO - Successful
2024-07-03 20:30:59,084 - INFO - 187 fields remaining
2024-07-03 20:30:59,084 - INFO - Now analyzing field ID CA_48511
2024-07-03 20:31:02,429 - INFO - Successful
2024-07-03 20:31:02,429 - INFO - 186 fields remaining
2024-07-03 20:31:02,429 - INFO - Now analyzing field ID CA_131232
2024-07-03 20:31:07,386 - INFO - Successful
2024-07-03 20:31:07,386 - INFO - 185 fields remaining
2024-07-03 20:31:07,387 - INFO - Now analyzing field ID CA_110176
2024-07-03 20:31:10,786 - INFO - Successful
2024-07-03 20:31:10,786 - INFO - 184 fields remaining
2024-07-03 20:31:10,787 - INFO - Now analyzing field ID CA_235534
2024-07-03 20:31:13,893 - INFO - Successful
2024-07-03 20:31:13,893 - INFO - 183 fields remaining
2024-07-03 20:31:13,894 - INFO - Now analyzing field ID CA_113720
2024-07-03 20:31:17,839 - INFO - Successful
2024-07-03 20:31:17,840 - INFO - 182 fields remaining
2024-07-03 20:31:17,840 - INFO - Now analyzing field ID CA_29966
2024-07-03 20:31:22,141 - INFO - Successful
2024-07-03 20:31:22,142 - INFO - 181 fields remaining
2024-07-03 20:31:22,142 - INFO - Now analyzing field ID CA_128901
2024-07-03 20:31:24,969 - INFO - Successful
2024-07-03 20:31:24,969 - INFO - 180 fields remaining
2024-07-03 20:31:24,969 - INFO - Now analyzing field ID CA_130291
2024-07-03 20:31:28,459 - INFO - Successful
2024-07-03 20:31:28,459 - INFO - 179 fields remaining
2024-07-03 20:31:28,459 - INFO - Now analyzing field ID CA_110959
2024-07-03 20:31:31,475 - INFO - Successful
2024-07-03 20:31:31,476 - INFO - 178 fields remaining
2024-07-03 20:31:31,476 - INFO - Now analyzing field ID CA_122175
2024-07-03 20:31:36,024 - INFO - Successful
2024-07-03 20:31:36,024 - INFO - 177 fields remaining
2024-07-03 20:31:36,024 - INFO - Now analyzing field ID CA_110883
2024-07-03 20:31:39,549 - INFO - Successful
2024-07-03 20:31:39,549 - INFO - 176 fields remaining
2024-07-03 20:31:39,549 - INFO - Now analyzing field ID CA_130897
2024-07-03 20:31:43,538 - INFO - Successful
2024-07-03 20:31:43,538 - INFO - 175 fields remaining
2024-07-03 20:31:43,539 - INFO - Now analyzing field ID CA_121410
2024-07-03 20:31:47,312 - INFO - Successful
2024-07-03 20:31:47,312 - INFO - 174 fields remaining
2024-07-03 20:31:47,312 - INFO - Now analyzing field ID CA_51452
2024-07-03 20:31:50,787 - INFO - Successful
2024-07-03 20:31:50,787 - INFO - 173 fields remaining
2024-07-03 20:31:50,787 - INFO - Now analyzing field ID CA_119568
2024-07-03 20:31:54,460 - INFO - Successful
2024-07-03 20:31:54,460 - INFO - 172 fields remaining
2024-07-03 20:31:54,460 - INFO - Now analyzing field ID CA_110718
2024-07-03 20:31:57,749 - INFO - Successful
2024-07-03 20:31:57,749 - INFO - 171 fields remaining
2024-07-03 20:31:57,749 - INFO - Now analyzing field ID CA_122403
2024-07-03 20:32:00,682 - INFO - Successful
2024-07-03 20:32:00,683 - INFO - 170 fields remaining
2024-07-03 20:32:00,683 - INFO - Now analyzing field ID CA_118357
2024-07-03 20:32:03,501 - INFO - Successful
2024-07-03 20:32:03,502 - INFO - 169 fields remaining
2024-07-03 20:32:03,502 - INFO - Now analyzing field ID CA_121623
2024-07-03 20:32:06,406 - INFO - Successful
2024-07-03 20:32:06,406 - INFO - 168 fields remaining
2024-07-03 20:32:06,406 - INFO - Now analyzing field ID CA_53071
2024-07-03 20:32:09,842 - INFO - Successful
2024-07-03 20:32:09,843 - INFO - 167 fields remaining
2024-07-03 20:32:09,843 - INFO - Now analyzing field ID CA_118917
2024-07-03 20:32:13,923 - INFO - Successful
2024-07-03 20:32:13,923 - INFO - 166 fields remaining
2024-07-03 20:32:13,923 - INFO - Now analyzing field ID CA_132535
2024-07-03 20:32:17,067 - INFO - Successful
2024-07-03 20:32:17,067 - INFO - 165 fields remaining
2024-07-03 20:32:17,067 - INFO - Now analyzing field ID CA_132720
2024-07-03 20:32:20,365 - INFO - Successful
2024-07-03 20:32:20,365 - INFO - 164 fields remaining
2024-07-03 20:32:20,365 - INFO - Now analyzing field ID CA_225250
2024-07-03 20:32:23,042 - INFO - Successful
2024-07-03 20:32:23,043 - INFO - 163 fields remaining
2024-07-03 20:32:23,043 - INFO - Now analyzing field ID CA_2468
2024-07-03 20:32:26,520 - INFO - Successful
2024-07-03 20:32:26,520 - INFO - 162 fields remaining
2024-07-03 20:32:26,521 - INFO - Now analyzing field ID CA_5256
2024-07-03 20:32:29,584 - INFO - Successful
2024-07-03 20:32:29,585 - INFO - 161 fields remaining
2024-07-03 20:32:29,585 - INFO - Now analyzing field ID CA_5907
2024-07-03 20:32:32,927 - INFO - Successful
2024-07-03 20:32:32,927 - INFO - 160 fields remaining
2024-07-03 20:32:32,927 - INFO - Now analyzing field ID CA_28177
2024-07-03 20:32:36,122 - INFO - Successful
2024-07-03 20:32:36,122 - INFO - 159 fields remaining
2024-07-03 20:32:36,122 - INFO - Now analyzing field ID CA_26875
2024-07-03 20:32:38,970 - INFO - Successful
2024-07-03 20:32:38,970 - INFO - 158 fields remaining
2024-07-03 20:32:38,970 - INFO - Now analyzing field ID CA_150688
2024-07-03 20:32:42,220 - INFO - Successful
2024-07-03 20:32:42,220 - INFO - 157 fields remaining
2024-07-03 20:32:42,221 - INFO - Now analyzing field ID CA_117618
2024-07-03 20:32:45,818 - INFO - Successful
2024-07-03 20:32:45,818 - INFO - 156 fields remaining
2024-07-03 20:32:45,818 - INFO - Now analyzing field ID CA_181084
2024-07-03 20:32:50,032 - INFO - Successful
2024-07-03 20:32:50,033 - INFO - 155 fields remaining
2024-07-03 20:32:50,033 - INFO - Now analyzing field ID CA_180936
2024-07-03 20:32:53,460 - INFO - Successful
2024-07-03 20:32:53,460 - INFO - 154 fields remaining
2024-07-03 20:32:53,460 - INFO - Now analyzing field ID CA_180684
2024-07-03 20:32:56,666 - INFO - Successful
2024-07-03 20:32:56,666 - INFO - 153 fields remaining
2024-07-03 20:32:56,666 - INFO - Now analyzing field ID CA_179935
2024-07-03 20:32:59,727 - INFO - Successful
2024-07-03 20:32:59,727 - INFO - 152 fields remaining
2024-07-03 20:32:59,727 - INFO - Now analyzing field ID CA_177775
2024-07-03 20:33:02,820 - INFO - Successful
2024-07-03 20:33:02,820 - INFO - 151 fields remaining
2024-07-03 20:33:02,820 - INFO - Now analyzing field ID CA_171395
2024-07-03 20:33:05,933 - INFO - Successful
2024-07-03 20:33:05,933 - INFO - 150 fields remaining
2024-07-03 20:33:05,933 - INFO - Now analyzing field ID CA_169486
2024-07-03 20:33:09,060 - INFO - Successful
2024-07-03 20:33:09,060 - INFO - 149 fields remaining
2024-07-03 20:33:09,061 - INFO - Now analyzing field ID CA_168467
2024-07-03 20:33:12,624 - INFO - Successful
2024-07-03 20:33:12,624 - INFO - 148 fields remaining
2024-07-03 20:33:12,625 - INFO - Now analyzing field ID CA_158327
2024-07-03 20:33:15,514 - INFO - Successful
2024-07-03 20:33:15,514 - INFO - 147 fields remaining
2024-07-03 20:33:15,514 - INFO - Now analyzing field ID CA_157076
2024-07-03 20:33:19,117 - INFO - Successful
2024-07-03 20:33:19,117 - INFO - 146 fields remaining
2024-07-03 20:33:19,117 - INFO - Now analyzing field ID CA_115464
2024-07-03 20:33:24,072 - INFO - Successful
2024-07-03 20:33:24,072 - INFO - 145 fields remaining
2024-07-03 20:33:24,072 - INFO - Now analyzing field ID CA_169006
2024-07-03 20:33:27,540 - INFO - Successful
2024-07-03 20:33:27,540 - INFO - 144 fields remaining
2024-07-03 20:33:27,540 - INFO - Now analyzing field ID CA_149305
2024-07-03 20:33:30,679 - INFO - Successful
2024-07-03 20:33:30,679 - INFO - 143 fields remaining
2024-07-03 20:33:30,680 - INFO - Now analyzing field ID CA_116825
2024-07-03 20:33:35,139 - INFO - Successful
2024-07-03 20:33:35,139 - INFO - 142 fields remaining
2024-07-03 20:33:35,139 - INFO - Now analyzing field ID CA_156542
2024-07-03 20:33:38,671 - INFO - Successful
2024-07-03 20:33:38,671 - INFO - 141 fields remaining
2024-07-03 20:33:38,671 - INFO - Now analyzing field ID CA_27730
2024-07-03 20:33:41,878 - INFO - Successful
2024-07-03 20:33:41,878 - INFO - 140 fields remaining
2024-07-03 20:33:41,878 - INFO - Now analyzing field ID CA_11216
2024-07-03 20:33:45,042 - INFO - Successful
2024-07-03 20:33:45,042 - INFO - 139 fields remaining
2024-07-03 20:33:45,042 - INFO - Now analyzing field ID CA_150636
2024-07-03 20:33:49,503 - INFO - Successful
2024-07-03 20:33:49,503 - INFO - 138 fields remaining
2024-07-03 20:33:49,503 - INFO - Now analyzing field ID CA_225292
2024-07-03 20:33:52,781 - INFO - Successful
2024-07-03 20:33:52,782 - INFO - 137 fields remaining
2024-07-03 20:33:52,782 - INFO - Now analyzing field ID CA_115801
2024-07-03 20:33:55,593 - INFO - Successful
2024-07-03 20:33:55,593 - INFO - 136 fields remaining
2024-07-03 20:33:55,593 - INFO - Now analyzing field ID CA_117389
2024-07-03 20:33:58,445 - INFO - Successful
2024-07-03 20:33:58,445 - INFO - 135 fields remaining
2024-07-03 20:33:58,445 - INFO - Now analyzing field ID CA_152508
2024-07-03 20:34:01,233 - INFO - Successful
2024-07-03 20:34:01,234 - INFO - 134 fields remaining
2024-07-03 20:34:01,234 - INFO - Now analyzing field ID CA_28297
2024-07-03 20:34:05,675 - INFO - Successful
2024-07-03 20:34:05,676 - INFO - 133 fields remaining
2024-07-03 20:34:05,676 - INFO - Now analyzing field ID CA_116294
2024-07-03 20:34:08,647 - INFO - Successful
2024-07-03 20:34:08,647 - INFO - 132 fields remaining
2024-07-03 20:34:08,647 - INFO - Now analyzing field ID CA_151516
2024-07-03 20:34:11,591 - INFO - Successful
2024-07-03 20:34:11,591 - INFO - 131 fields remaining
2024-07-03 20:34:11,591 - INFO - Now analyzing field ID CA_223445
2024-07-03 20:34:15,862 - INFO - Successful
2024-07-03 20:34:15,862 - INFO - 130 fields remaining
2024-07-03 20:34:15,862 - INFO - Now analyzing field ID CA_166317
2024-07-03 20:34:20,301 - INFO - Successful
2024-07-03 20:34:20,301 - INFO - 129 fields remaining
2024-07-03 20:34:20,301 - INFO - Now analyzing field ID CA_12291
2024-07-03 20:34:25,063 - INFO - Successful
2024-07-03 20:34:25,063 - INFO - 128 fields remaining
2024-07-03 20:34:25,063 - INFO - Now analyzing field ID CA_25726
2024-07-03 20:34:28,154 - INFO - Successful
2024-07-03 20:34:28,155 - INFO - 127 fields remaining
2024-07-03 20:34:28,155 - INFO - Now analyzing field ID CA_165479
2024-07-03 20:34:31,182 - INFO - Successful
2024-07-03 20:34:31,182 - INFO - 126 fields remaining
2024-07-03 20:34:31,182 - INFO - Now analyzing field ID CA_165275
2024-07-03 20:34:34,380 - INFO - Successful
2024-07-03 20:34:34,380 - INFO - 125 fields remaining
2024-07-03 20:34:34,380 - INFO - Now analyzing field ID CA_165541
2024-07-03 20:34:37,790 - INFO - Successful
2024-07-03 20:34:37,790 - INFO - 124 fields remaining
2024-07-03 20:34:37,790 - INFO - Now analyzing field ID CA_180087
2024-07-03 20:34:40,909 - INFO - Successful
2024-07-03 20:34:40,909 - INFO - 123 fields remaining
2024-07-03 20:34:40,909 - INFO - Now analyzing field ID CA_147819
2024-07-03 20:34:44,213 - INFO - Successful
2024-07-03 20:34:44,213 - INFO - 122 fields remaining
2024-07-03 20:34:44,213 - INFO - Now analyzing field ID CA_213142
2024-07-03 20:34:47,502 - INFO - Successful
2024-07-03 20:34:47,502 - INFO - 121 fields remaining
2024-07-03 20:34:47,502 - INFO - Now analyzing field ID CA_210979
2024-07-03 20:34:50,471 - INFO - Successful
2024-07-03 20:34:50,471 - INFO - 120 fields remaining
2024-07-03 20:34:50,471 - INFO - Now analyzing field ID CA_210817
2024-07-03 20:34:54,992 - INFO - Successful
2024-07-03 20:34:54,993 - INFO - 119 fields remaining
2024-07-03 20:34:54,993 - INFO - Now analyzing field ID CA_210797
2024-07-03 20:34:58,521 - INFO - Successful
2024-07-03 20:34:58,521 - INFO - 118 fields remaining
2024-07-03 20:34:58,522 - INFO - Now analyzing field ID CA_209730
2024-07-03 20:35:02,010 - INFO - Successful
2024-07-03 20:35:02,010 - INFO - 117 fields remaining
2024-07-03 20:35:02,011 - INFO - Now analyzing field ID CA_209424
2024-07-03 20:35:05,426 - INFO - Successful
2024-07-03 20:35:05,426 - INFO - 116 fields remaining
2024-07-03 20:35:05,426 - INFO - Now analyzing field ID CA_177425
2024-07-03 20:35:09,526 - INFO - Successful
2024-07-03 20:35:09,527 - INFO - 115 fields remaining
2024-07-03 20:35:09,527 - INFO - Now analyzing field ID CA_152680
2024-07-03 20:35:12,948 - INFO - Successful
2024-07-03 20:35:12,949 - INFO - 114 fields remaining
2024-07-03 20:35:12,949 - INFO - Now analyzing field ID CA_218705
2024-07-03 20:35:16,213 - INFO - Successful
2024-07-03 20:35:16,213 - INFO - 113 fields remaining
2024-07-03 20:35:16,213 - INFO - Now analyzing field ID CA_181926
2024-07-03 20:35:19,197 - INFO - Successful
2024-07-03 20:35:19,197 - INFO - 112 fields remaining
2024-07-03 20:35:19,197 - INFO - Now analyzing field ID CA_179090
2024-07-03 20:35:22,311 - INFO - Successful
2024-07-03 20:35:22,311 - INFO - 111 fields remaining
2024-07-03 20:35:22,311 - INFO - Now analyzing field ID CA_178583
2024-07-03 20:35:25,809 - INFO - Successful
2024-07-03 20:35:25,809 - INFO - 110 fields remaining
2024-07-03 20:35:25,809 - INFO - Now analyzing field ID CA_178552
2024-07-03 20:35:29,348 - INFO - Successful
2024-07-03 20:35:29,348 - INFO - 109 fields remaining
2024-07-03 20:35:29,348 - INFO - Now analyzing field ID CA_171957
2024-07-03 20:35:32,316 - INFO - Successful
2024-07-03 20:35:32,316 - INFO - 108 fields remaining
2024-07-03 20:35:32,316 - INFO - Now analyzing field ID CA_170091
2024-07-03 20:35:35,769 - INFO - Successful
2024-07-03 20:35:35,769 - INFO - 107 fields remaining
2024-07-03 20:35:35,769 - INFO - Now analyzing field ID CA_167160
2024-07-03 20:35:38,793 - INFO - Successful
2024-07-03 20:35:38,794 - INFO - 106 fields remaining
2024-07-03 20:35:38,794 - INFO - Now analyzing field ID CA_167092
2024-07-03 20:35:42,537 - INFO - Successful
2024-07-03 20:35:42,539 - INFO - 105 fields remaining
2024-07-03 20:35:42,539 - INFO - Now analyzing field ID CA_166718
2024-07-03 20:35:45,338 - INFO - Successful
2024-07-03 20:35:45,339 - INFO - 104 fields remaining
2024-07-03 20:35:45,339 - INFO - Now analyzing field ID CA_163993
2024-07-03 20:35:48,653 - INFO - Successful
2024-07-03 20:35:48,654 - INFO - 103 fields remaining
2024-07-03 20:35:48,654 - INFO - Now analyzing field ID CA_161125
2024-07-03 20:35:51,841 - INFO - Successful
2024-07-03 20:35:51,841 - INFO - 102 fields remaining
2024-07-03 20:35:51,841 - INFO - Now analyzing field ID CA_160405
2024-07-03 20:35:55,147 - INFO - Successful
2024-07-03 20:35:55,147 - INFO - 101 fields remaining
2024-07-03 20:35:55,147 - INFO - Now analyzing field ID CA_160350
2024-07-03 20:35:58,384 - INFO - Successful
2024-07-03 20:35:58,385 - INFO - 100 fields remaining
2024-07-03 20:35:58,385 - INFO - Now analyzing field ID CA_160120
2024-07-03 20:36:01,637 - INFO - Successful
2024-07-03 20:36:01,637 - INFO - 99 fields remaining
2024-07-03 20:36:01,637 - INFO - Now analyzing field ID CA_160028
2024-07-03 20:36:04,761 - INFO - Successful
2024-07-03 20:36:04,762 - INFO - 98 fields remaining
2024-07-03 20:36:04,762 - INFO - Now analyzing field ID CA_159621
2024-07-03 20:36:07,643 - INFO - Successful
2024-07-03 20:36:07,643 - INFO - 97 fields remaining
2024-07-03 20:36:07,644 - INFO - Now analyzing field ID CA_157772
2024-07-03 20:36:10,677 - INFO - Successful
2024-07-03 20:36:10,677 - INFO - 96 fields remaining
2024-07-03 20:36:10,677 - INFO - Now analyzing field ID CA_152516
2024-07-03 20:36:15,379 - INFO - Successful
2024-07-03 20:36:15,379 - INFO - 95 fields remaining
2024-07-03 20:36:15,379 - INFO - Now analyzing field ID CA_166979
2024-07-03 20:36:18,633 - INFO - Successful
2024-07-03 20:36:18,633 - INFO - 94 fields remaining
2024-07-03 20:36:18,633 - INFO - Now analyzing field ID CA_178248
2024-07-03 20:36:21,724 - INFO - Successful
2024-07-03 20:36:21,724 - INFO - 93 fields remaining
2024-07-03 20:36:21,724 - INFO - Now analyzing field ID CA_146308
2024-07-03 20:36:25,496 - INFO - Successful
2024-07-03 20:36:25,496 - INFO - 92 fields remaining
2024-07-03 20:36:25,497 - INFO - Now analyzing field ID CA_149265
2024-07-03 20:36:28,438 - INFO - Successful
2024-07-03 20:36:28,438 - INFO - 91 fields remaining
2024-07-03 20:36:28,438 - INFO - Now analyzing field ID CA_149799
2024-07-03 20:36:32,305 - INFO - Successful
2024-07-03 20:36:32,305 - INFO - 90 fields remaining
2024-07-03 20:36:32,305 - INFO - Now analyzing field ID CA_151019
2024-07-03 20:36:35,547 - INFO - Successful
2024-07-03 20:36:35,547 - INFO - 89 fields remaining
2024-07-03 20:36:35,547 - INFO - Now analyzing field ID CA_150220
2024-07-03 20:36:38,698 - INFO - Successful
2024-07-03 20:36:38,699 - INFO - 88 fields remaining
2024-07-03 20:36:38,699 - INFO - Now analyzing field ID CA_213840
2024-07-03 20:36:41,545 - INFO - Successful
2024-07-03 20:36:41,545 - INFO - 87 fields remaining
2024-07-03 20:36:41,545 - INFO - Now analyzing field ID CA_142793
2024-07-03 20:36:44,748 - INFO - Successful
2024-07-03 20:36:44,748 - INFO - 86 fields remaining
2024-07-03 20:36:44,749 - INFO - Now analyzing field ID CA_182086
2024-07-03 20:36:48,124 - INFO - Successful
2024-07-03 20:36:48,124 - INFO - 85 fields remaining
2024-07-03 20:36:48,124 - INFO - Now analyzing field ID CA_180321
2024-07-03 20:36:51,586 - INFO - Successful
2024-07-03 20:36:51,586 - INFO - 84 fields remaining
2024-07-03 20:36:51,587 - INFO - Now analyzing field ID CA_153170
2024-07-03 20:36:54,356 - INFO - Successful
2024-07-03 20:36:54,356 - INFO - 83 fields remaining
2024-07-03 20:36:54,356 - INFO - Now analyzing field ID CA_187438
2024-07-03 20:36:57,351 - INFO - Successful
2024-07-03 20:36:57,351 - INFO - 82 fields remaining
2024-07-03 20:36:57,351 - INFO - Now analyzing field ID CA_197684
2024-07-03 20:37:00,709 - INFO - Successful
2024-07-03 20:37:00,709 - INFO - 81 fields remaining
2024-07-03 20:37:00,710 - INFO - Now analyzing field ID CA_186949
2024-07-03 20:37:03,881 - INFO - Successful
2024-07-03 20:37:03,882 - INFO - 80 fields remaining
2024-07-03 20:37:03,882 - INFO - Now analyzing field ID CA_213630
2024-07-03 20:37:07,083 - INFO - Successful
2024-07-03 20:37:07,083 - INFO - 79 fields remaining
2024-07-03 20:37:07,083 - INFO - Now analyzing field ID CA_203822
2024-07-03 20:37:10,129 - INFO - Successful
2024-07-03 20:37:10,130 - INFO - 78 fields remaining
2024-07-03 20:37:10,130 - INFO - Now analyzing field ID CA_198018
2024-07-03 20:37:13,821 - INFO - Successful
2024-07-03 20:37:13,822 - INFO - 77 fields remaining
2024-07-03 20:37:13,822 - INFO - Now analyzing field ID CA_186870
2024-07-03 20:37:17,922 - INFO - Successful
2024-07-03 20:37:17,922 - INFO - 76 fields remaining
2024-07-03 20:37:17,922 - INFO - Now analyzing field ID CA_214914
2024-07-03 20:37:22,607 - INFO - Successful
2024-07-03 20:37:22,607 - INFO - 75 fields remaining
2024-07-03 20:37:22,607 - INFO - Now analyzing field ID CA_211378
2024-07-03 20:37:25,610 - INFO - Successful
2024-07-03 20:37:25,610 - INFO - 74 fields remaining
2024-07-03 20:37:25,611 - INFO - Now analyzing field ID CA_199904
2024-07-03 20:37:28,900 - INFO - Successful
2024-07-03 20:37:28,900 - INFO - 73 fields remaining
2024-07-03 20:37:28,901 - INFO - Now analyzing field ID CA_241534
2024-07-03 20:37:31,907 - INFO - Successful
2024-07-03 20:37:31,907 - INFO - 72 fields remaining
2024-07-03 20:37:31,907 - INFO - Now analyzing field ID CA_186283
2024-07-03 20:37:35,000 - INFO - Successful
2024-07-03 20:37:35,000 - INFO - 71 fields remaining
2024-07-03 20:37:35,001 - INFO - Now analyzing field ID CA_242010
2024-07-03 20:37:38,712 - INFO - Successful
2024-07-03 20:37:38,712 - INFO - 70 fields remaining
2024-07-03 20:37:38,713 - INFO - Now analyzing field ID CA_241505
2024-07-03 20:37:44,914 - INFO - Successful
2024-07-03 20:37:44,914 - INFO - 69 fields remaining
2024-07-03 20:37:44,914 - INFO - Now analyzing field ID CA_211137
2024-07-03 20:37:49,075 - INFO - Successful
2024-07-03 20:37:49,075 - INFO - 68 fields remaining
2024-07-03 20:37:49,075 - INFO - Now analyzing field ID CA_204773
2024-07-03 20:37:52,603 - INFO - Successful
2024-07-03 20:37:52,603 - INFO - 67 fields remaining
2024-07-03 20:37:52,603 - INFO - Now analyzing field ID CA_203481
2024-07-03 20:37:57,859 - INFO - Successful
2024-07-03 20:37:57,860 - INFO - 66 fields remaining
2024-07-03 20:37:57,860 - INFO - Now analyzing field ID CA_199886
2024-07-03 20:38:00,814 - INFO - Successful
2024-07-03 20:38:00,814 - INFO - 65 fields remaining
2024-07-03 20:38:00,814 - INFO - Now analyzing field ID CA_199389
2024-07-03 20:38:04,212 - INFO - Successful
2024-07-03 20:38:04,212 - INFO - 64 fields remaining
2024-07-03 20:38:04,212 - INFO - Now analyzing field ID CA_199621
2024-07-03 20:38:09,183 - INFO - Successful
2024-07-03 20:38:09,183 - INFO - 63 fields remaining
2024-07-03 20:38:09,183 - INFO - Now analyzing field ID CA_214741
2024-07-03 20:38:12,825 - INFO - Successful
2024-07-03 20:38:12,825 - INFO - 62 fields remaining
2024-07-03 20:38:12,826 - INFO - Now analyzing field ID CA_214463
2024-07-03 20:38:17,052 - INFO - Successful
2024-07-03 20:38:17,052 - INFO - 61 fields remaining
2024-07-03 20:38:17,053 - INFO - Now analyzing field ID CA_205669
2024-07-03 20:38:20,399 - INFO - Successful
2024-07-03 20:38:20,399 - INFO - 60 fields remaining
2024-07-03 20:38:20,399 - INFO - Now analyzing field ID CA_237235
2024-07-03 20:38:23,677 - INFO - Successful
2024-07-03 20:38:23,677 - INFO - 59 fields remaining
2024-07-03 20:38:23,677 - INFO - Now analyzing field ID CA_218504
2024-07-03 20:38:26,829 - INFO - Successful
2024-07-03 20:38:26,829 - INFO - 58 fields remaining
2024-07-03 20:38:26,829 - INFO - Now analyzing field ID CA_206280
2024-07-03 20:38:33,306 - INFO - Successful
2024-07-03 20:38:33,307 - INFO - 57 fields remaining
2024-07-03 20:38:33,307 - INFO - Now analyzing field ID CA_198392
2024-07-03 20:38:36,438 - INFO - Successful
2024-07-03 20:38:36,438 - INFO - 56 fields remaining
2024-07-03 20:38:36,438 - INFO - Now analyzing field ID CA_218326
2024-07-03 20:38:39,754 - INFO - Successful
2024-07-03 20:38:39,754 - INFO - 55 fields remaining
2024-07-03 20:38:39,755 - INFO - Now analyzing field ID CA_197206
2024-07-03 20:38:43,037 - INFO - Successful
2024-07-03 20:38:43,037 - INFO - 54 fields remaining
2024-07-03 20:38:43,037 - INFO - Now analyzing field ID CA_202362
2024-07-03 20:38:43,262 - WARNING - Reattempting request..
2024-07-03 20:38:48,020 - INFO - Successful
2024-07-03 20:38:48,020 - INFO - 53 fields remaining
2024-07-03 20:38:48,020 - INFO - Now analyzing field ID CA_197548
2024-07-03 20:38:50,900 - INFO - Successful
2024-07-03 20:38:50,900 - INFO - 52 fields remaining
2024-07-03 20:38:50,900 - INFO - Now analyzing field ID CA_206014
2024-07-03 20:38:53,957 - INFO - Successful
2024-07-03 20:38:53,957 - INFO - 51 fields remaining
2024-07-03 20:38:53,957 - INFO - Now analyzing field ID CA_196350
2024-07-03 20:38:57,074 - INFO - Successful
2024-07-03 20:38:57,076 - INFO - 50 fields remaining
2024-07-03 20:38:57,076 - INFO - Now analyzing field ID CA_196217
2024-07-03 20:39:00,247 - INFO - Successful
2024-07-03 20:39:00,247 - INFO - 49 fields remaining
2024-07-03 20:39:00,248 - INFO - Now analyzing field ID CA_194654
2024-07-03 20:39:03,088 - INFO - Successful
2024-07-03 20:39:03,088 - INFO - 48 fields remaining
2024-07-03 20:39:03,088 - INFO - Now analyzing field ID CA_207336
2024-07-03 20:39:08,378 - INFO - Successful
2024-07-03 20:39:08,378 - INFO - 47 fields remaining
2024-07-03 20:39:08,379 - INFO - Now analyzing field ID CA_207283
2024-07-03 20:39:11,618 - INFO - Successful
2024-07-03 20:39:11,619 - INFO - 46 fields remaining
2024-07-03 20:39:11,619 - INFO - Now analyzing field ID CA_206394
2024-07-03 20:39:15,086 - INFO - Successful
2024-07-03 20:39:15,086 - INFO - 45 fields remaining
2024-07-03 20:39:15,087 - INFO - Now analyzing field ID CA_205074
2024-07-03 20:39:19,050 - INFO - Successful
2024-07-03 20:39:19,051 - INFO - 44 fields remaining
2024-07-03 20:39:19,051 - INFO - Now analyzing field ID CA_201209
2024-07-03 20:39:22,184 - INFO - Successful
2024-07-03 20:39:22,184 - INFO - 43 fields remaining
2024-07-03 20:39:22,186 - INFO - Now analyzing field ID CA_196039
2024-07-03 20:39:25,762 - INFO - Successful
2024-07-03 20:39:25,762 - INFO - 42 fields remaining
2024-07-03 20:39:25,762 - INFO - Now analyzing field ID CA_195552
2024-07-03 20:39:30,106 - INFO - Successful
2024-07-03 20:39:30,106 - INFO - 41 fields remaining
2024-07-03 20:39:30,106 - INFO - Now analyzing field ID CA_195055
2024-07-03 20:39:33,838 - INFO - Successful
2024-07-03 20:39:33,839 - INFO - 40 fields remaining
2024-07-03 20:39:33,839 - INFO - Now analyzing field ID CA_218496
2024-07-03 20:39:36,983 - INFO - Successful
2024-07-03 20:39:36,984 - INFO - 39 fields remaining
2024-07-03 20:39:36,984 - INFO - Now analyzing field ID CA_218428
2024-07-03 20:39:40,272 - INFO - Successful
2024-07-03 20:39:40,272 - INFO - 38 fields remaining
2024-07-03 20:39:40,272 - INFO - Now analyzing field ID CA_185399
2024-07-03 20:39:43,858 - INFO - Successful
2024-07-03 20:39:43,858 - INFO - 37 fields remaining
2024-07-03 20:39:43,859 - INFO - Now analyzing field ID CA_219484
2024-07-03 20:39:48,046 - INFO - Successful
2024-07-03 20:39:48,046 - INFO - 36 fields remaining
2024-07-03 20:39:48,046 - INFO - Now analyzing field ID CA_243548
2024-07-03 20:39:50,921 - INFO - Successful
2024-07-03 20:39:50,921 - INFO - 35 fields remaining
2024-07-03 20:39:50,922 - INFO - Now analyzing field ID CA_240061
2024-07-03 20:39:54,354 - INFO - Successful
2024-07-03 20:39:54,354 - INFO - 34 fields remaining
2024-07-03 20:39:54,355 - INFO - Now analyzing field ID CA_221043
2024-07-03 20:39:57,426 - INFO - Successful
2024-07-03 20:39:57,426 - INFO - 33 fields remaining
2024-07-03 20:39:57,427 - INFO - Now analyzing field ID CA_218007
2024-07-03 20:40:01,475 - INFO - Successful
2024-07-03 20:40:01,475 - INFO - 32 fields remaining
2024-07-03 20:40:01,475 - INFO - Now analyzing field ID CA_216615
2024-07-03 20:40:04,978 - INFO - Successful
2024-07-03 20:40:04,978 - INFO - 31 fields remaining
2024-07-03 20:40:04,978 - INFO - Now analyzing field ID CA_216205
2024-07-03 20:40:08,219 - INFO - Successful
2024-07-03 20:40:08,219 - INFO - 30 fields remaining
2024-07-03 20:40:08,220 - INFO - Now analyzing field ID CA_188282
2024-07-03 20:40:12,484 - INFO - Successful
2024-07-03 20:40:12,484 - INFO - 29 fields remaining
2024-07-03 20:40:12,484 - INFO - Now analyzing field ID CA_188163
2024-07-03 20:40:17,953 - INFO - Successful
2024-07-03 20:40:17,953 - INFO - 28 fields remaining
2024-07-03 20:40:17,953 - INFO - Now analyzing field ID CA_346051
2024-07-03 20:40:21,665 - INFO - Successful
2024-07-03 20:40:21,665 - INFO - 27 fields remaining
2024-07-03 20:40:21,665 - INFO - Now analyzing field ID CA_344981
2024-07-03 20:40:24,976 - INFO - Successful
2024-07-03 20:40:24,976 - INFO - 26 fields remaining
2024-07-03 20:40:24,976 - INFO - Now analyzing field ID CA_192944
2024-07-03 20:40:28,238 - INFO - Successful
2024-07-03 20:40:28,238 - INFO - 25 fields remaining
2024-07-03 20:40:28,239 - INFO - Now analyzing field ID CA_176261
2024-07-03 20:40:31,156 - INFO - Successful
2024-07-03 20:40:31,158 - INFO - 24 fields remaining
2024-07-03 20:40:31,158 - INFO - Now analyzing field ID CA_176246
2024-07-03 20:40:34,031 - INFO - Successful
2024-07-03 20:40:34,031 - INFO - 23 fields remaining
2024-07-03 20:40:34,031 - INFO - Now analyzing field ID CA_176041
2024-07-03 20:40:37,117 - INFO - Successful
2024-07-03 20:40:37,117 - INFO - 22 fields remaining
2024-07-03 20:40:37,118 - INFO - Now analyzing field ID CA_135342
2024-07-03 20:40:40,318 - INFO - Successful
2024-07-03 20:40:40,318 - INFO - 21 fields remaining
2024-07-03 20:40:40,318 - INFO - Now analyzing field ID CA_134803
2024-07-03 20:40:43,452 - INFO - Successful
2024-07-03 20:40:43,452 - INFO - 20 fields remaining
2024-07-03 20:40:43,452 - INFO - Now analyzing field ID CA_134482
2024-07-03 20:40:48,001 - INFO - Successful
2024-07-03 20:40:48,001 - INFO - 19 fields remaining
2024-07-03 20:40:48,002 - INFO - Now analyzing field ID CA_134009
2024-07-03 20:40:50,669 - INFO - Successful
2024-07-03 20:40:50,669 - INFO - 18 fields remaining
2024-07-03 20:40:50,669 - INFO - Now analyzing field ID CA_133883
2024-07-03 20:40:54,307 - INFO - Successful
2024-07-03 20:40:54,307 - INFO - 17 fields remaining
2024-07-03 20:40:54,307 - INFO - Now analyzing field ID CA_133674
2024-07-03 20:40:57,470 - INFO - Successful
2024-07-03 20:40:57,470 - INFO - 16 fields remaining
2024-07-03 20:40:57,470 - INFO - Now analyzing field ID CA_189979
2024-07-03 20:41:00,819 - INFO - Successful
2024-07-03 20:41:00,820 - INFO - 15 fields remaining
2024-07-03 20:41:00,820 - INFO - Now analyzing field ID CA_343782
2024-07-03 20:41:04,018 - INFO - Successful
2024-07-03 20:41:04,018 - INFO - 14 fields remaining
2024-07-03 20:41:04,019 - INFO - Now analyzing field ID CA_240493
2024-07-03 20:41:07,138 - INFO - Successful
2024-07-03 20:41:07,138 - INFO - 13 fields remaining
2024-07-03 20:41:07,139 - INFO - Now analyzing field ID CA_343666
2024-07-03 20:41:11,042 - INFO - Successful
2024-07-03 20:41:11,042 - INFO - 12 fields remaining
2024-07-03 20:41:11,043 - INFO - Now analyzing field ID CA_343221
2024-07-03 20:41:15,760 - INFO - Successful
2024-07-03 20:41:15,760 - INFO - 11 fields remaining
2024-07-03 20:41:15,760 - INFO - Now analyzing field ID CA_343648
2024-07-03 20:41:18,865 - INFO - Successful
2024-07-03 20:41:18,865 - INFO - 10 fields remaining
2024-07-03 20:41:18,865 - INFO - Now analyzing field ID CA_192791
2024-07-03 20:41:22,602 - INFO - Successful
2024-07-03 20:41:22,602 - INFO - 9 fields remaining
2024-07-03 20:41:22,602 - INFO - Now analyzing field ID CA_216236
2024-07-03 20:41:26,277 - INFO - Successful
2024-07-03 20:41:26,277 - INFO - 8 fields remaining
2024-07-03 20:41:26,278 - INFO - Now analyzing field ID CA_222239
2024-07-03 20:41:29,233 - INFO - Successful
2024-07-03 20:41:29,234 - INFO - 7 fields remaining
2024-07-03 20:41:29,234 - INFO - Now analyzing field ID CA_343274
2024-07-03 20:41:32,079 - INFO - Successful
2024-07-03 20:41:32,079 - INFO - 6 fields remaining
2024-07-03 20:41:32,080 - INFO - Now analyzing field ID CA_342781
2024-07-03 20:41:34,829 - INFO - Successful
2024-07-03 20:41:34,830 - INFO - 5 fields remaining
2024-07-03 20:41:34,830 - INFO - Now analyzing field ID CA_344925
2024-07-03 20:41:38,088 - INFO - Successful
2024-07-03 20:41:38,088 - INFO - 4 fields remaining
2024-07-03 20:41:38,088 - INFO - Now analyzing field ID CA_136233
2024-07-03 20:41:42,010 - INFO - Successful
2024-07-03 20:41:42,010 - INFO - 3 fields remaining
2024-07-03 20:41:42,010 - INFO - Now analyzing field ID CA_136312
2024-07-03 20:41:45,190 - INFO - Successful
2024-07-03 20:41:45,190 - INFO - 2 fields remaining
2024-07-03 20:41:45,190 - INFO - Now analyzing field ID CA_343914
2024-07-03 20:41:49,008 - INFO - Successful
2024-07-03 20:41:49,009 - INFO - 1 fields remaining
2024-07-03 20:41:49,009 - INFO - Now analyzing field ID CA_342669
2024-07-03 20:41:52,512 - INFO - Successful
2024-07-03 20:41:52,512 - INFO - 0 fields remaining
2024-07-03 20:41:52,520 - INFO - Finished processing. 0 fields failed.
