2024-07-01 10:44:56,559 - INFO - Now analyzing field ID CA_74902
2024-07-01 10:45:33,891 - INFO - Successful
2024-07-01 10:45:33,891 - INFO - 543 fields remaining
2024-07-01 10:45:33,891 - INFO - Now analyzing field ID CA_74707
2024-07-01 10:45:38,745 - INFO - Successful
2024-07-01 10:45:38,745 - INFO - 542 fields remaining
2024-07-01 10:45:38,745 - INFO - Now analyzing field ID CA_18496
2024-07-01 10:45:42,679 - INFO - Successful
2024-07-01 10:45:42,679 - INFO - 541 fields remaining
2024-07-01 10:45:42,679 - INFO - Now analyzing field ID CA_21795
2024-07-01 10:45:46,831 - INFO - Successful
2024-07-01 10:45:46,831 - INFO - 540 fields remaining
2024-07-01 10:45:46,831 - INFO - Now analyzing field ID CA_21636
2024-07-01 10:45:51,463 - INFO - Successful
2024-07-01 10:45:51,463 - INFO - 539 fields remaining
2024-07-01 10:45:51,463 - INFO - Now analyzing field ID CA_20111
2024-07-01 10:45:55,571 - INFO - Successful
2024-07-01 10:45:55,572 - INFO - 538 fields remaining
2024-07-01 10:45:55,572 - INFO - Now analyzing field ID CA_18177
2024-07-01 10:45:59,580 - INFO - Successful
2024-07-01 10:45:59,580 - INFO - 537 fields remaining
2024-07-01 10:45:59,580 - INFO - Now analyzing field ID CA_17644
2024-07-01 10:46:01,105 - WARNING - Reattempting request..
2024-07-01 10:46:04,553 - INFO - Successful
2024-07-01 10:46:04,553 - INFO - 536 fields remaining
2024-07-01 10:46:04,553 - INFO - Now analyzing field ID CA_17368
2024-07-01 10:46:08,106 - INFO - Successful
2024-07-01 10:46:08,106 - INFO - 535 fields remaining
2024-07-01 10:46:08,106 - INFO - Now analyzing field ID CA_16847
2024-07-01 10:46:12,748 - INFO - Successful
2024-07-01 10:46:12,748 - INFO - 534 fields remaining
2024-07-01 10:46:12,748 - INFO - Now analyzing field ID CA_16602
2024-07-01 10:46:17,577 - INFO - Successful
2024-07-01 10:46:17,577 - INFO - 533 fields remaining
2024-07-01 10:46:17,577 - INFO - Now analyzing field ID CA_15309
2024-07-01 10:46:20,821 - INFO - Successful
2024-07-01 10:46:20,821 - INFO - 532 fields remaining
2024-07-01 10:46:20,821 - INFO - Now analyzing field ID CA_18461
2024-07-01 10:46:24,352 - INFO - Successful
2024-07-01 10:46:24,352 - INFO - 531 fields remaining
2024-07-01 10:46:24,352 - INFO - Now analyzing field ID CA_16061
2024-07-01 10:46:27,645 - INFO - Successful
2024-07-01 10:46:27,645 - INFO - 530 fields remaining
2024-07-01 10:46:27,645 - INFO - Now analyzing field ID CA_90023
2024-07-01 10:46:30,829 - INFO - Successful
2024-07-01 10:46:30,829 - INFO - 529 fields remaining
2024-07-01 10:46:30,829 - INFO - Now analyzing field ID CA_17091
2024-07-01 10:46:34,314 - INFO - Successful
2024-07-01 10:46:34,314 - INFO - 528 fields remaining
2024-07-01 10:46:34,315 - INFO - Now analyzing field ID CA_90562
2024-07-01 10:46:39,130 - INFO - Successful
2024-07-01 10:46:39,130 - INFO - 527 fields remaining
2024-07-01 10:46:39,130 - INFO - Now analyzing field ID CA_12062
2024-07-01 10:46:43,089 - INFO - Successful
2024-07-01 10:46:43,089 - INFO - 526 fields remaining
2024-07-01 10:46:43,089 - INFO - Now analyzing field ID CA_90738
2024-07-01 10:46:46,816 - INFO - Successful
2024-07-01 10:46:46,816 - INFO - 525 fields remaining
2024-07-01 10:46:46,816 - INFO - Now analyzing field ID CA_285142
2024-07-01 10:46:50,953 - INFO - Successful
2024-07-01 10:46:50,953 - INFO - 524 fields remaining
2024-07-01 10:46:50,953 - INFO - Now analyzing field ID CA_282438
2024-07-01 10:46:54,345 - INFO - Successful
2024-07-01 10:46:54,345 - INFO - 523 fields remaining
2024-07-01 10:46:54,345 - INFO - Now analyzing field ID CA_262871
2024-07-01 10:46:58,256 - INFO - Successful
2024-07-01 10:46:58,256 - INFO - 522 fields remaining
2024-07-01 10:46:58,256 - INFO - Now analyzing field ID CA_254138
2024-07-01 10:47:01,679 - INFO - Successful
2024-07-01 10:47:01,679 - INFO - 521 fields remaining
2024-07-01 10:47:01,679 - INFO - Now analyzing field ID CA_251657
2024-07-01 10:47:04,766 - INFO - Successful
2024-07-01 10:47:04,766 - INFO - 520 fields remaining
2024-07-01 10:47:04,766 - INFO - Now analyzing field ID CA_89481
2024-07-01 10:47:09,261 - INFO - Successful
2024-07-01 10:47:09,262 - INFO - 519 fields remaining
2024-07-01 10:47:09,262 - INFO - Now analyzing field ID CA_286837
2024-07-01 10:47:12,804 - INFO - Successful
2024-07-01 10:47:12,804 - INFO - 518 fields remaining
2024-07-01 10:47:12,804 - INFO - Now analyzing field ID CA_280097
2024-07-01 10:47:16,447 - INFO - Successful
2024-07-01 10:47:16,447 - INFO - 517 fields remaining
2024-07-01 10:47:16,447 - INFO - Now analyzing field ID CA_259742
2024-07-01 10:47:20,086 - INFO - Successful
2024-07-01 10:47:20,086 - INFO - 516 fields remaining
2024-07-01 10:47:20,086 - INFO - Now analyzing field ID CA_253114
2024-07-01 10:47:24,249 - INFO - Successful
2024-07-01 10:47:24,249 - INFO - 515 fields remaining
2024-07-01 10:47:24,249 - INFO - Now analyzing field ID CA_251751
2024-07-01 10:47:27,845 - INFO - Successful
2024-07-01 10:47:27,845 - INFO - 514 fields remaining
2024-07-01 10:47:27,845 - INFO - Now analyzing field ID CA_320339
2024-07-01 10:47:31,104 - INFO - Successful
2024-07-01 10:47:31,104 - INFO - 513 fields remaining
2024-07-01 10:47:31,104 - INFO - Now analyzing field ID CA_262885
2024-07-01 10:47:34,711 - INFO - Successful
2024-07-01 10:47:34,711 - INFO - 512 fields remaining
2024-07-01 10:47:34,711 - INFO - Now analyzing field ID CA_259701
2024-07-01 10:47:38,277 - INFO - Successful
2024-07-01 10:47:38,277 - INFO - 511 fields remaining
2024-07-01 10:47:38,277 - INFO - Now analyzing field ID CA_87308
2024-07-01 10:47:41,932 - INFO - Successful
2024-07-01 10:47:41,933 - INFO - 510 fields remaining
2024-07-01 10:47:41,933 - INFO - Now analyzing field ID CA_86773
2024-07-01 10:47:45,576 - INFO - Successful
2024-07-01 10:47:45,576 - INFO - 509 fields remaining
2024-07-01 10:47:45,577 - INFO - Now analyzing field ID CA_67187
2024-07-01 10:47:49,383 - INFO - Successful
2024-07-01 10:47:49,383 - INFO - 508 fields remaining
2024-07-01 10:47:49,383 - INFO - Now analyzing field ID CA_253591
2024-07-01 10:47:53,544 - INFO - Successful
2024-07-01 10:47:53,544 - INFO - 507 fields remaining
2024-07-01 10:47:53,544 - INFO - Now analyzing field ID CA_263796
2024-07-01 10:47:57,293 - INFO - Successful
2024-07-01 10:47:57,293 - INFO - 506 fields remaining
2024-07-01 10:47:57,293 - INFO - Now analyzing field ID CA_89335
2024-07-01 10:48:01,125 - INFO - Successful
2024-07-01 10:48:01,126 - INFO - 505 fields remaining
2024-07-01 10:48:01,126 - INFO - Now analyzing field ID CA_230025
2024-07-01 10:48:04,483 - INFO - Successful
2024-07-01 10:48:04,483 - INFO - 504 fields remaining
2024-07-01 10:48:04,483 - INFO - Now analyzing field ID CA_251273
2024-07-01 10:48:08,641 - INFO - Successful
2024-07-01 10:48:08,642 - INFO - 503 fields remaining
2024-07-01 10:48:08,642 - INFO - Now analyzing field ID CA_275163
2024-07-01 10:48:12,734 - INFO - Successful
2024-07-01 10:48:12,734 - INFO - 502 fields remaining
2024-07-01 10:48:12,734 - INFO - Now analyzing field ID CA_244021
2024-07-01 10:48:16,799 - INFO - Successful
2024-07-01 10:48:16,799 - INFO - 501 fields remaining
2024-07-01 10:48:16,799 - INFO - Now analyzing field ID CA_275122
2024-07-01 10:48:20,515 - INFO - Successful
2024-07-01 10:48:20,515 - INFO - 500 fields remaining
2024-07-01 10:48:20,515 - INFO - Now analyzing field ID CA_265694
2024-07-01 10:48:24,454 - INFO - Successful
2024-07-01 10:48:24,454 - INFO - 499 fields remaining
2024-07-01 10:48:24,454 - INFO - Now analyzing field ID CA_21410
2024-07-01 10:48:28,060 - INFO - Successful
2024-07-01 10:48:28,060 - INFO - 498 fields remaining
2024-07-01 10:48:28,060 - INFO - Now analyzing field ID CA_249396
2024-07-01 10:48:31,683 - INFO - Successful
2024-07-01 10:48:31,683 - INFO - 497 fields remaining
2024-07-01 10:48:31,683 - INFO - Now analyzing field ID CA_231410
2024-07-01 10:48:34,902 - INFO - Successful
2024-07-01 10:48:34,902 - INFO - 496 fields remaining
2024-07-01 10:48:34,902 - INFO - Now analyzing field ID CA_100873
2024-07-01 10:48:38,310 - INFO - Successful
2024-07-01 10:48:38,310 - INFO - 495 fields remaining
2024-07-01 10:48:38,311 - INFO - Now analyzing field ID CA_282524
2024-07-01 10:48:42,024 - INFO - Successful
2024-07-01 10:48:42,024 - INFO - 494 fields remaining
2024-07-01 10:48:42,024 - INFO - Now analyzing field ID CA_251494
2024-07-01 10:48:45,048 - INFO - Successful
2024-07-01 10:48:45,049 - INFO - 493 fields remaining
2024-07-01 10:48:45,049 - INFO - Now analyzing field ID CA_90393
2024-07-01 10:48:49,247 - INFO - Successful
2024-07-01 10:48:49,247 - INFO - 492 fields remaining
2024-07-01 10:48:49,247 - INFO - Now analyzing field ID CA_88706
2024-07-01 10:48:53,805 - INFO - Successful
2024-07-01 10:48:53,805 - INFO - 491 fields remaining
2024-07-01 10:48:53,805 - INFO - Now analyzing field ID CA_89459
2024-07-01 10:48:57,743 - INFO - Successful
2024-07-01 10:48:57,743 - INFO - 490 fields remaining
2024-07-01 10:48:57,743 - INFO - Now analyzing field ID CA_281208
2024-07-01 10:49:01,365 - INFO - Successful
2024-07-01 10:49:01,365 - INFO - 489 fields remaining
2024-07-01 10:49:01,365 - INFO - Now analyzing field ID CA_258631
2024-07-01 10:49:04,639 - INFO - Successful
2024-07-01 10:49:04,639 - INFO - 488 fields remaining
2024-07-01 10:49:04,639 - INFO - Now analyzing field ID CA_258472
2024-07-01 10:49:08,152 - INFO - Successful
2024-07-01 10:49:08,152 - INFO - 487 fields remaining
2024-07-01 10:49:08,152 - INFO - Now analyzing field ID CA_258127
2024-07-01 10:49:11,950 - INFO - Successful
2024-07-01 10:49:11,952 - INFO - 486 fields remaining
2024-07-01 10:49:11,952 - INFO - Now analyzing field ID CA_256986
2024-07-01 10:49:15,255 - INFO - Successful
2024-07-01 10:49:15,255 - INFO - 485 fields remaining
2024-07-01 10:49:15,255 - INFO - Now analyzing field ID CA_256200
2024-07-01 10:49:18,765 - INFO - Successful
2024-07-01 10:49:18,765 - INFO - 484 fields remaining
2024-07-01 10:49:18,765 - INFO - Now analyzing field ID CA_250892
2024-07-01 10:49:23,306 - INFO - Successful
2024-07-01 10:49:23,306 - INFO - 483 fields remaining
2024-07-01 10:49:23,306 - INFO - Now analyzing field ID CA_264899
2024-07-01 10:49:26,962 - INFO - Successful
2024-07-01 10:49:26,962 - INFO - 482 fields remaining
2024-07-01 10:49:26,962 - INFO - Now analyzing field ID CA_257302
2024-07-01 10:49:29,937 - INFO - Successful
2024-07-01 10:49:29,937 - INFO - 481 fields remaining
2024-07-01 10:49:29,937 - INFO - Now analyzing field ID CA_257116
2024-07-01 10:49:33,805 - INFO - Successful
2024-07-01 10:49:33,805 - INFO - 480 fields remaining
2024-07-01 10:49:33,805 - INFO - Now analyzing field ID CA_320038
2024-07-01 10:49:37,500 - INFO - Successful
2024-07-01 10:49:37,500 - INFO - 479 fields remaining
2024-07-01 10:49:37,501 - INFO - Now analyzing field ID CA_285559
2024-07-01 10:49:40,875 - INFO - Successful
2024-07-01 10:49:40,875 - INFO - 478 fields remaining
2024-07-01 10:49:40,875 - INFO - Now analyzing field ID CA_278205
2024-07-01 10:49:44,290 - INFO - Successful
2024-07-01 10:49:44,291 - INFO - 477 fields remaining
2024-07-01 10:49:44,291 - INFO - Now analyzing field ID CA_278176
2024-07-01 10:49:48,468 - INFO - Successful
2024-07-01 10:49:48,468 - INFO - 476 fields remaining
2024-07-01 10:49:48,468 - INFO - Now analyzing field ID CA_259153
2024-07-01 10:49:51,872 - INFO - Successful
2024-07-01 10:49:51,872 - INFO - 475 fields remaining
2024-07-01 10:49:51,872 - INFO - Now analyzing field ID CA_250091
2024-07-01 10:49:55,384 - INFO - Successful
2024-07-01 10:49:55,384 - INFO - 474 fields remaining
2024-07-01 10:49:55,385 - INFO - Now analyzing field ID CA_245541
2024-07-01 10:49:59,244 - INFO - Successful
2024-07-01 10:49:59,244 - INFO - 473 fields remaining
2024-07-01 10:49:59,244 - INFO - Now analyzing field ID CA_245311
2024-07-01 10:50:02,294 - INFO - Successful
2024-07-01 10:50:02,294 - INFO - 472 fields remaining
2024-07-01 10:50:02,294 - INFO - Now analyzing field ID CA_231117
2024-07-01 10:50:06,424 - INFO - Successful
2024-07-01 10:50:06,425 - INFO - 471 fields remaining
2024-07-01 10:50:06,425 - INFO - Now analyzing field ID CA_229991
2024-07-01 10:50:10,148 - INFO - Successful
2024-07-01 10:50:10,148 - INFO - 470 fields remaining
2024-07-01 10:50:10,148 - INFO - Now analyzing field ID CA_260826
2024-07-01 10:50:14,294 - INFO - Successful
2024-07-01 10:50:14,294 - INFO - 469 fields remaining
2024-07-01 10:50:14,294 - INFO - Now analyzing field ID CA_283420
2024-07-01 10:50:17,825 - INFO - Successful
2024-07-01 10:50:17,826 - INFO - 468 fields remaining
2024-07-01 10:50:17,826 - INFO - Now analyzing field ID CA_99201
2024-07-01 10:50:21,283 - INFO - Successful
2024-07-01 10:50:21,283 - INFO - 467 fields remaining
2024-07-01 10:50:21,283 - INFO - Now analyzing field ID CA_261291
2024-07-01 10:50:25,059 - INFO - Successful
2024-07-01 10:50:25,059 - INFO - 466 fields remaining
2024-07-01 10:50:25,060 - INFO - Now analyzing field ID CA_99220
2024-07-01 10:50:28,460 - INFO - Successful
2024-07-01 10:50:28,460 - INFO - 465 fields remaining
2024-07-01 10:50:28,461 - INFO - Now analyzing field ID CA_249272
2024-07-01 10:50:33,342 - INFO - Successful
2024-07-01 10:50:33,342 - INFO - 464 fields remaining
2024-07-01 10:50:33,342 - INFO - Now analyzing field ID CA_94118
2024-07-01 10:50:36,702 - INFO - Successful
2024-07-01 10:50:36,702 - INFO - 463 fields remaining
2024-07-01 10:50:36,702 - INFO - Now analyzing field ID CA_264465
2024-07-01 10:50:40,512 - INFO - Successful
2024-07-01 10:50:40,512 - INFO - 462 fields remaining
2024-07-01 10:50:40,512 - INFO - Now analyzing field ID CA_249018
2024-07-01 10:50:43,537 - INFO - Successful
2024-07-01 10:50:43,537 - INFO - 461 fields remaining
2024-07-01 10:50:43,537 - INFO - Now analyzing field ID CA_91730
2024-07-01 10:50:47,322 - INFO - Successful
2024-07-01 10:50:47,322 - INFO - 460 fields remaining
2024-07-01 10:50:47,322 - INFO - Now analyzing field ID CA_289545
2024-07-01 10:50:50,693 - INFO - Successful
2024-07-01 10:50:50,693 - INFO - 459 fields remaining
2024-07-01 10:50:50,693 - INFO - Now analyzing field ID CA_289337
2024-07-01 10:50:54,618 - INFO - Successful
2024-07-01 10:50:54,618 - INFO - 458 fields remaining
2024-07-01 10:50:54,618 - INFO - Now analyzing field ID CA_77693
2024-07-01 10:50:58,215 - INFO - Successful
2024-07-01 10:50:58,215 - INFO - 457 fields remaining
2024-07-01 10:50:58,215 - INFO - Now analyzing field ID CA_328974
2024-07-01 10:51:01,271 - INFO - Successful
2024-07-01 10:51:01,271 - INFO - 456 fields remaining
2024-07-01 10:51:01,271 - INFO - Now analyzing field ID CA_231654
2024-07-01 10:51:05,462 - INFO - Successful
2024-07-01 10:51:05,462 - INFO - 455 fields remaining
2024-07-01 10:51:05,462 - INFO - Now analyzing field ID CA_104862
2024-07-01 10:51:09,976 - INFO - Successful
2024-07-01 10:51:09,976 - INFO - 454 fields remaining
2024-07-01 10:51:09,976 - INFO - Now analyzing field ID CA_101797
2024-07-01 10:51:13,820 - INFO - Successful
2024-07-01 10:51:13,820 - INFO - 453 fields remaining
2024-07-01 10:51:13,820 - INFO - Now analyzing field ID CA_101679
2024-07-01 10:51:17,159 - INFO - Successful
2024-07-01 10:51:17,159 - INFO - 452 fields remaining
2024-07-01 10:51:17,159 - INFO - Now analyzing field ID CA_92898
2024-07-01 10:51:20,664 - INFO - Successful
2024-07-01 10:51:20,664 - INFO - 451 fields remaining
2024-07-01 10:51:20,664 - INFO - Now analyzing field ID CA_98963
2024-07-01 10:51:23,658 - INFO - Successful
2024-07-01 10:51:23,658 - INFO - 450 fields remaining
2024-07-01 10:51:23,658 - INFO - Now analyzing field ID CA_329212
2024-07-01 10:51:26,681 - INFO - Successful
2024-07-01 10:51:26,681 - INFO - 449 fields remaining
2024-07-01 10:51:26,681 - INFO - Now analyzing field ID CA_233234
2024-07-01 10:51:30,358 - INFO - Successful
2024-07-01 10:51:30,358 - INFO - 448 fields remaining
2024-07-01 10:51:30,360 - INFO - Now analyzing field ID CA_103875
2024-07-01 10:51:33,974 - INFO - Successful
2024-07-01 10:51:33,974 - INFO - 447 fields remaining
2024-07-01 10:51:33,974 - INFO - Now analyzing field ID CA_341013
2024-07-01 10:51:37,558 - INFO - Successful
2024-07-01 10:51:37,558 - INFO - 446 fields remaining
2024-07-01 10:51:37,558 - INFO - Now analyzing field ID CA_322633
2024-07-01 10:51:40,784 - INFO - Successful
2024-07-01 10:51:40,784 - INFO - 445 fields remaining
2024-07-01 10:51:40,784 - INFO - Now analyzing field ID CA_102689
2024-07-01 10:51:44,384 - INFO - Successful
2024-07-01 10:51:44,384 - INFO - 444 fields remaining
2024-07-01 10:51:44,385 - INFO - Now analyzing field ID CA_108094
2024-07-01 10:51:47,612 - INFO - Successful
2024-07-01 10:51:47,613 - INFO - 443 fields remaining
2024-07-01 10:51:47,613 - INFO - Now analyzing field ID CA_98479
2024-07-01 10:51:51,485 - INFO - Successful
2024-07-01 10:51:51,486 - INFO - 442 fields remaining
2024-07-01 10:51:51,486 - INFO - Now analyzing field ID CA_99657
2024-07-01 10:51:57,247 - INFO - Successful
2024-07-01 10:51:57,248 - INFO - 441 fields remaining
2024-07-01 10:51:57,248 - INFO - Now analyzing field ID CA_106984
2024-07-01 10:52:00,729 - INFO - Successful
2024-07-01 10:52:00,729 - INFO - 440 fields remaining
2024-07-01 10:52:00,729 - INFO - Now analyzing field ID CA_107269
2024-07-01 10:52:04,078 - INFO - Successful
2024-07-01 10:52:04,078 - INFO - 439 fields remaining
2024-07-01 10:52:04,078 - INFO - Now analyzing field ID CA_107192
2024-07-01 10:52:07,748 - INFO - Successful
2024-07-01 10:52:07,748 - INFO - 438 fields remaining
2024-07-01 10:52:07,748 - INFO - Now analyzing field ID CA_107963
2024-07-01 10:52:11,121 - INFO - Successful
2024-07-01 10:52:11,121 - INFO - 437 fields remaining
2024-07-01 10:52:11,121 - INFO - Now analyzing field ID CA_325880
2024-07-01 10:52:14,429 - INFO - Successful
2024-07-01 10:52:14,429 - INFO - 436 fields remaining
2024-07-01 10:52:14,430 - INFO - Now analyzing field ID CA_102128
2024-07-01 10:52:18,023 - INFO - Successful
2024-07-01 10:52:18,023 - INFO - 435 fields remaining
2024-07-01 10:52:18,023 - INFO - Now analyzing field ID CA_328830
2024-07-01 10:52:21,394 - INFO - Successful
2024-07-01 10:52:21,394 - INFO - 434 fields remaining
2024-07-01 10:52:21,394 - INFO - Now analyzing field ID CA_100310
2024-07-01 10:52:24,527 - INFO - Successful
2024-07-01 10:52:24,527 - INFO - 433 fields remaining
2024-07-01 10:52:24,527 - INFO - Now analyzing field ID CA_97925
2024-07-01 10:52:28,032 - INFO - Successful
2024-07-01 10:52:28,032 - INFO - 432 fields remaining
2024-07-01 10:52:28,032 - INFO - Now analyzing field ID CA_97508
2024-07-01 10:52:31,106 - INFO - Successful
2024-07-01 10:52:31,106 - INFO - 431 fields remaining
2024-07-01 10:52:31,106 - INFO - Now analyzing field ID CA_232673
2024-07-01 10:52:34,203 - INFO - Successful
2024-07-01 10:52:34,203 - INFO - 430 fields remaining
2024-07-01 10:52:34,203 - INFO - Now analyzing field ID CA_105521
2024-07-01 10:52:37,416 - INFO - Successful
2024-07-01 10:52:37,416 - INFO - 429 fields remaining
2024-07-01 10:52:37,416 - INFO - Now analyzing field ID CA_330488
2024-07-01 10:52:40,833 - INFO - Successful
2024-07-01 10:52:40,833 - INFO - 428 fields remaining
2024-07-01 10:52:40,834 - INFO - Now analyzing field ID CA_330672
2024-07-01 10:52:43,960 - INFO - Successful
2024-07-01 10:52:43,960 - INFO - 427 fields remaining
2024-07-01 10:52:43,960 - INFO - Now analyzing field ID CA_81102
2024-07-01 10:52:47,597 - INFO - Successful
2024-07-01 10:52:47,597 - INFO - 426 fields remaining
2024-07-01 10:52:47,597 - INFO - Now analyzing field ID CA_327307
2024-07-01 10:52:50,870 - INFO - Successful
2024-07-01 10:52:50,870 - INFO - 425 fields remaining
2024-07-01 10:52:50,870 - INFO - Now analyzing field ID CA_105986
2024-07-01 10:52:54,488 - INFO - Successful
2024-07-01 10:52:54,488 - INFO - 424 fields remaining
2024-07-01 10:52:54,488 - INFO - Now analyzing field ID CA_105749
2024-07-01 10:52:57,750 - INFO - Successful
2024-07-01 10:52:57,750 - INFO - 423 fields remaining
2024-07-01 10:52:57,750 - INFO - Now analyzing field ID CA_332205
2024-07-01 10:52:57,932 - WARNING - Reattempting request..
2024-07-01 10:53:02,087 - INFO - Successful
2024-07-01 10:53:02,087 - INFO - 422 fields remaining
2024-07-01 10:53:02,087 - INFO - Now analyzing field ID CA_327150
2024-07-01 10:53:07,221 - INFO - Successful
2024-07-01 10:53:07,221 - INFO - 421 fields remaining
2024-07-01 10:53:07,221 - INFO - Now analyzing field ID CA_327198
2024-07-01 10:53:10,866 - INFO - Successful
2024-07-01 10:53:10,866 - INFO - 420 fields remaining
2024-07-01 10:53:10,866 - INFO - Now analyzing field ID CA_96321
2024-07-01 10:53:13,967 - INFO - Successful
2024-07-01 10:53:13,967 - INFO - 419 fields remaining
2024-07-01 10:53:13,967 - INFO - Now analyzing field ID CA_322353
2024-07-01 10:53:17,184 - INFO - Successful
2024-07-01 10:53:17,184 - INFO - 418 fields remaining
2024-07-01 10:53:17,185 - INFO - Now analyzing field ID CA_326575
2024-07-01 10:53:20,252 - INFO - Successful
2024-07-01 10:53:20,253 - INFO - 417 fields remaining
2024-07-01 10:53:20,253 - INFO - Now analyzing field ID CA_340795
2024-07-01 10:53:23,568 - INFO - Successful
2024-07-01 10:53:23,568 - INFO - 416 fields remaining
2024-07-01 10:53:23,568 - INFO - Now analyzing field ID CA_326564
2024-07-01 10:53:27,722 - INFO - Successful
2024-07-01 10:53:27,722 - INFO - 415 fields remaining
2024-07-01 10:53:27,722 - INFO - Now analyzing field ID CA_100588
2024-07-01 10:53:31,184 - INFO - Successful
2024-07-01 10:53:31,184 - INFO - 414 fields remaining
2024-07-01 10:53:31,184 - INFO - Now analyzing field ID CA_94012
2024-07-01 10:53:34,715 - INFO - Successful
2024-07-01 10:53:34,715 - INFO - 413 fields remaining
2024-07-01 10:53:34,715 - INFO - Now analyzing field ID CA_81905
2024-07-01 10:53:38,341 - INFO - Successful
2024-07-01 10:53:38,341 - INFO - 412 fields remaining
2024-07-01 10:53:38,341 - INFO - Now analyzing field ID CA_77158
2024-07-01 10:53:42,048 - INFO - Successful
2024-07-01 10:53:42,048 - INFO - 411 fields remaining
2024-07-01 10:53:42,048 - INFO - Now analyzing field ID CA_218312
2024-07-01 10:53:45,728 - INFO - Successful
2024-07-01 10:53:45,728 - INFO - 410 fields remaining
2024-07-01 10:53:45,728 - INFO - Now analyzing field ID CA_204345
2024-07-01 10:53:49,579 - INFO - Successful
2024-07-01 10:53:49,579 - INFO - 409 fields remaining
2024-07-01 10:53:49,579 - INFO - Now analyzing field ID CA_203945
2024-07-01 10:53:53,533 - INFO - Successful
2024-07-01 10:53:53,533 - INFO - 408 fields remaining
2024-07-01 10:53:53,533 - INFO - Now analyzing field ID CA_155560
2024-07-01 10:53:57,603 - INFO - Successful
2024-07-01 10:53:57,603 - INFO - 407 fields remaining
2024-07-01 10:53:57,604 - INFO - Now analyzing field ID CA_183602
2024-07-01 10:54:01,604 - INFO - Successful
2024-07-01 10:54:01,604 - INFO - 406 fields remaining
2024-07-01 10:54:01,604 - INFO - Now analyzing field ID CA_76432
2024-07-01 10:54:05,069 - INFO - Successful
2024-07-01 10:54:05,069 - INFO - 405 fields remaining
2024-07-01 10:54:05,070 - INFO - Now analyzing field ID CA_77101
2024-07-01 10:54:08,521 - INFO - Successful
2024-07-01 10:54:08,521 - INFO - 404 fields remaining
2024-07-01 10:54:08,521 - INFO - Now analyzing field ID CA_184177
2024-07-01 10:54:11,932 - INFO - Successful
2024-07-01 10:54:11,932 - INFO - 403 fields remaining
2024-07-01 10:54:11,932 - INFO - Now analyzing field ID CA_155889
2024-07-01 10:54:15,181 - INFO - Successful
2024-07-01 10:54:15,181 - INFO - 402 fields remaining
2024-07-01 10:54:15,181 - INFO - Now analyzing field ID CA_155363
2024-07-01 10:54:18,847 - INFO - Successful
2024-07-01 10:54:18,847 - INFO - 401 fields remaining
2024-07-01 10:54:18,847 - INFO - Now analyzing field ID CA_154810
2024-07-01 10:54:22,949 - INFO - Successful
2024-07-01 10:54:22,949 - INFO - 400 fields remaining
2024-07-01 10:54:22,950 - INFO - Now analyzing field ID CA_154135
2024-07-01 10:54:26,776 - INFO - Successful
2024-07-01 10:54:26,776 - INFO - 399 fields remaining
2024-07-01 10:54:26,776 - INFO - Now analyzing field ID CA_324613
2024-07-01 10:54:30,449 - INFO - Successful
2024-07-01 10:54:30,449 - INFO - 398 fields remaining
2024-07-01 10:54:30,449 - INFO - Now analyzing field ID CA_153430
2024-07-01 10:54:34,453 - INFO - Successful
2024-07-01 10:54:34,453 - INFO - 397 fields remaining
2024-07-01 10:54:34,453 - INFO - Now analyzing field ID CA_109738
2024-07-01 10:54:37,712 - INFO - Successful
2024-07-01 10:54:37,712 - INFO - 396 fields remaining
2024-07-01 10:54:37,712 - INFO - Now analyzing field ID CA_92455
2024-07-01 10:54:40,808 - INFO - Successful
2024-07-01 10:54:40,808 - INFO - 395 fields remaining
2024-07-01 10:54:40,808 - INFO - Now analyzing field ID CA_81739
2024-07-01 10:54:43,878 - INFO - Successful
2024-07-01 10:54:43,878 - INFO - 394 fields remaining
2024-07-01 10:54:43,878 - INFO - Now analyzing field ID CA_92493
2024-07-01 10:54:47,661 - INFO - Successful
2024-07-01 10:54:47,661 - INFO - 393 fields remaining
2024-07-01 10:54:47,661 - INFO - Now analyzing field ID CA_81937
2024-07-01 10:54:51,302 - INFO - Successful
2024-07-01 10:54:51,302 - INFO - 392 fields remaining
2024-07-01 10:54:51,302 - INFO - Now analyzing field ID CA_229866
2024-07-01 10:54:54,907 - INFO - Successful
2024-07-01 10:54:54,907 - INFO - 391 fields remaining
2024-07-01 10:54:54,907 - INFO - Now analyzing field ID CA_80450
2024-07-01 10:54:57,789 - INFO - Successful
2024-07-01 10:54:57,789 - INFO - 390 fields remaining
2024-07-01 10:54:57,789 - INFO - Now analyzing field ID CA_145664
2024-07-01 10:55:01,780 - INFO - Successful
2024-07-01 10:55:01,780 - INFO - 389 fields remaining
2024-07-01 10:55:01,780 - INFO - Now analyzing field ID CA_75872
2024-07-01 10:55:05,760 - INFO - Successful
2024-07-01 10:55:05,760 - INFO - 388 fields remaining
2024-07-01 10:55:05,760 - INFO - Now analyzing field ID CA_323029
2024-07-01 10:55:08,966 - INFO - Successful
2024-07-01 10:55:08,966 - INFO - 387 fields remaining
2024-07-01 10:55:08,966 - INFO - Now analyzing field ID CA_215978
2024-07-01 10:55:13,465 - INFO - Successful
2024-07-01 10:55:13,465 - INFO - 386 fields remaining
2024-07-01 10:55:13,465 - INFO - Now analyzing field ID CA_92436
2024-07-01 10:55:17,562 - INFO - Successful
2024-07-01 10:55:17,562 - INFO - 385 fields remaining
2024-07-01 10:55:17,562 - INFO - Now analyzing field ID CA_145027
2024-07-01 10:55:21,746 - INFO - Successful
2024-07-01 10:55:21,746 - INFO - 384 fields remaining
2024-07-01 10:55:21,746 - INFO - Now analyzing field ID CA_154042
2024-07-01 10:55:25,852 - INFO - Successful
2024-07-01 10:55:25,852 - INFO - 383 fields remaining
2024-07-01 10:55:25,852 - INFO - Now analyzing field ID CA_153285
2024-07-01 10:55:29,211 - INFO - Successful
2024-07-01 10:55:29,211 - INFO - 382 fields remaining
2024-07-01 10:55:29,211 - INFO - Now analyzing field ID CA_144104
2024-07-01 10:55:33,879 - INFO - Successful
2024-07-01 10:55:33,879 - INFO - 381 fields remaining
2024-07-01 10:55:33,879 - INFO - Now analyzing field ID CA_143271
2024-07-01 10:55:37,293 - INFO - Successful
2024-07-01 10:55:37,293 - INFO - 380 fields remaining
2024-07-01 10:55:37,293 - INFO - Now analyzing field ID CA_143092
2024-07-01 10:55:41,246 - INFO - Successful
2024-07-01 10:55:41,246 - INFO - 379 fields remaining
2024-07-01 10:55:41,246 - INFO - Now analyzing field ID CA_77257
2024-07-01 10:55:44,558 - INFO - Successful
2024-07-01 10:55:44,558 - INFO - 378 fields remaining
2024-07-01 10:55:44,558 - INFO - Now analyzing field ID CA_174086
2024-07-01 10:55:48,432 - INFO - Successful
2024-07-01 10:55:48,433 - INFO - 377 fields remaining
2024-07-01 10:55:48,433 - INFO - Now analyzing field ID CA_137908
2024-07-01 10:55:51,968 - INFO - Successful
2024-07-01 10:55:51,968 - INFO - 376 fields remaining
2024-07-01 10:55:51,968 - INFO - Now analyzing field ID CA_140665
2024-07-01 10:55:55,824 - INFO - Successful
2024-07-01 10:55:55,824 - INFO - 375 fields remaining
2024-07-01 10:55:55,824 - INFO - Now analyzing field ID CA_287245
2024-07-01 10:55:59,868 - INFO - Successful
2024-07-01 10:55:59,868 - INFO - 374 fields remaining
2024-07-01 10:55:59,868 - INFO - Now analyzing field ID CA_286468
2024-07-01 10:56:03,410 - INFO - Successful
2024-07-01 10:56:03,410 - INFO - 373 fields remaining
2024-07-01 10:56:03,410 - INFO - Now analyzing field ID CA_239486
2024-07-01 10:56:08,322 - INFO - Successful
2024-07-01 10:56:08,322 - INFO - 372 fields remaining
2024-07-01 10:56:08,322 - INFO - Now analyzing field ID CA_269957
2024-07-01 10:56:12,364 - INFO - Successful
2024-07-01 10:56:12,364 - INFO - 371 fields remaining
2024-07-01 10:56:12,364 - INFO - Now analyzing field ID CA_174849
2024-07-01 10:56:16,390 - INFO - Successful
2024-07-01 10:56:16,390 - INFO - 370 fields remaining
2024-07-01 10:56:16,390 - INFO - Now analyzing field ID CA_137260
2024-07-01 10:56:21,137 - INFO - Successful
2024-07-01 10:56:21,137 - INFO - 369 fields remaining
2024-07-01 10:56:21,138 - INFO - Now analyzing field ID CA_138089
2024-07-01 10:56:25,658 - INFO - Successful
2024-07-01 10:56:25,658 - INFO - 368 fields remaining
2024-07-01 10:56:25,658 - INFO - Now analyzing field ID CA_269493
2024-07-01 10:56:29,166 - INFO - Successful
2024-07-01 10:56:29,166 - INFO - 367 fields remaining
2024-07-01 10:56:29,166 - INFO - Now analyzing field ID CA_278287
2024-07-01 10:56:32,650 - INFO - Successful
2024-07-01 10:56:32,651 - INFO - 366 fields remaining
2024-07-01 10:56:32,651 - INFO - Now analyzing field ID CA_269369
2024-07-01 10:56:35,985 - INFO - Successful
2024-07-01 10:56:35,985 - INFO - 365 fields remaining
2024-07-01 10:56:35,985 - INFO - Now analyzing field ID CA_269189
2024-07-01 10:56:39,226 - INFO - Successful
2024-07-01 10:56:39,227 - INFO - 364 fields remaining
2024-07-01 10:56:39,227 - INFO - Now analyzing field ID CA_274062
2024-07-01 10:56:42,501 - INFO - Successful
2024-07-01 10:56:42,501 - INFO - 363 fields remaining
2024-07-01 10:56:42,501 - INFO - Now analyzing field ID CA_276203
2024-07-01 10:56:46,231 - INFO - Successful
2024-07-01 10:56:46,231 - INFO - 362 fields remaining
2024-07-01 10:56:46,231 - INFO - Now analyzing field ID CA_275841
2024-07-01 10:56:47,893 - WARNING - Reattempting request..
2024-07-01 10:56:51,176 - INFO - Successful
2024-07-01 10:56:51,176 - INFO - 361 fields remaining
2024-07-01 10:56:51,176 - INFO - Now analyzing field ID CA_270478
2024-07-01 10:56:54,811 - INFO - Successful
2024-07-01 10:56:54,811 - INFO - 360 fields remaining
2024-07-01 10:56:54,811 - INFO - Now analyzing field ID CA_269527
2024-07-01 10:56:57,689 - INFO - Successful
2024-07-01 10:56:57,689 - INFO - 359 fields remaining
2024-07-01 10:56:57,689 - INFO - Now analyzing field ID CA_245360
2024-07-01 10:57:01,412 - INFO - Successful
2024-07-01 10:57:01,412 - INFO - 358 fields remaining
2024-07-01 10:57:01,412 - INFO - Now analyzing field ID CA_172607
2024-07-01 10:57:05,164 - INFO - Successful
2024-07-01 10:57:05,165 - INFO - 357 fields remaining
2024-07-01 10:57:05,165 - INFO - Now analyzing field ID CA_127382
2024-07-01 10:57:09,453 - INFO - Successful
2024-07-01 10:57:09,453 - INFO - 356 fields remaining
2024-07-01 10:57:09,453 - INFO - Now analyzing field ID CA_126375
2024-07-01 10:57:13,047 - INFO - Successful
2024-07-01 10:57:13,047 - INFO - 355 fields remaining
2024-07-01 10:57:13,047 - INFO - Now analyzing field ID CA_126031
2024-07-01 10:57:17,254 - INFO - Successful
2024-07-01 10:57:17,254 - INFO - 354 fields remaining
2024-07-01 10:57:17,254 - INFO - Now analyzing field ID CA_125759
2024-07-01 10:57:20,373 - INFO - Successful
2024-07-01 10:57:20,373 - INFO - 353 fields remaining
2024-07-01 10:57:20,373 - INFO - Now analyzing field ID CA_140561
2024-07-01 10:57:24,669 - INFO - Successful
2024-07-01 10:57:24,670 - INFO - 352 fields remaining
2024-07-01 10:57:24,670 - INFO - Now analyzing field ID CA_266040
2024-07-01 10:57:28,878 - INFO - Successful
2024-07-01 10:57:28,878 - INFO - 351 fields remaining
2024-07-01 10:57:28,878 - INFO - Now analyzing field ID CA_273256
2024-07-01 10:57:32,560 - INFO - Successful
2024-07-01 10:57:32,560 - INFO - 350 fields remaining
2024-07-01 10:57:32,560 - INFO - Now analyzing field ID CA_120258
2024-07-01 10:57:36,286 - INFO - Successful
2024-07-01 10:57:36,286 - INFO - 349 fields remaining
2024-07-01 10:57:36,286 - INFO - Now analyzing field ID CA_173176
2024-07-01 10:57:39,965 - INFO - Successful
2024-07-01 10:57:39,965 - INFO - 348 fields remaining
2024-07-01 10:57:39,965 - INFO - Now analyzing field ID CA_139701
2024-07-01 10:57:43,401 - INFO - Successful
2024-07-01 10:57:43,401 - INFO - 347 fields remaining
2024-07-01 10:57:43,401 - INFO - Now analyzing field ID CA_120425
2024-07-01 10:57:47,689 - INFO - Successful
2024-07-01 10:57:47,690 - INFO - 346 fields remaining
2024-07-01 10:57:47,690 - INFO - Now analyzing field ID CA_117699
2024-07-01 10:57:51,159 - INFO - Successful
2024-07-01 10:57:51,159 - INFO - 345 fields remaining
2024-07-01 10:57:51,159 - INFO - Now analyzing field ID CA_123169
2024-07-01 10:57:55,090 - INFO - Successful
2024-07-01 10:57:55,090 - INFO - 344 fields remaining
2024-07-01 10:57:55,091 - INFO - Now analyzing field ID CA_150456
2024-07-01 10:57:59,379 - INFO - Successful
2024-07-01 10:57:59,379 - INFO - 343 fields remaining
2024-07-01 10:57:59,379 - INFO - Now analyzing field ID CA_141887
2024-07-01 10:58:03,231 - INFO - Successful
2024-07-01 10:58:03,232 - INFO - 342 fields remaining
2024-07-01 10:58:03,232 - INFO - Now analyzing field ID CA_274575
2024-07-01 10:58:06,567 - INFO - Successful
2024-07-01 10:58:06,567 - INFO - 341 fields remaining
2024-07-01 10:58:06,568 - INFO - Now analyzing field ID CA_274127
2024-07-01 10:58:11,391 - INFO - Successful
2024-07-01 10:58:11,391 - INFO - 340 fields remaining
2024-07-01 10:58:11,391 - INFO - Now analyzing field ID CA_68010
2024-07-01 10:58:15,269 - INFO - Successful
2024-07-01 10:58:15,269 - INFO - 339 fields remaining
2024-07-01 10:58:15,269 - INFO - Now analyzing field ID CA_339856
2024-07-01 10:58:19,161 - INFO - Successful
2024-07-01 10:58:19,161 - INFO - 338 fields remaining
2024-07-01 10:58:19,161 - INFO - Now analyzing field ID CA_306194
2024-07-01 10:58:22,909 - INFO - Successful
2024-07-01 10:58:22,909 - INFO - 337 fields remaining
2024-07-01 10:58:22,909 - INFO - Now analyzing field ID CA_267269
2024-07-01 10:58:26,647 - INFO - Successful
2024-07-01 10:58:26,647 - INFO - 336 fields remaining
2024-07-01 10:58:26,647 - INFO - Now analyzing field ID CA_273411
2024-07-01 10:58:30,048 - INFO - Successful
2024-07-01 10:58:30,048 - INFO - 335 fields remaining
2024-07-01 10:58:30,048 - INFO - Now analyzing field ID CA_272200
2024-07-01 10:58:33,969 - INFO - Successful
2024-07-01 10:58:33,969 - INFO - 334 fields remaining
2024-07-01 10:58:33,969 - INFO - Now analyzing field ID CA_67740
2024-07-01 10:58:36,876 - INFO - Successful
2024-07-01 10:58:36,876 - INFO - 333 fields remaining
2024-07-01 10:58:36,876 - INFO - Now analyzing field ID CA_308326
2024-07-01 10:58:40,168 - INFO - Successful
2024-07-01 10:58:40,168 - INFO - 332 fields remaining
2024-07-01 10:58:40,168 - INFO - Now analyzing field ID CA_279297
2024-07-01 10:58:43,259 - INFO - Successful
2024-07-01 10:58:43,259 - INFO - 331 fields remaining
2024-07-01 10:58:43,259 - INFO - Now analyzing field ID CA_339336
2024-07-01 10:58:47,246 - INFO - Successful
2024-07-01 10:58:47,246 - INFO - 330 fields remaining
2024-07-01 10:58:47,247 - INFO - Now analyzing field ID CA_304101
2024-07-01 10:58:50,570 - INFO - Successful
2024-07-01 10:58:50,570 - INFO - 329 fields remaining
2024-07-01 10:58:50,570 - INFO - Now analyzing field ID CA_279979
2024-07-01 10:58:54,115 - INFO - Successful
2024-07-01 10:58:54,115 - INFO - 328 fields remaining
2024-07-01 10:58:54,115 - INFO - Now analyzing field ID CA_279069
2024-07-01 10:58:57,475 - INFO - Successful
2024-07-01 10:58:57,475 - INFO - 327 fields remaining
2024-07-01 10:58:57,475 - INFO - Now analyzing field ID CA_274791
2024-07-01 10:59:00,457 - INFO - Successful
2024-07-01 10:59:00,458 - INFO - 326 fields remaining
2024-07-01 10:59:00,458 - INFO - Now analyzing field ID CA_268366
2024-07-01 10:59:03,540 - INFO - Successful
2024-07-01 10:59:03,540 - INFO - 325 fields remaining
2024-07-01 10:59:03,540 - INFO - Now analyzing field ID CA_333756
2024-07-01 10:59:07,371 - INFO - Successful
2024-07-01 10:59:07,371 - INFO - 324 fields remaining
2024-07-01 10:59:07,373 - INFO - Now analyzing field ID CA_308694
2024-07-01 10:59:13,410 - INFO - Successful
2024-07-01 10:59:13,410 - INFO - 323 fields remaining
2024-07-01 10:59:13,410 - INFO - Now analyzing field ID CA_339570
2024-07-01 10:59:17,040 - INFO - Successful
2024-07-01 10:59:17,040 - INFO - 322 fields remaining
2024-07-01 10:59:17,040 - INFO - Now analyzing field ID CA_336306
2024-07-01 10:59:20,355 - INFO - Successful
2024-07-01 10:59:20,356 - INFO - 321 fields remaining
2024-07-01 10:59:20,356 - INFO - Now analyzing field ID CA_306530
2024-07-01 10:59:23,512 - INFO - Successful
2024-07-01 10:59:23,512 - INFO - 320 fields remaining
2024-07-01 10:59:23,513 - INFO - Now analyzing field ID CA_271915
2024-07-01 10:59:26,926 - INFO - Successful
2024-07-01 10:59:26,926 - INFO - 319 fields remaining
2024-07-01 10:59:26,926 - INFO - Now analyzing field ID CA_293035
2024-07-01 10:59:30,807 - INFO - Successful
2024-07-01 10:59:30,807 - INFO - 318 fields remaining
2024-07-01 10:59:30,808 - INFO - Now analyzing field ID CA_312714
2024-07-01 10:59:33,970 - INFO - Successful
2024-07-01 10:59:33,970 - INFO - 317 fields remaining
2024-07-01 10:59:33,970 - INFO - Now analyzing field ID CA_340477
2024-07-01 10:59:37,197 - INFO - Successful
2024-07-01 10:59:37,198 - INFO - 316 fields remaining
2024-07-01 10:59:37,198 - INFO - Now analyzing field ID CA_71718
2024-07-01 10:59:40,625 - INFO - Successful
2024-07-01 10:59:40,625 - INFO - 315 fields remaining
2024-07-01 10:59:40,625 - INFO - Now analyzing field ID CA_274108
2024-07-01 10:59:43,873 - INFO - Successful
2024-07-01 10:59:43,873 - INFO - 314 fields remaining
2024-07-01 10:59:43,873 - INFO - Now analyzing field ID CA_71587
2024-07-01 10:59:47,466 - INFO - Successful
2024-07-01 10:59:47,466 - INFO - 313 fields remaining
2024-07-01 10:59:47,466 - INFO - Now analyzing field ID CA_317355
2024-07-01 10:59:50,946 - INFO - Successful
2024-07-01 10:59:50,946 - INFO - 312 fields remaining
2024-07-01 10:59:50,946 - INFO - Now analyzing field ID CA_246113
2024-07-01 10:59:54,499 - INFO - Successful
2024-07-01 10:59:54,499 - INFO - 311 fields remaining
2024-07-01 10:59:54,499 - INFO - Now analyzing field ID CA_338036
2024-07-01 10:59:58,519 - INFO - Successful
2024-07-01 10:59:58,519 - INFO - 310 fields remaining
2024-07-01 10:59:58,519 - INFO - Now analyzing field ID CA_302451
2024-07-01 11:00:02,033 - INFO - Successful
2024-07-01 11:00:02,033 - INFO - 309 fields remaining
2024-07-01 11:00:02,033 - INFO - Now analyzing field ID CA_32722
2024-07-01 11:00:04,027 - WARNING - Reattempting request..
2024-07-01 11:00:07,665 - INFO - Successful
2024-07-01 11:00:07,665 - INFO - 308 fields remaining
2024-07-01 11:00:07,666 - INFO - Now analyzing field ID CA_66272
2024-07-01 11:00:13,186 - INFO - Successful
2024-07-01 11:00:13,186 - INFO - 307 fields remaining
2024-07-01 11:00:13,186 - INFO - Now analyzing field ID CA_294569
2024-07-01 11:00:19,338 - INFO - Successful
2024-07-01 11:00:19,338 - INFO - 306 fields remaining
2024-07-01 11:00:19,338 - INFO - Now analyzing field ID CA_293119
2024-07-01 11:00:23,332 - INFO - Successful
2024-07-01 11:00:23,332 - INFO - 305 fields remaining
2024-07-01 11:00:23,332 - INFO - Now analyzing field ID CA_340098
2024-07-01 11:00:27,393 - INFO - Successful
2024-07-01 11:00:27,393 - INFO - 304 fields remaining
2024-07-01 11:00:27,393 - INFO - Now analyzing field ID CA_314026
2024-07-01 11:00:30,942 - INFO - Successful
2024-07-01 11:00:30,942 - INFO - 303 fields remaining
2024-07-01 11:00:30,942 - INFO - Now analyzing field ID CA_311936
2024-07-01 11:00:35,478 - INFO - Successful
2024-07-01 11:00:35,478 - INFO - 302 fields remaining
2024-07-01 11:00:35,478 - INFO - Now analyzing field ID CA_311929
2024-07-01 11:00:39,398 - INFO - Successful
2024-07-01 11:00:39,398 - INFO - 301 fields remaining
2024-07-01 11:00:39,398 - INFO - Now analyzing field ID CA_311324
2024-07-01 11:00:43,667 - INFO - Successful
2024-07-01 11:00:43,667 - INFO - 300 fields remaining
2024-07-01 11:00:43,668 - INFO - Now analyzing field ID CA_308483
2024-07-01 11:00:48,180 - INFO - Successful
2024-07-01 11:00:48,180 - INFO - 299 fields remaining
2024-07-01 11:00:48,180 - INFO - Now analyzing field ID CA_304949
2024-07-01 11:00:52,439 - INFO - Successful
2024-07-01 11:00:52,439 - INFO - 298 fields remaining
2024-07-01 11:00:52,439 - INFO - Now analyzing field ID CA_304900
2024-07-01 11:00:56,874 - INFO - Successful
2024-07-01 11:00:56,875 - INFO - 297 fields remaining
2024-07-01 11:00:56,875 - INFO - Now analyzing field ID CA_302754
2024-07-01 11:01:01,307 - INFO - Successful
2024-07-01 11:01:01,307 - INFO - 296 fields remaining
2024-07-01 11:01:01,307 - INFO - Now analyzing field ID CA_312570
2024-07-01 11:01:05,923 - INFO - Successful
2024-07-01 11:01:05,923 - INFO - 295 fields remaining
2024-07-01 11:01:05,923 - INFO - Now analyzing field ID CA_311666
2024-07-01 11:01:11,062 - INFO - Successful
2024-07-01 11:01:11,063 - INFO - 294 fields remaining
2024-07-01 11:01:11,063 - INFO - Now analyzing field ID CA_307107
2024-07-01 11:01:15,428 - INFO - Successful
2024-07-01 11:01:15,429 - INFO - 293 fields remaining
2024-07-01 11:01:15,429 - INFO - Now analyzing field ID CA_301044
2024-07-01 11:01:19,017 - INFO - Successful
2024-07-01 11:01:19,017 - INFO - 292 fields remaining
2024-07-01 11:01:19,017 - INFO - Now analyzing field ID CA_62356
2024-07-01 11:01:23,655 - INFO - Successful
2024-07-01 11:01:23,655 - INFO - 291 fields remaining
2024-07-01 11:01:23,656 - INFO - Now analyzing field ID CA_63548
2024-07-01 11:01:29,195 - INFO - Successful
2024-07-01 11:01:29,195 - INFO - 290 fields remaining
2024-07-01 11:01:29,195 - INFO - Now analyzing field ID CA_60928
2024-07-01 11:01:33,080 - INFO - Successful
2024-07-01 11:01:33,080 - INFO - 289 fields remaining
2024-07-01 11:01:33,080 - INFO - Now analyzing field ID CA_305219
2024-07-01 11:01:36,839 - INFO - Successful
2024-07-01 11:01:36,839 - INFO - 288 fields remaining
2024-07-01 11:01:36,839 - INFO - Now analyzing field ID CA_268680
2024-07-01 11:01:40,518 - INFO - Successful
2024-07-01 11:01:40,518 - INFO - 287 fields remaining
2024-07-01 11:01:40,518 - INFO - Now analyzing field ID CA_293386
2024-07-01 11:01:44,624 - INFO - Successful
2024-07-01 11:01:44,624 - INFO - 286 fields remaining
2024-07-01 11:01:44,624 - INFO - Now analyzing field ID CA_292155
2024-07-01 11:01:49,326 - INFO - Successful
2024-07-01 11:01:49,326 - INFO - 285 fields remaining
2024-07-01 11:01:49,326 - INFO - Now analyzing field ID CA_72592
2024-07-01 11:01:55,204 - INFO - Successful
2024-07-01 11:01:55,204 - INFO - 284 fields remaining
2024-07-01 11:01:55,204 - INFO - Now analyzing field ID CA_72468
2024-07-01 11:01:58,850 - INFO - Successful
2024-07-01 11:01:58,850 - INFO - 283 fields remaining
2024-07-01 11:01:58,850 - INFO - Now analyzing field ID CA_71776
2024-07-01 11:02:02,611 - INFO - Successful
2024-07-01 11:02:02,611 - INFO - 282 fields remaining
2024-07-01 11:02:02,611 - INFO - Now analyzing field ID CA_70028
2024-07-01 11:02:06,244 - INFO - Successful
2024-07-01 11:02:06,245 - INFO - 281 fields remaining
2024-07-01 11:02:06,245 - INFO - Now analyzing field ID CA_293711
2024-07-01 11:02:10,171 - INFO - Successful
2024-07-01 11:02:10,171 - INFO - 280 fields remaining
2024-07-01 11:02:10,171 - INFO - Now analyzing field ID CA_246529
2024-07-01 11:02:13,885 - INFO - Successful
2024-07-01 11:02:13,885 - INFO - 279 fields remaining
2024-07-01 11:02:13,885 - INFO - Now analyzing field ID CA_292890
2024-07-01 11:02:17,773 - INFO - Successful
2024-07-01 11:02:17,773 - INFO - 278 fields remaining
2024-07-01 11:02:17,773 - INFO - Now analyzing field ID CA_68947
2024-07-01 11:02:21,100 - INFO - Successful
2024-07-01 11:02:21,100 - INFO - 277 fields remaining
2024-07-01 11:02:21,100 - INFO - Now analyzing field ID CA_72096
2024-07-01 11:02:25,036 - INFO - Successful
2024-07-01 11:02:25,036 - INFO - 276 fields remaining
2024-07-01 11:02:25,036 - INFO - Now analyzing field ID CA_70844
2024-07-01 11:02:29,028 - INFO - Successful
2024-07-01 11:02:29,028 - INFO - 275 fields remaining
2024-07-01 11:02:29,028 - INFO - Now analyzing field ID CA_69317
2024-07-01 11:02:32,372 - INFO - Successful
2024-07-01 11:02:32,372 - INFO - 274 fields remaining
2024-07-01 11:02:32,372 - INFO - Now analyzing field ID CA_69128
2024-07-01 11:02:36,013 - INFO - Successful
2024-07-01 11:02:36,013 - INFO - 273 fields remaining
2024-07-01 11:02:36,013 - INFO - Now analyzing field ID CA_59450
2024-07-01 11:02:40,098 - INFO - Successful
2024-07-01 11:02:40,098 - INFO - 272 fields remaining
2024-07-01 11:02:40,098 - INFO - Now analyzing field ID CA_66675
2024-07-01 11:02:43,957 - INFO - Successful
2024-07-01 11:02:43,957 - INFO - 271 fields remaining
2024-07-01 11:02:43,957 - INFO - Now analyzing field ID CA_318645
2024-07-01 11:02:47,256 - INFO - Successful
2024-07-01 11:02:47,256 - INFO - 270 fields remaining
2024-07-01 11:02:47,256 - INFO - Now analyzing field ID CA_66850
2024-07-01 11:02:51,125 - INFO - Successful
2024-07-01 11:02:51,125 - INFO - 269 fields remaining
2024-07-01 11:02:51,125 - INFO - Now analyzing field ID CA_289998
2024-07-01 11:02:54,972 - INFO - Successful
2024-07-01 11:02:54,972 - INFO - 268 fields remaining
2024-07-01 11:02:54,972 - INFO - Now analyzing field ID CA_72535
2024-07-01 11:02:58,815 - INFO - Successful
2024-07-01 11:02:58,815 - INFO - 267 fields remaining
2024-07-01 11:02:58,815 - INFO - Now analyzing field ID CA_224522
2024-07-01 11:03:02,273 - INFO - Successful
2024-07-01 11:03:02,273 - INFO - 266 fields remaining
2024-07-01 11:03:02,273 - INFO - Now analyzing field ID CA_224158
2024-07-01 11:03:05,803 - INFO - Successful
2024-07-01 11:03:05,803 - INFO - 265 fields remaining
2024-07-01 11:03:05,804 - INFO - Now analyzing field ID CA_223674
2024-07-01 11:03:09,391 - INFO - Successful
2024-07-01 11:03:09,391 - INFO - 264 fields remaining
2024-07-01 11:03:09,391 - INFO - Now analyzing field ID CA_7030
2024-07-01 11:03:13,199 - INFO - Successful
2024-07-01 11:03:13,200 - INFO - 263 fields remaining
2024-07-01 11:03:13,200 - INFO - Now analyzing field ID CA_315416
2024-07-01 11:03:16,539 - INFO - Successful
2024-07-01 11:03:16,539 - INFO - 262 fields remaining
2024-07-01 11:03:16,539 - INFO - Now analyzing field ID CA_297554
2024-07-01 11:03:20,245 - INFO - Successful
2024-07-01 11:03:20,245 - INFO - 261 fields remaining
2024-07-01 11:03:20,245 - INFO - Now analyzing field ID CA_223390
2024-07-01 11:03:23,971 - INFO - Successful
2024-07-01 11:03:23,972 - INFO - 260 fields remaining
2024-07-01 11:03:23,972 - INFO - Now analyzing field ID CA_315646
2024-07-01 11:03:27,514 - INFO - Successful
2024-07-01 11:03:27,514 - INFO - 259 fields remaining
2024-07-01 11:03:27,514 - INFO - Now analyzing field ID CA_315480
2024-07-01 11:03:31,224 - INFO - Successful
2024-07-01 11:03:31,224 - INFO - 258 fields remaining
2024-07-01 11:03:31,224 - INFO - Now analyzing field ID CA_315261
2024-07-01 11:03:34,267 - INFO - Successful
2024-07-01 11:03:34,267 - INFO - 257 fields remaining
2024-07-01 11:03:34,267 - INFO - Now analyzing field ID CA_314177
2024-07-01 11:03:37,100 - INFO - Successful
2024-07-01 11:03:37,101 - INFO - 256 fields remaining
2024-07-01 11:03:37,101 - INFO - Now analyzing field ID CA_60903
2024-07-01 11:03:40,614 - INFO - Successful
2024-07-01 11:03:40,615 - INFO - 255 fields remaining
2024-07-01 11:03:40,615 - INFO - Now analyzing field ID CA_14419
2024-07-01 11:03:43,859 - INFO - Successful
2024-07-01 11:03:43,859 - INFO - 254 fields remaining
2024-07-01 11:03:43,859 - INFO - Now analyzing field ID CA_12627
2024-07-01 11:03:47,664 - INFO - Successful
2024-07-01 11:03:47,664 - INFO - 253 fields remaining
2024-07-01 11:03:47,664 - INFO - Now analyzing field ID CA_296394
2024-07-01 11:03:52,164 - INFO - Successful
2024-07-01 11:03:52,164 - INFO - 252 fields remaining
2024-07-01 11:03:52,164 - INFO - Now analyzing field ID CA_293865
2024-07-01 11:03:55,730 - INFO - Successful
2024-07-01 11:03:55,730 - INFO - 251 fields remaining
2024-07-01 11:03:55,730 - INFO - Now analyzing field ID CA_297569
2024-07-01 11:03:59,021 - INFO - Successful
2024-07-01 11:03:59,021 - INFO - 250 fields remaining
2024-07-01 11:03:59,021 - INFO - Now analyzing field ID CA_297193
2024-07-01 11:04:02,586 - INFO - Successful
2024-07-01 11:04:02,586 - INFO - 249 fields remaining
2024-07-01 11:04:02,586 - INFO - Now analyzing field ID CA_25134
2024-07-01 11:04:06,713 - INFO - Successful
2024-07-01 11:04:06,713 - INFO - 248 fields remaining
2024-07-01 11:04:06,713 - INFO - Now analyzing field ID CA_113117
2024-07-01 11:04:10,270 - INFO - Successful
2024-07-01 11:04:10,270 - INFO - 247 fields remaining
2024-07-01 11:04:10,270 - INFO - Now analyzing field ID CA_315165
2024-07-01 11:04:13,808 - INFO - Successful
2024-07-01 11:04:13,809 - INFO - 246 fields remaining
2024-07-01 11:04:13,809 - INFO - Now analyzing field ID CA_25646
2024-07-01 11:04:17,997 - INFO - Successful
2024-07-01 11:04:17,997 - INFO - 245 fields remaining
2024-07-01 11:04:17,997 - INFO - Now analyzing field ID CA_291054
2024-07-01 11:04:21,945 - INFO - Successful
2024-07-01 11:04:21,945 - INFO - 244 fields remaining
2024-07-01 11:04:21,945 - INFO - Now analyzing field ID CA_317164
2024-07-01 11:04:25,687 - INFO - Successful
2024-07-01 11:04:25,687 - INFO - 243 fields remaining
2024-07-01 11:04:25,687 - INFO - Now analyzing field ID CA_299586
2024-07-01 11:04:28,992 - INFO - Successful
2024-07-01 11:04:28,992 - INFO - 242 fields remaining
2024-07-01 11:04:28,992 - INFO - Now analyzing field ID CA_64204
2024-07-01 11:04:32,828 - INFO - Successful
2024-07-01 11:04:32,828 - INFO - 241 fields remaining
2024-07-01 11:04:32,830 - INFO - Now analyzing field ID CA_315262
2024-07-01 11:04:36,025 - INFO - Successful
2024-07-01 11:04:36,025 - INFO - 240 fields remaining
2024-07-01 11:04:36,025 - INFO - Now analyzing field ID CA_315375
2024-07-01 11:04:39,464 - INFO - Successful
2024-07-01 11:04:39,464 - INFO - 239 fields remaining
2024-07-01 11:04:39,464 - INFO - Now analyzing field ID CA_226383
2024-07-01 11:04:42,989 - INFO - Successful
2024-07-01 11:04:42,989 - INFO - 238 fields remaining
2024-07-01 11:04:42,989 - INFO - Now analyzing field ID CA_11941
2024-07-01 11:04:46,350 - INFO - Successful
2024-07-01 11:04:46,351 - INFO - 237 fields remaining
2024-07-01 11:04:46,351 - INFO - Now analyzing field ID CA_11733
2024-07-01 11:04:49,805 - INFO - Successful
2024-07-01 11:04:49,805 - INFO - 236 fields remaining
2024-07-01 11:04:49,805 - INFO - Now analyzing field ID CA_9796
2024-07-01 11:04:53,774 - INFO - Successful
2024-07-01 11:04:53,775 - INFO - 235 fields remaining
2024-07-01 11:04:53,775 - INFO - Now analyzing field ID CA_25763
2024-07-01 11:04:57,393 - INFO - Successful
2024-07-01 11:04:57,393 - INFO - 234 fields remaining
2024-07-01 11:04:57,393 - INFO - Now analyzing field ID CA_55369
2024-07-01 11:05:01,074 - INFO - Successful
2024-07-01 11:05:01,074 - INFO - 233 fields remaining
2024-07-01 11:05:01,074 - INFO - Now analyzing field ID CA_40791
2024-07-01 11:05:04,533 - INFO - Successful
2024-07-01 11:05:04,533 - INFO - 232 fields remaining
2024-07-01 11:05:04,533 - INFO - Now analyzing field ID CA_54790
2024-07-01 11:05:08,033 - INFO - Successful
2024-07-01 11:05:08,033 - INFO - 231 fields remaining
2024-07-01 11:05:08,033 - INFO - Now analyzing field ID CA_34492
2024-07-01 11:05:12,513 - INFO - Successful
2024-07-01 11:05:12,514 - INFO - 230 fields remaining
2024-07-01 11:05:12,514 - INFO - Now analyzing field ID CA_33134
2024-07-01 11:05:16,645 - INFO - Successful
2024-07-01 11:05:16,645 - INFO - 229 fields remaining
2024-07-01 11:05:16,645 - INFO - Now analyzing field ID CA_228703
2024-07-01 11:05:20,353 - INFO - Successful
2024-07-01 11:05:20,353 - INFO - 228 fields remaining
2024-07-01 11:05:20,353 - INFO - Now analyzing field ID CA_183828
2024-07-01 11:05:23,697 - INFO - Successful
2024-07-01 11:05:23,698 - INFO - 227 fields remaining
2024-07-01 11:05:23,698 - INFO - Now analyzing field ID CA_40117
2024-07-01 11:05:27,078 - INFO - Successful
2024-07-01 11:05:27,078 - INFO - 226 fields remaining
2024-07-01 11:05:27,078 - INFO - Now analyzing field ID CA_51152
2024-07-01 11:05:30,618 - INFO - Successful
2024-07-01 11:05:30,618 - INFO - 225 fields remaining
2024-07-01 11:05:30,618 - INFO - Now analyzing field ID CA_50200
2024-07-01 11:05:34,327 - INFO - Successful
2024-07-01 11:05:34,328 - INFO - 224 fields remaining
2024-07-01 11:05:34,328 - INFO - Now analyzing field ID CA_49460
2024-07-01 11:05:38,204 - INFO - Successful
2024-07-01 11:05:38,204 - INFO - 223 fields remaining
2024-07-01 11:05:38,204 - INFO - Now analyzing field ID CA_49268
2024-07-01 11:05:41,636 - INFO - Successful
2024-07-01 11:05:41,636 - INFO - 222 fields remaining
2024-07-01 11:05:41,636 - INFO - Now analyzing field ID CA_48799
2024-07-01 11:05:45,424 - INFO - Successful
2024-07-01 11:05:45,425 - INFO - 221 fields remaining
2024-07-01 11:05:45,425 - INFO - Now analyzing field ID CA_47884
2024-07-01 11:05:52,703 - INFO - Successful
2024-07-01 11:05:52,703 - INFO - 220 fields remaining
2024-07-01 11:05:52,703 - INFO - Now analyzing field ID CA_46605
2024-07-01 11:05:56,553 - INFO - Successful
2024-07-01 11:05:56,553 - INFO - 219 fields remaining
2024-07-01 11:05:56,553 - INFO - Now analyzing field ID CA_45990
2024-07-01 11:06:00,105 - INFO - Successful
2024-07-01 11:06:00,105 - INFO - 218 fields remaining
2024-07-01 11:06:00,105 - INFO - Now analyzing field ID CA_33823
2024-07-01 11:06:03,832 - INFO - Successful
2024-07-01 11:06:03,832 - INFO - 217 fields remaining
2024-07-01 11:06:03,832 - INFO - Now analyzing field ID CA_32480
2024-07-01 11:06:07,781 - INFO - Successful
2024-07-01 11:06:07,781 - INFO - 216 fields remaining
2024-07-01 11:06:07,781 - INFO - Now analyzing field ID CA_31830
2024-07-01 11:06:11,576 - INFO - Successful
2024-07-01 11:06:11,576 - INFO - 215 fields remaining
2024-07-01 11:06:11,576 - INFO - Now analyzing field ID CA_31256
2024-07-01 11:06:15,033 - INFO - Successful
2024-07-01 11:06:15,033 - INFO - 214 fields remaining
2024-07-01 11:06:15,033 - INFO - Now analyzing field ID CA_52501
2024-07-01 11:06:19,074 - INFO - Successful
2024-07-01 11:06:19,074 - INFO - 213 fields remaining
2024-07-01 11:06:19,074 - INFO - Now analyzing field ID CA_44219
2024-07-01 11:06:22,430 - INFO - Successful
2024-07-01 11:06:22,430 - INFO - 212 fields remaining
2024-07-01 11:06:22,430 - INFO - Now analyzing field ID CA_225626
2024-07-01 11:06:25,303 - INFO - Successful
2024-07-01 11:06:25,303 - INFO - 211 fields remaining
2024-07-01 11:06:25,303 - INFO - Now analyzing field ID CA_57810
2024-07-01 11:06:28,794 - INFO - Successful
2024-07-01 11:06:28,794 - INFO - 210 fields remaining
2024-07-01 11:06:28,794 - INFO - Now analyzing field ID CA_55252
2024-07-01 11:06:32,232 - INFO - Successful
2024-07-01 11:06:32,232 - INFO - 209 fields remaining
2024-07-01 11:06:32,232 - INFO - Now analyzing field ID CA_53305
2024-07-01 11:06:35,284 - INFO - Successful
2024-07-01 11:06:35,284 - INFO - 208 fields remaining
2024-07-01 11:06:35,284 - INFO - Now analyzing field ID CA_54616
2024-07-01 11:06:38,961 - INFO - Successful
2024-07-01 11:06:38,961 - INFO - 207 fields remaining
2024-07-01 11:06:38,961 - INFO - Now analyzing field ID CA_43699
2024-07-01 11:06:42,199 - INFO - Successful
2024-07-01 11:06:42,200 - INFO - 206 fields remaining
2024-07-01 11:06:42,200 - INFO - Now analyzing field ID CA_50989
2024-07-01 11:06:45,068 - INFO - Successful
2024-07-01 11:06:45,068 - INFO - 205 fields remaining
2024-07-01 11:06:45,068 - INFO - Now analyzing field ID CA_54688
2024-07-01 11:06:48,871 - INFO - Successful
2024-07-01 11:06:48,871 - INFO - 204 fields remaining
2024-07-01 11:06:48,871 - INFO - Now analyzing field ID CA_226101
2024-07-01 11:06:52,698 - INFO - Successful
2024-07-01 11:06:52,698 - INFO - 203 fields remaining
2024-07-01 11:06:52,698 - INFO - Now analyzing field ID CA_228776
2024-07-01 11:06:56,024 - INFO - Successful
2024-07-01 11:06:56,024 - INFO - 202 fields remaining
2024-07-01 11:06:56,024 - INFO - Now analyzing field ID CA_37042
2024-07-01 11:07:00,622 - INFO - Successful
2024-07-01 11:07:00,622 - INFO - 201 fields remaining
2024-07-01 11:07:00,623 - INFO - Now analyzing field ID CA_226270
2024-07-01 11:07:04,052 - INFO - Successful
2024-07-01 11:07:04,052 - INFO - 200 fields remaining
2024-07-01 11:07:04,052 - INFO - Now analyzing field ID CA_54305
2024-07-01 11:07:07,623 - INFO - Successful
2024-07-01 11:07:07,623 - INFO - 199 fields remaining
2024-07-01 11:07:07,623 - INFO - Now analyzing field ID CA_128033
2024-07-01 11:07:11,247 - INFO - Successful
2024-07-01 11:07:11,247 - INFO - 198 fields remaining
2024-07-01 11:07:11,247 - INFO - Now analyzing field ID CA_23925
2024-07-01 11:07:14,695 - INFO - Successful
2024-07-01 11:07:14,695 - INFO - 197 fields remaining
2024-07-01 11:07:14,696 - INFO - Now analyzing field ID CA_119712
2024-07-01 11:07:19,322 - INFO - Successful
2024-07-01 11:07:19,322 - INFO - 196 fields remaining
2024-07-01 11:07:19,322 - INFO - Now analyzing field ID CA_112646
2024-07-01 11:07:23,973 - INFO - Successful
2024-07-01 11:07:23,975 - INFO - 195 fields remaining
2024-07-01 11:07:23,975 - INFO - Now analyzing field ID CA_235415
2024-07-01 11:07:27,348 - INFO - Successful
2024-07-01 11:07:27,348 - INFO - 194 fields remaining
2024-07-01 11:07:27,348 - INFO - Now analyzing field ID CA_129661
2024-07-01 11:07:33,626 - INFO - Successful
2024-07-01 11:07:33,627 - INFO - 193 fields remaining
2024-07-01 11:07:33,627 - INFO - Now analyzing field ID CA_227632
2024-07-01 11:07:37,583 - INFO - Successful
2024-07-01 11:07:37,583 - INFO - 192 fields remaining
2024-07-01 11:07:37,583 - INFO - Now analyzing field ID CA_227400
2024-07-01 11:07:41,216 - INFO - Successful
2024-07-01 11:07:41,216 - INFO - 191 fields remaining
2024-07-01 11:07:41,216 - INFO - Now analyzing field ID CA_227224
2024-07-01 11:07:44,773 - INFO - Successful
2024-07-01 11:07:44,773 - INFO - 190 fields remaining
2024-07-01 11:07:44,773 - INFO - Now analyzing field ID CA_130000
2024-07-01 11:07:57,830 - INFO - Successful
2024-07-01 11:07:57,830 - INFO - 189 fields remaining
2024-07-01 11:07:57,830 - INFO - Now analyzing field ID CA_129664
2024-07-01 11:08:01,602 - INFO - Successful
2024-07-01 11:08:01,602 - INFO - 188 fields remaining
2024-07-01 11:08:01,602 - INFO - Now analyzing field ID CA_119945
2024-07-01 11:08:04,696 - INFO - Successful
2024-07-01 11:08:04,696 - INFO - 187 fields remaining
2024-07-01 11:08:04,696 - INFO - Now analyzing field ID CA_48511
2024-07-01 11:08:08,572 - INFO - Successful
2024-07-01 11:08:08,572 - INFO - 186 fields remaining
2024-07-01 11:08:08,572 - INFO - Now analyzing field ID CA_131232
2024-07-01 11:08:12,086 - INFO - Successful
2024-07-01 11:08:12,087 - INFO - 185 fields remaining
2024-07-01 11:08:12,087 - INFO - Now analyzing field ID CA_110176
2024-07-01 11:08:15,539 - INFO - Successful
2024-07-01 11:08:15,539 - INFO - 184 fields remaining
2024-07-01 11:08:15,539 - INFO - Now analyzing field ID CA_235534
2024-07-01 11:08:20,236 - INFO - Successful
2024-07-01 11:08:20,236 - INFO - 183 fields remaining
2024-07-01 11:08:20,236 - INFO - Now analyzing field ID CA_113720
2024-07-01 11:08:24,447 - INFO - Successful
2024-07-01 11:08:24,447 - INFO - 182 fields remaining
2024-07-01 11:08:24,447 - INFO - Now analyzing field ID CA_29966
2024-07-01 11:08:27,697 - INFO - Successful
2024-07-01 11:08:27,697 - INFO - 181 fields remaining
2024-07-01 11:08:27,697 - INFO - Now analyzing field ID CA_128901
2024-07-01 11:08:31,219 - INFO - Successful
2024-07-01 11:08:31,219 - INFO - 180 fields remaining
2024-07-01 11:08:31,219 - INFO - Now analyzing field ID CA_130291
2024-07-01 11:08:34,944 - INFO - Successful
2024-07-01 11:08:34,944 - INFO - 179 fields remaining
2024-07-01 11:08:34,944 - INFO - Now analyzing field ID CA_110959
2024-07-01 11:08:38,608 - INFO - Successful
2024-07-01 11:08:38,608 - INFO - 178 fields remaining
2024-07-01 11:08:38,608 - INFO - Now analyzing field ID CA_122175
2024-07-01 11:08:41,745 - INFO - Successful
2024-07-01 11:08:41,745 - INFO - 177 fields remaining
2024-07-01 11:08:41,746 - INFO - Now analyzing field ID CA_110883
2024-07-01 11:08:45,082 - INFO - Successful
2024-07-01 11:08:45,082 - INFO - 176 fields remaining
2024-07-01 11:08:45,083 - INFO - Now analyzing field ID CA_130897
2024-07-01 11:08:48,562 - INFO - Successful
2024-07-01 11:08:48,562 - INFO - 175 fields remaining
2024-07-01 11:08:48,562 - INFO - Now analyzing field ID CA_121410
2024-07-01 11:08:52,127 - INFO - Successful
2024-07-01 11:08:52,127 - INFO - 174 fields remaining
2024-07-01 11:08:52,127 - INFO - Now analyzing field ID CA_51452
2024-07-01 11:08:55,423 - INFO - Successful
2024-07-01 11:08:55,423 - INFO - 173 fields remaining
2024-07-01 11:08:55,423 - INFO - Now analyzing field ID CA_119568
2024-07-01 11:08:59,415 - INFO - Successful
2024-07-01 11:08:59,415 - INFO - 172 fields remaining
2024-07-01 11:08:59,415 - INFO - Now analyzing field ID CA_110718
2024-07-01 11:09:04,121 - INFO - Successful
2024-07-01 11:09:04,121 - INFO - 171 fields remaining
2024-07-01 11:09:04,121 - INFO - Now analyzing field ID CA_122403
2024-07-01 11:09:07,797 - INFO - Successful
2024-07-01 11:09:07,799 - INFO - 170 fields remaining
2024-07-01 11:09:07,799 - INFO - Now analyzing field ID CA_118357
2024-07-01 11:09:11,293 - INFO - Successful
2024-07-01 11:09:11,294 - INFO - 169 fields remaining
2024-07-01 11:09:11,294 - INFO - Now analyzing field ID CA_121623
2024-07-01 11:09:14,899 - INFO - Successful
2024-07-01 11:09:14,899 - INFO - 168 fields remaining
2024-07-01 11:09:14,899 - INFO - Now analyzing field ID CA_53071
2024-07-01 11:09:21,264 - INFO - Successful
2024-07-01 11:09:21,264 - INFO - 167 fields remaining
2024-07-01 11:09:21,264 - INFO - Now analyzing field ID CA_118917
2024-07-01 11:09:24,975 - INFO - Successful
2024-07-01 11:09:24,975 - INFO - 166 fields remaining
2024-07-01 11:09:24,975 - INFO - Now analyzing field ID CA_132535
2024-07-01 11:09:28,619 - INFO - Successful
2024-07-01 11:09:28,619 - INFO - 165 fields remaining
2024-07-01 11:09:28,619 - INFO - Now analyzing field ID CA_132720
2024-07-01 11:09:32,436 - INFO - Successful
2024-07-01 11:09:32,436 - INFO - 164 fields remaining
2024-07-01 11:09:32,436 - INFO - Now analyzing field ID CA_225250
2024-07-01 11:09:36,128 - INFO - Successful
2024-07-01 11:09:36,128 - INFO - 163 fields remaining
2024-07-01 11:09:36,128 - INFO - Now analyzing field ID CA_2468
2024-07-01 11:09:39,093 - INFO - Successful
2024-07-01 11:09:39,093 - INFO - 162 fields remaining
2024-07-01 11:09:39,093 - INFO - Now analyzing field ID CA_5256
2024-07-01 11:09:42,563 - INFO - Successful
2024-07-01 11:09:42,563 - INFO - 161 fields remaining
2024-07-01 11:09:42,563 - INFO - Now analyzing field ID CA_5907
2024-07-01 11:09:45,771 - INFO - Successful
2024-07-01 11:09:45,771 - INFO - 160 fields remaining
2024-07-01 11:09:45,771 - INFO - Now analyzing field ID CA_28177
2024-07-01 11:09:49,144 - INFO - Successful
2024-07-01 11:09:49,144 - INFO - 159 fields remaining
2024-07-01 11:09:49,144 - INFO - Now analyzing field ID CA_26875
2024-07-01 11:09:53,253 - INFO - Successful
2024-07-01 11:09:53,254 - INFO - 158 fields remaining
2024-07-01 11:09:53,254 - INFO - Now analyzing field ID CA_150688
2024-07-01 11:09:56,501 - INFO - Successful
2024-07-01 11:09:56,501 - INFO - 157 fields remaining
2024-07-01 11:09:56,501 - INFO - Now analyzing field ID CA_117618
2024-07-01 11:10:00,433 - INFO - Successful
2024-07-01 11:10:00,433 - INFO - 156 fields remaining
2024-07-01 11:10:00,433 - INFO - Now analyzing field ID CA_181084
2024-07-01 11:10:04,836 - INFO - Successful
2024-07-01 11:10:04,836 - INFO - 155 fields remaining
2024-07-01 11:10:04,836 - INFO - Now analyzing field ID CA_180936
2024-07-01 11:10:08,066 - INFO - Successful
2024-07-01 11:10:08,066 - INFO - 154 fields remaining
2024-07-01 11:10:08,067 - INFO - Now analyzing field ID CA_180684
2024-07-01 11:10:12,113 - INFO - Successful
2024-07-01 11:10:12,113 - INFO - 153 fields remaining
2024-07-01 11:10:12,113 - INFO - Now analyzing field ID CA_179935
2024-07-01 11:10:16,344 - INFO - Successful
2024-07-01 11:10:16,344 - INFO - 152 fields remaining
2024-07-01 11:10:16,344 - INFO - Now analyzing field ID CA_177775
2024-07-01 11:10:20,295 - INFO - Successful
2024-07-01 11:10:20,295 - INFO - 151 fields remaining
2024-07-01 11:10:20,296 - INFO - Now analyzing field ID CA_171395
2024-07-01 11:10:23,822 - INFO - Successful
2024-07-01 11:10:23,822 - INFO - 150 fields remaining
2024-07-01 11:10:23,822 - INFO - Now analyzing field ID CA_169486
2024-07-01 11:10:27,686 - INFO - Successful
2024-07-01 11:10:27,686 - INFO - 149 fields remaining
2024-07-01 11:10:27,686 - INFO - Now analyzing field ID CA_168467
2024-07-01 11:10:32,084 - INFO - Successful
2024-07-01 11:10:32,084 - INFO - 148 fields remaining
2024-07-01 11:10:32,084 - INFO - Now analyzing field ID CA_158327
2024-07-01 11:10:35,738 - INFO - Successful
2024-07-01 11:10:35,738 - INFO - 147 fields remaining
2024-07-01 11:10:35,738 - INFO - Now analyzing field ID CA_157076
2024-07-01 11:10:39,280 - INFO - Successful
2024-07-01 11:10:39,280 - INFO - 146 fields remaining
2024-07-01 11:10:39,280 - INFO - Now analyzing field ID CA_115464
2024-07-01 11:10:43,390 - INFO - Successful
2024-07-01 11:10:43,390 - INFO - 145 fields remaining
2024-07-01 11:10:43,391 - INFO - Now analyzing field ID CA_169006
2024-07-01 11:10:47,384 - INFO - Successful
2024-07-01 11:10:47,384 - INFO - 144 fields remaining
2024-07-01 11:10:47,384 - INFO - Now analyzing field ID CA_149305
2024-07-01 11:10:51,001 - INFO - Successful
2024-07-01 11:10:51,001 - INFO - 143 fields remaining
2024-07-01 11:10:51,001 - INFO - Now analyzing field ID CA_116825
2024-07-01 11:10:55,209 - INFO - Successful
2024-07-01 11:10:55,209 - INFO - 142 fields remaining
2024-07-01 11:10:55,209 - INFO - Now analyzing field ID CA_156542
2024-07-01 11:10:58,727 - INFO - Successful
2024-07-01 11:10:58,727 - INFO - 141 fields remaining
2024-07-01 11:10:58,727 - INFO - Now analyzing field ID CA_27730
2024-07-01 11:11:03,003 - INFO - Successful
2024-07-01 11:11:03,003 - INFO - 140 fields remaining
2024-07-01 11:11:03,003 - INFO - Now analyzing field ID CA_11216
2024-07-01 11:11:07,015 - INFO - Successful
2024-07-01 11:11:07,015 - INFO - 139 fields remaining
2024-07-01 11:11:07,015 - INFO - Now analyzing field ID CA_150636
2024-07-01 11:11:10,737 - INFO - Successful
2024-07-01 11:11:10,737 - INFO - 138 fields remaining
2024-07-01 11:11:10,737 - INFO - Now analyzing field ID CA_225292
2024-07-01 11:11:14,701 - INFO - Successful
2024-07-01 11:11:14,701 - INFO - 137 fields remaining
2024-07-01 11:11:14,701 - INFO - Now analyzing field ID CA_115801
2024-07-01 11:11:18,471 - INFO - Successful
2024-07-01 11:11:18,471 - INFO - 136 fields remaining
2024-07-01 11:11:18,471 - INFO - Now analyzing field ID CA_117389
2024-07-01 11:11:22,412 - INFO - Successful
2024-07-01 11:11:22,412 - INFO - 135 fields remaining
2024-07-01 11:11:22,412 - INFO - Now analyzing field ID CA_152508
2024-07-01 11:11:26,116 - INFO - Successful
2024-07-01 11:11:26,116 - INFO - 134 fields remaining
2024-07-01 11:11:26,116 - INFO - Now analyzing field ID CA_28297
2024-07-01 11:11:29,784 - INFO - Successful
2024-07-01 11:11:29,785 - INFO - 133 fields remaining
2024-07-01 11:11:29,785 - INFO - Now analyzing field ID CA_116294
2024-07-01 11:11:33,551 - INFO - Successful
2024-07-01 11:11:33,551 - INFO - 132 fields remaining
2024-07-01 11:11:33,551 - INFO - Now analyzing field ID CA_151516
2024-07-01 11:11:36,978 - INFO - Successful
2024-07-01 11:11:36,979 - INFO - 131 fields remaining
2024-07-01 11:11:36,979 - INFO - Now analyzing field ID CA_223445
2024-07-01 11:11:38,946 - WARNING - Reattempting request..
2024-07-01 11:11:42,173 - INFO - Successful
2024-07-01 11:11:42,174 - INFO - 130 fields remaining
2024-07-01 11:11:42,174 - INFO - Now analyzing field ID CA_166317
2024-07-01 11:11:45,967 - INFO - Successful
2024-07-01 11:11:45,967 - INFO - 129 fields remaining
2024-07-01 11:11:45,967 - INFO - Now analyzing field ID CA_12291
2024-07-01 11:11:49,520 - INFO - Successful
2024-07-01 11:11:49,520 - INFO - 128 fields remaining
2024-07-01 11:11:49,520 - INFO - Now analyzing field ID CA_25726
2024-07-01 11:11:53,154 - INFO - Successful
2024-07-01 11:11:53,154 - INFO - 127 fields remaining
2024-07-01 11:11:53,154 - INFO - Now analyzing field ID CA_165479
2024-07-01 11:11:56,826 - INFO - Successful
2024-07-01 11:11:56,826 - INFO - 126 fields remaining
2024-07-01 11:11:56,826 - INFO - Now analyzing field ID CA_165275
2024-07-01 11:12:00,136 - INFO - Successful
2024-07-01 11:12:00,136 - INFO - 125 fields remaining
2024-07-01 11:12:00,136 - INFO - Now analyzing field ID CA_165541
2024-07-01 11:12:03,833 - INFO - Successful
2024-07-01 11:12:03,833 - INFO - 124 fields remaining
2024-07-01 11:12:03,833 - INFO - Now analyzing field ID CA_180087
2024-07-01 11:12:07,948 - INFO - Successful
2024-07-01 11:12:07,948 - INFO - 123 fields remaining
2024-07-01 11:12:07,948 - INFO - Now analyzing field ID CA_147819
2024-07-01 11:12:11,347 - INFO - Successful
2024-07-01 11:12:11,347 - INFO - 122 fields remaining
2024-07-01 11:12:11,347 - INFO - Now analyzing field ID CA_213142
2024-07-01 11:12:14,983 - INFO - Successful
2024-07-01 11:12:14,983 - INFO - 121 fields remaining
2024-07-01 11:12:14,983 - INFO - Now analyzing field ID CA_210979
2024-07-01 11:12:18,757 - INFO - Successful
2024-07-01 11:12:18,757 - INFO - 120 fields remaining
2024-07-01 11:12:18,757 - INFO - Now analyzing field ID CA_210817
2024-07-01 11:12:23,625 - INFO - Successful
2024-07-01 11:12:23,625 - INFO - 119 fields remaining
2024-07-01 11:12:23,625 - INFO - Now analyzing field ID CA_210797
2024-07-01 11:12:28,322 - INFO - Successful
2024-07-01 11:12:28,322 - INFO - 118 fields remaining
2024-07-01 11:12:28,324 - INFO - Now analyzing field ID CA_209730
2024-07-01 11:12:31,997 - INFO - Successful
2024-07-01 11:12:31,997 - INFO - 117 fields remaining
2024-07-01 11:12:31,998 - INFO - Now analyzing field ID CA_209424
2024-07-01 11:12:35,263 - INFO - Successful
2024-07-01 11:12:35,263 - INFO - 116 fields remaining
2024-07-01 11:12:35,263 - INFO - Now analyzing field ID CA_177425
2024-07-01 11:12:38,892 - INFO - Successful
2024-07-01 11:12:38,892 - INFO - 115 fields remaining
2024-07-01 11:12:38,892 - INFO - Now analyzing field ID CA_152680
2024-07-01 11:12:42,632 - INFO - Successful
2024-07-01 11:12:42,632 - INFO - 114 fields remaining
2024-07-01 11:12:42,632 - INFO - Now analyzing field ID CA_218705
2024-07-01 11:12:46,614 - INFO - Successful
2024-07-01 11:12:46,614 - INFO - 113 fields remaining
2024-07-01 11:12:46,614 - INFO - Now analyzing field ID CA_181926
2024-07-01 11:12:50,597 - INFO - Successful
2024-07-01 11:12:50,597 - INFO - 112 fields remaining
2024-07-01 11:12:50,597 - INFO - Now analyzing field ID CA_179090
2024-07-01 11:12:54,774 - INFO - Successful
2024-07-01 11:12:54,775 - INFO - 111 fields remaining
2024-07-01 11:12:54,775 - INFO - Now analyzing field ID CA_178583
2024-07-01 11:12:58,370 - INFO - Successful
2024-07-01 11:12:58,370 - INFO - 110 fields remaining
2024-07-01 11:12:58,370 - INFO - Now analyzing field ID CA_178552
2024-07-01 11:13:01,848 - INFO - Successful
2024-07-01 11:13:01,848 - INFO - 109 fields remaining
2024-07-01 11:13:01,848 - INFO - Now analyzing field ID CA_171957
2024-07-01 11:13:05,615 - INFO - Successful
2024-07-01 11:13:05,615 - INFO - 108 fields remaining
2024-07-01 11:13:05,615 - INFO - Now analyzing field ID CA_170091
2024-07-01 11:13:09,449 - INFO - Successful
2024-07-01 11:13:09,449 - INFO - 107 fields remaining
2024-07-01 11:13:09,449 - INFO - Now analyzing field ID CA_167160
2024-07-01 11:13:12,818 - INFO - Successful
2024-07-01 11:13:12,818 - INFO - 106 fields remaining
2024-07-01 11:13:12,818 - INFO - Now analyzing field ID CA_167092
2024-07-01 11:13:16,186 - INFO - Successful
2024-07-01 11:13:16,186 - INFO - 105 fields remaining
2024-07-01 11:13:16,186 - INFO - Now analyzing field ID CA_166718
2024-07-01 11:13:19,532 - INFO - Successful
2024-07-01 11:13:19,532 - INFO - 104 fields remaining
2024-07-01 11:13:19,532 - INFO - Now analyzing field ID CA_163993
2024-07-01 11:13:24,030 - INFO - Successful
2024-07-01 11:13:24,030 - INFO - 103 fields remaining
2024-07-01 11:13:24,030 - INFO - Now analyzing field ID CA_161125
2024-07-01 11:13:27,451 - INFO - Successful
2024-07-01 11:13:27,451 - INFO - 102 fields remaining
2024-07-01 11:13:27,451 - INFO - Now analyzing field ID CA_160405
2024-07-01 11:13:31,448 - INFO - Successful
2024-07-01 11:13:31,448 - INFO - 101 fields remaining
2024-07-01 11:13:31,448 - INFO - Now analyzing field ID CA_160350
2024-07-01 11:13:35,139 - INFO - Successful
2024-07-01 11:13:35,139 - INFO - 100 fields remaining
2024-07-01 11:13:35,139 - INFO - Now analyzing field ID CA_160120
2024-07-01 11:13:38,748 - INFO - Successful
2024-07-01 11:13:38,748 - INFO - 99 fields remaining
2024-07-01 11:13:38,748 - INFO - Now analyzing field ID CA_160028
2024-07-01 11:13:41,880 - INFO - Successful
2024-07-01 11:13:41,880 - INFO - 98 fields remaining
2024-07-01 11:13:41,880 - INFO - Now analyzing field ID CA_159621
2024-07-01 11:13:45,750 - INFO - Successful
2024-07-01 11:13:45,750 - INFO - 97 fields remaining
2024-07-01 11:13:45,750 - INFO - Now analyzing field ID CA_157772
2024-07-01 11:13:49,709 - INFO - Successful
2024-07-01 11:13:49,709 - INFO - 96 fields remaining
2024-07-01 11:13:49,709 - INFO - Now analyzing field ID CA_152516
2024-07-01 11:13:54,251 - INFO - Successful
2024-07-01 11:13:54,251 - INFO - 95 fields remaining
2024-07-01 11:13:54,251 - INFO - Now analyzing field ID CA_166979
2024-07-01 11:13:57,507 - INFO - Successful
2024-07-01 11:13:57,507 - INFO - 94 fields remaining
2024-07-01 11:13:57,507 - INFO - Now analyzing field ID CA_178248
2024-07-01 11:14:01,360 - INFO - Successful
2024-07-01 11:14:01,361 - INFO - 93 fields remaining
2024-07-01 11:14:01,361 - INFO - Now analyzing field ID CA_146308
2024-07-01 11:14:04,781 - INFO - Successful
2024-07-01 11:14:04,781 - INFO - 92 fields remaining
2024-07-01 11:14:04,781 - INFO - Now analyzing field ID CA_149265
2024-07-01 11:14:08,606 - INFO - Successful
2024-07-01 11:14:08,606 - INFO - 91 fields remaining
2024-07-01 11:14:08,606 - INFO - Now analyzing field ID CA_149799
2024-07-01 11:14:12,726 - INFO - Successful
2024-07-01 11:14:12,726 - INFO - 90 fields remaining
2024-07-01 11:14:12,727 - INFO - Now analyzing field ID CA_151019
2024-07-01 11:14:16,560 - INFO - Successful
2024-07-01 11:14:16,560 - INFO - 89 fields remaining
2024-07-01 11:14:16,561 - INFO - Now analyzing field ID CA_150220
2024-07-01 11:14:20,772 - INFO - Successful
2024-07-01 11:14:20,773 - INFO - 88 fields remaining
2024-07-01 11:14:20,773 - INFO - Now analyzing field ID CA_213840
2024-07-01 11:14:24,008 - INFO - Successful
2024-07-01 11:14:24,008 - INFO - 87 fields remaining
2024-07-01 11:14:24,008 - INFO - Now analyzing field ID CA_142793
2024-07-01 11:14:28,173 - INFO - Successful
2024-07-01 11:14:28,173 - INFO - 86 fields remaining
2024-07-01 11:14:28,173 - INFO - Now analyzing field ID CA_182086
2024-07-01 11:14:31,421 - INFO - Successful
2024-07-01 11:14:31,421 - INFO - 85 fields remaining
2024-07-01 11:14:31,422 - INFO - Now analyzing field ID CA_180321
2024-07-01 11:14:36,431 - INFO - Successful
2024-07-01 11:14:36,431 - INFO - 84 fields remaining
2024-07-01 11:14:36,431 - INFO - Now analyzing field ID CA_153170
2024-07-01 11:14:39,963 - INFO - Successful
2024-07-01 11:14:39,963 - INFO - 83 fields remaining
2024-07-01 11:14:39,963 - INFO - Now analyzing field ID CA_187438
2024-07-01 11:14:43,902 - INFO - Successful
2024-07-01 11:14:43,902 - INFO - 82 fields remaining
2024-07-01 11:14:43,903 - INFO - Now analyzing field ID CA_197684
2024-07-01 11:14:48,664 - INFO - Successful
2024-07-01 11:14:48,664 - INFO - 81 fields remaining
2024-07-01 11:14:48,664 - INFO - Now analyzing field ID CA_186949
2024-07-01 11:14:52,047 - INFO - Successful
2024-07-01 11:14:52,047 - INFO - 80 fields remaining
2024-07-01 11:14:52,047 - INFO - Now analyzing field ID CA_213630
2024-07-01 11:14:55,957 - INFO - Successful
2024-07-01 11:14:55,957 - INFO - 79 fields remaining
2024-07-01 11:14:55,957 - INFO - Now analyzing field ID CA_203822
2024-07-01 11:14:59,769 - INFO - Successful
2024-07-01 11:14:59,769 - INFO - 78 fields remaining
2024-07-01 11:14:59,769 - INFO - Now analyzing field ID CA_198018
2024-07-01 11:15:03,557 - INFO - Successful
2024-07-01 11:15:03,557 - INFO - 77 fields remaining
2024-07-01 11:15:03,557 - INFO - Now analyzing field ID CA_186870
2024-07-01 11:15:07,753 - INFO - Successful
2024-07-01 11:15:07,753 - INFO - 76 fields remaining
2024-07-01 11:15:07,754 - INFO - Now analyzing field ID CA_214914
2024-07-01 11:15:11,503 - INFO - Successful
2024-07-01 11:15:11,503 - INFO - 75 fields remaining
2024-07-01 11:15:11,503 - INFO - Now analyzing field ID CA_211378
2024-07-01 11:15:14,841 - INFO - Successful
2024-07-01 11:15:14,842 - INFO - 74 fields remaining
2024-07-01 11:15:14,842 - INFO - Now analyzing field ID CA_199904
2024-07-01 11:15:19,770 - INFO - Successful
2024-07-01 11:15:19,770 - INFO - 73 fields remaining
2024-07-01 11:15:19,770 - INFO - Now analyzing field ID CA_241534
2024-07-01 11:15:24,428 - INFO - Successful
2024-07-01 11:15:24,428 - INFO - 72 fields remaining
2024-07-01 11:15:24,428 - INFO - Now analyzing field ID CA_186283
2024-07-01 11:15:28,860 - INFO - Successful
2024-07-01 11:15:28,860 - INFO - 71 fields remaining
2024-07-01 11:15:28,860 - INFO - Now analyzing field ID CA_242010
2024-07-01 11:15:32,004 - INFO - Successful
2024-07-01 11:15:32,004 - INFO - 70 fields remaining
2024-07-01 11:15:32,004 - INFO - Now analyzing field ID CA_241505
2024-07-01 11:15:35,599 - INFO - Successful
2024-07-01 11:15:35,599 - INFO - 69 fields remaining
2024-07-01 11:15:35,600 - INFO - Now analyzing field ID CA_211137
2024-07-01 11:15:39,417 - INFO - Successful
2024-07-01 11:15:39,417 - INFO - 68 fields remaining
2024-07-01 11:15:39,417 - INFO - Now analyzing field ID CA_204773
2024-07-01 11:15:43,197 - INFO - Successful
2024-07-01 11:15:43,197 - INFO - 67 fields remaining
2024-07-01 11:15:43,197 - INFO - Now analyzing field ID CA_203481
2024-07-01 11:15:46,966 - INFO - Successful
2024-07-01 11:15:46,966 - INFO - 66 fields remaining
2024-07-01 11:15:46,966 - INFO - Now analyzing field ID CA_199886
2024-07-01 11:15:50,451 - INFO - Successful
2024-07-01 11:15:50,451 - INFO - 65 fields remaining
2024-07-01 11:15:50,451 - INFO - Now analyzing field ID CA_199389
2024-07-01 11:15:54,541 - INFO - Successful
2024-07-01 11:15:54,541 - INFO - 64 fields remaining
2024-07-01 11:15:54,541 - INFO - Now analyzing field ID CA_199621
2024-07-01 11:15:59,211 - INFO - Successful
2024-07-01 11:15:59,211 - INFO - 63 fields remaining
2024-07-01 11:15:59,211 - INFO - Now analyzing field ID CA_214741
2024-07-01 11:16:02,194 - INFO - Successful
2024-07-01 11:16:02,195 - INFO - 62 fields remaining
2024-07-01 11:16:02,195 - INFO - Now analyzing field ID CA_214463
2024-07-01 11:16:05,699 - INFO - Successful
2024-07-01 11:16:05,699 - INFO - 61 fields remaining
2024-07-01 11:16:05,699 - INFO - Now analyzing field ID CA_205669
2024-07-01 11:16:09,249 - INFO - Successful
2024-07-01 11:16:09,250 - INFO - 60 fields remaining
2024-07-01 11:16:09,250 - INFO - Now analyzing field ID CA_237235
2024-07-01 11:16:12,746 - INFO - Successful
2024-07-01 11:16:12,747 - INFO - 59 fields remaining
2024-07-01 11:16:12,747 - INFO - Now analyzing field ID CA_218504
2024-07-01 11:16:17,005 - INFO - Successful
2024-07-01 11:16:17,005 - INFO - 58 fields remaining
2024-07-01 11:16:17,005 - INFO - Now analyzing field ID CA_206280
2024-07-01 11:16:21,061 - INFO - Successful
2024-07-01 11:16:21,062 - INFO - 57 fields remaining
2024-07-01 11:16:21,062 - INFO - Now analyzing field ID CA_198392
2024-07-01 11:16:26,674 - INFO - Successful
2024-07-01 11:16:26,674 - INFO - 56 fields remaining
2024-07-01 11:16:26,674 - INFO - Now analyzing field ID CA_218326
2024-07-01 11:16:30,065 - INFO - Successful
2024-07-01 11:16:30,066 - INFO - 55 fields remaining
2024-07-01 11:16:30,066 - INFO - Now analyzing field ID CA_197206
2024-07-01 11:16:33,564 - INFO - Successful
2024-07-01 11:16:33,564 - INFO - 54 fields remaining
2024-07-01 11:16:33,564 - INFO - Now analyzing field ID CA_202362
2024-07-01 11:16:37,592 - INFO - Successful
2024-07-01 11:16:37,593 - INFO - 53 fields remaining
2024-07-01 11:16:37,593 - INFO - Now analyzing field ID CA_197548
2024-07-01 11:16:41,337 - INFO - Successful
2024-07-01 11:16:41,337 - INFO - 52 fields remaining
2024-07-01 11:16:41,337 - INFO - Now analyzing field ID CA_206014
2024-07-01 11:16:44,571 - INFO - Successful
2024-07-01 11:16:44,571 - INFO - 51 fields remaining
2024-07-01 11:16:44,571 - INFO - Now analyzing field ID CA_196350
2024-07-01 11:16:49,564 - INFO - Successful
2024-07-01 11:16:49,564 - INFO - 50 fields remaining
2024-07-01 11:16:49,564 - INFO - Now analyzing field ID CA_196217
2024-07-01 11:16:52,889 - INFO - Successful
2024-07-01 11:16:52,889 - INFO - 49 fields remaining
2024-07-01 11:16:52,889 - INFO - Now analyzing field ID CA_194654
2024-07-01 11:16:57,927 - INFO - Successful
2024-07-01 11:16:57,927 - INFO - 48 fields remaining
2024-07-01 11:16:57,927 - INFO - Now analyzing field ID CA_207336
2024-07-01 11:17:01,574 - INFO - Successful
2024-07-01 11:17:01,574 - INFO - 47 fields remaining
2024-07-01 11:17:01,574 - INFO - Now analyzing field ID CA_207283
2024-07-01 11:17:06,665 - INFO - Successful
2024-07-01 11:17:06,665 - INFO - 46 fields remaining
2024-07-01 11:17:06,665 - INFO - Now analyzing field ID CA_206394
2024-07-01 11:17:10,292 - INFO - Successful
2024-07-01 11:17:10,292 - INFO - 45 fields remaining
2024-07-01 11:17:10,292 - INFO - Now analyzing field ID CA_205074
2024-07-01 11:17:13,859 - INFO - Successful
2024-07-01 11:17:13,860 - INFO - 44 fields remaining
2024-07-01 11:17:13,860 - INFO - Now analyzing field ID CA_201209
2024-07-01 11:17:16,959 - INFO - Successful
2024-07-01 11:17:16,960 - INFO - 43 fields remaining
2024-07-01 11:17:16,960 - INFO - Now analyzing field ID CA_196039
2024-07-01 11:17:20,808 - INFO - Successful
2024-07-01 11:17:20,808 - INFO - 42 fields remaining
2024-07-01 11:17:20,808 - INFO - Now analyzing field ID CA_195552
2024-07-01 11:17:24,894 - INFO - Successful
2024-07-01 11:17:24,894 - INFO - 41 fields remaining
2024-07-01 11:17:24,894 - INFO - Now analyzing field ID CA_195055
2024-07-01 11:17:28,629 - INFO - Successful
2024-07-01 11:17:28,629 - INFO - 40 fields remaining
2024-07-01 11:17:28,629 - INFO - Now analyzing field ID CA_218496
2024-07-01 11:17:31,812 - INFO - Successful
2024-07-01 11:17:31,813 - INFO - 39 fields remaining
2024-07-01 11:17:31,813 - INFO - Now analyzing field ID CA_218428
2024-07-01 11:17:35,368 - INFO - Successful
2024-07-01 11:17:35,369 - INFO - 38 fields remaining
2024-07-01 11:17:35,369 - INFO - Now analyzing field ID CA_185399
2024-07-01 11:17:39,499 - INFO - Successful
2024-07-01 11:17:39,499 - INFO - 37 fields remaining
2024-07-01 11:17:39,499 - INFO - Now analyzing field ID CA_219484
2024-07-01 11:17:44,148 - INFO - Successful
2024-07-01 11:17:44,148 - INFO - 36 fields remaining
2024-07-01 11:17:44,148 - INFO - Now analyzing field ID CA_243548
2024-07-01 11:17:47,700 - INFO - Successful
2024-07-01 11:17:47,700 - INFO - 35 fields remaining
2024-07-01 11:17:47,700 - INFO - Now analyzing field ID CA_240061
2024-07-01 11:17:51,834 - INFO - Successful
2024-07-01 11:17:51,836 - INFO - 34 fields remaining
2024-07-01 11:17:51,836 - INFO - Now analyzing field ID CA_221043
2024-07-01 11:17:55,398 - INFO - Successful
2024-07-01 11:17:55,398 - INFO - 33 fields remaining
2024-07-01 11:17:55,398 - INFO - Now analyzing field ID CA_218007
2024-07-01 11:17:59,293 - INFO - Successful
2024-07-01 11:17:59,293 - INFO - 32 fields remaining
2024-07-01 11:17:59,293 - INFO - Now analyzing field ID CA_216615
2024-07-01 11:18:03,049 - INFO - Successful
2024-07-01 11:18:03,049 - INFO - 31 fields remaining
2024-07-01 11:18:03,049 - INFO - Now analyzing field ID CA_216205
2024-07-01 11:18:06,401 - INFO - Successful
2024-07-01 11:18:06,401 - INFO - 30 fields remaining
2024-07-01 11:18:06,401 - INFO - Now analyzing field ID CA_188282
2024-07-01 11:18:10,835 - INFO - Successful
2024-07-01 11:18:10,835 - INFO - 29 fields remaining
2024-07-01 11:18:10,835 - INFO - Now analyzing field ID CA_188163
2024-07-01 11:18:14,953 - INFO - Successful
2024-07-01 11:18:14,953 - INFO - 28 fields remaining
2024-07-01 11:18:14,953 - INFO - Now analyzing field ID CA_346051
2024-07-01 11:18:18,273 - INFO - Successful
2024-07-01 11:18:18,273 - INFO - 27 fields remaining
2024-07-01 11:18:18,273 - INFO - Now analyzing field ID CA_344981
2024-07-01 11:18:21,847 - INFO - Successful
2024-07-01 11:18:21,847 - INFO - 26 fields remaining
2024-07-01 11:18:21,847 - INFO - Now analyzing field ID CA_192944
2024-07-01 11:18:25,107 - INFO - Successful
2024-07-01 11:18:25,107 - INFO - 25 fields remaining
2024-07-01 11:18:25,107 - INFO - Now analyzing field ID CA_176261
2024-07-01 11:18:28,973 - INFO - Successful
2024-07-01 11:18:28,973 - INFO - 24 fields remaining
2024-07-01 11:18:28,974 - INFO - Now analyzing field ID CA_176246
2024-07-01 11:18:32,945 - INFO - Successful
2024-07-01 11:18:32,945 - INFO - 23 fields remaining
2024-07-01 11:18:32,945 - INFO - Now analyzing field ID CA_176041
2024-07-01 11:18:36,621 - INFO - Successful
2024-07-01 11:18:36,621 - INFO - 22 fields remaining
2024-07-01 11:18:36,621 - INFO - Now analyzing field ID CA_135342
2024-07-01 11:18:40,106 - INFO - Successful
2024-07-01 11:18:40,106 - INFO - 21 fields remaining
2024-07-01 11:18:40,106 - INFO - Now analyzing field ID CA_134803
2024-07-01 11:18:43,432 - INFO - Successful
2024-07-01 11:18:43,433 - INFO - 20 fields remaining
2024-07-01 11:18:43,433 - INFO - Now analyzing field ID CA_134482
2024-07-01 11:18:47,330 - INFO - Successful
2024-07-01 11:18:47,330 - INFO - 19 fields remaining
2024-07-01 11:18:47,330 - INFO - Now analyzing field ID CA_134009
2024-07-01 11:18:51,011 - INFO - Successful
2024-07-01 11:18:51,011 - INFO - 18 fields remaining
2024-07-01 11:18:51,011 - INFO - Now analyzing field ID CA_133883
2024-07-01 11:18:54,560 - INFO - Successful
2024-07-01 11:18:54,561 - INFO - 17 fields remaining
2024-07-01 11:18:54,561 - INFO - Now analyzing field ID CA_133674
2024-07-01 11:18:57,643 - INFO - Successful
2024-07-01 11:18:57,643 - INFO - 16 fields remaining
2024-07-01 11:18:57,643 - INFO - Now analyzing field ID CA_189979
2024-07-01 11:19:00,969 - INFO - Successful
2024-07-01 11:19:00,969 - INFO - 15 fields remaining
2024-07-01 11:19:00,969 - INFO - Now analyzing field ID CA_343782
2024-07-01 11:19:04,167 - INFO - Successful
2024-07-01 11:19:04,167 - INFO - 14 fields remaining
2024-07-01 11:19:04,167 - INFO - Now analyzing field ID CA_240493
2024-07-01 11:19:07,332 - INFO - Successful
2024-07-01 11:19:07,332 - INFO - 13 fields remaining
2024-07-01 11:19:07,332 - INFO - Now analyzing field ID CA_343666
2024-07-01 11:19:10,822 - INFO - Successful
2024-07-01 11:19:10,822 - INFO - 12 fields remaining
2024-07-01 11:19:10,822 - INFO - Now analyzing field ID CA_343221
2024-07-01 11:19:14,679 - INFO - Successful
2024-07-01 11:19:14,679 - INFO - 11 fields remaining
2024-07-01 11:19:14,679 - INFO - Now analyzing field ID CA_343648
2024-07-01 11:19:18,393 - INFO - Successful
2024-07-01 11:19:18,393 - INFO - 10 fields remaining
2024-07-01 11:19:18,393 - INFO - Now analyzing field ID CA_192791
2024-07-01 11:19:21,585 - INFO - Successful
2024-07-01 11:19:21,585 - INFO - 9 fields remaining
2024-07-01 11:19:21,585 - INFO - Now analyzing field ID CA_216236
2024-07-01 11:19:25,477 - INFO - Successful
2024-07-01 11:19:25,477 - INFO - 8 fields remaining
2024-07-01 11:19:25,477 - INFO - Now analyzing field ID CA_222239
2024-07-01 11:19:29,118 - INFO - Successful
2024-07-01 11:19:29,118 - INFO - 7 fields remaining
2024-07-01 11:19:29,118 - INFO - Now analyzing field ID CA_343274
2024-07-01 11:19:32,392 - INFO - Successful
2024-07-01 11:19:32,392 - INFO - 6 fields remaining
2024-07-01 11:19:32,392 - INFO - Now analyzing field ID CA_342781
2024-07-01 11:19:35,720 - INFO - Successful
2024-07-01 11:19:35,720 - INFO - 5 fields remaining
2024-07-01 11:19:35,720 - INFO - Now analyzing field ID CA_344925
2024-07-01 11:19:38,866 - INFO - Successful
2024-07-01 11:19:38,866 - INFO - 4 fields remaining
2024-07-01 11:19:38,866 - INFO - Now analyzing field ID CA_136233
2024-07-01 11:19:42,144 - INFO - Successful
2024-07-01 11:19:42,144 - INFO - 3 fields remaining
2024-07-01 11:19:42,144 - INFO - Now analyzing field ID CA_136312
2024-07-01 11:19:45,600 - INFO - Successful
2024-07-01 11:19:45,600 - INFO - 2 fields remaining
2024-07-01 11:19:45,601 - INFO - Now analyzing field ID CA_343914
2024-07-01 11:19:49,416 - INFO - Successful
2024-07-01 11:19:49,416 - INFO - 1 fields remaining
2024-07-01 11:19:49,416 - INFO - Now analyzing field ID CA_342669
2024-07-01 11:19:53,705 - INFO - Successful
2024-07-01 11:19:53,705 - INFO - 0 fields remaining
2024-07-01 11:19:53,705 - INFO - Finished processing. 0 fields failed.
